Compilation Error
Error: expected ")".
  ╷
4 │ $base_color: if($variant == 'light', rgba(128,128,128,.3);
  │                                                          ^
  ╵
  .config/Adwaita/_colors.scss 4:58            @import
  .config/Adwaita/gtk-contained-dark.scss 3:9  root stylesheet
--------------------
Compilation Error
Error: expected ")".
  ╷
4 │ $base_color: if($variant == 'light', rgba(128,128,128,.3);
  │                                                          ^
  ╵
  .config/Adwaita/_colors.scss 4:58       @import
  .config/Adwaita/gtk-contained.scss 9:9  root stylesheet
--------------------
Compilation Error
Error: Undefined variable.
  ╷
4 │ $base_color: if($variant == 'light', rgba(255,255,255,.5), lighten(desaturate(#241f31, 100%), 2%));
  │                 ^^^^^^^^
  ╵
  .config/Code/User/History/-29307e4e/BoPD.scss 4:17  root stylesheet
--------------------
Compilation Error
Error: expected ")".
  ╷
4 │ $base_color: if($variant == 'light', rgba(128,128,128,.3);
  │                                                          ^
  ╵
  .config/Code/User/History/-29307e4e/EDpp.scss 4:58  root stylesheet
--------------------
Watching...
--------------------
Change detected - 5/23/2024, 8:51:01 AM
_colors.scss
--------------------
Compilation Error
Error: expected ")".
  ╷
4 │ $base_color: if($variant == 'light', rgba(128,128,128,.3);
  │                                                          ^
  ╵
  .config/Adwaita/_colors.scss 4:58            @import
  .config/Adwaita/gtk-contained-dark.scss 3:9  root stylesheet
--------------------
Compilation Error
Error: expected ")".
  ╷
4 │ $base_color: if($variant == 'light', rgba(128,128,128,.3);
  │                                                          ^
  ╵
  .config/Adwaita/_colors.scss 4:58       @import
  .config/Adwaita/gtk-contained.scss 9:9  root stylesheet
--------------------
Compilation Error
Error: Undefined variable.
  ╷
4 │ $base_color: if($variant == 'light', rgba(255,255,255,.5), lighten(desaturate(#241f31, 100%), 2%));
  │                 ^^^^^^^^
  ╵
  .config/Code/User/History/-29307e4e/BoPD.scss 4:17  root stylesheet
--------------------
Compilation Error
Error: expected ")".
  ╷
4 │ $base_color: if($variant == 'light', rgba(128,128,128,.3);
  │                                                          ^
  ╵
  .config/Code/User/History/-29307e4e/EDpp.scss 4:58  root stylesheet
--------------------
Watching...
--------------------
Change detected - 5/23/2024, 8:51:48 AM
_colors.scss
--------------------
Compilation Error
Error: expected ";".
  ╷
4 │ $base_color: if($variant == 'light', rgba(128,128,128,.3)));
  │                                                           ^
  ╵
  .config/Adwaita/_colors.scss 4:59            @import
  .config/Adwaita/gtk-contained-dark.scss 3:9  root stylesheet
--------------------
Compilation Error
Error: expected ";".
  ╷
4 │ $base_color: if($variant == 'light', rgba(128,128,128,.3)));
  │                                                           ^
  ╵
  .config/Adwaita/_colors.scss 4:59       @import
  .config/Adwaita/gtk-contained.scss 9:9  root stylesheet
--------------------
Compilation Error
Error: Undefined variable.
  ╷
4 │ $base_color: if($variant == 'light', rgba(255,255,255,.5), lighten(desaturate(#241f31, 100%), 2%));
  │                 ^^^^^^^^
  ╵
  .config/Code/User/History/-29307e4e/BoPD.scss 4:17  root stylesheet
--------------------
Compilation Error
Error: expected ")".
  ╷
4 │ $base_color: if($variant == 'light', rgba(128,128,128,.3);
  │                                                          ^
  ╵
  .config/Code/User/History/-29307e4e/EDpp.scss 4:58  root stylesheet
--------------------
Compilation Error
Error: expected ";".
  ╷
4 │ $base_color: if($variant == 'light', rgba(128,128,128,.3)));
  │                                                           ^
  ╵
  .config/Code/User/History/-29307e4e/Nlsa.scss 4:59  root stylesheet
--------------------
Watching...
--------------------
Change detected - 5/23/2024, 8:52:03 AM
_colors.scss
--------------------
Compilation Error
Error: Missing argument $if-false.
  ┌──> .config/Adwaita/_colors.scss
4 │ $base_color: if($variant == 'light', rgba(128,128,128,.3));
  │              ^^^^^^^^^^^^^^^^^^^^^^^^^^^^^^^^^^^^^^^^^^^^^ invocation
  ╵
  ╷
1 │ @function if($condition, $if-true, $if-false) {
  │           ━━━━━━━━━━━━━━━━━━━━━━━━━━━━━━━━━━━ declaration
  ╵
  .config/Adwaita/_colors.scss 4:14            @import
  .config/Adwaita/gtk-contained-dark.scss 3:9  root stylesheet
--------------------
Compilation Error
Error: Missing argument $if-false.
  ┌──> .config/Adwaita/_colors.scss
4 │ $base_color: if($variant == 'light', rgba(128,128,128,.3));
  │              ^^^^^^^^^^^^^^^^^^^^^^^^^^^^^^^^^^^^^^^^^^^^^ invocation
  ╵
  ╷
1 │ @function if($condition, $if-true, $if-false) {
  │           ━━━━━━━━━━━━━━━━━━━━━━━━━━━━━━━━━━━ declaration
  ╵
  .config/Adwaita/_colors.scss 4:14       @import
  .config/Adwaita/gtk-contained.scss 9:9  root stylesheet
--------------------
Compilation Error
Error: Undefined variable.
  ╷
4 │ $base_color: if($variant == 'light', rgba(255,255,255,.5), lighten(desaturate(#241f31, 100%), 2%));
  │                 ^^^^^^^^
  ╵
  .config/Code/User/History/-29307e4e/BoPD.scss 4:17  root stylesheet
--------------------
Compilation Error
Error: expected ")".
  ╷
4 │ $base_color: if($variant == 'light', rgba(128,128,128,.3);
  │                                                          ^
  ╵
  .config/Code/User/History/-29307e4e/EDpp.scss 4:58  root stylesheet
--------------------
Compilation Error
Error: expected ";".
  ╷
4 │ $base_color: if($variant == 'light', rgba(128,128,128,.3)));
  │                                                           ^
  ╵
  .config/Code/User/History/-29307e4e/Nlsa.scss 4:59  root stylesheet
--------------------
Compilation Error
Error: Missing argument $if-false.
  ┌──> .config/Code/User/History/-29307e4e/Q552.scss
4 │ $base_color: if($variant == 'light', rgba(128,128,128,.3));
  │              ^^^^^^^^^^^^^^^^^^^^^^^^^^^^^^^^^^^^^^^^^^^^^ invocation
  ╵
  ╷
1 │ @function if($condition, $if-true, $if-false) {
  │           ━━━━━━━━━━━━━━━━━━━━━━━━━━━━━━━━━━━ declaration
  ╵
  .config/Code/User/History/-29307e4e/Q552.scss 4:14  root stylesheet
--------------------
Watching...
--------------------
Change detected - 5/23/2024, 8:53:04 AM
_colors.scss
--------------------
Warning:
Using / for division outside of calc() is deprecated and will be removed in Dart Sass 2.0.0.

Recommendation: math.div(lightness($bg), 100%) or calc(lightness($bg) / 100%)

More info and automated migrator: https://sass-lang.com/d/slash-div
    ╷
128 |  $_lbg: lightness($bg)/100%;
    |        ^...................^
    ╵
file:///home/cyper/.config/Adwaita/_drawing.scss:128:9
THIS IS DEPRECATED AND WILL BE REMOVED IN SASS 2.0
--------------------
Warning:
This operation is parsed as:

    "" + $fg-color

but you may have intended it to mean:

    "" (+$fg-color)

Add a space after + to clarify that it's meant to be a binary operation, or wrap
it in parentheses to make it a unary operation. This will be an error in future
versions of Sass.

More info and automated migrator: https://sass-lang.com/d/strict-unary
  ╷
9 |@define-color theme_fg_color #{"" +$fg_color};
  |                              ^.............^
  ╵
file:///home/cyper/.config/Adwaita/_colors-public.scss:9:31
THIS IS DEPRECATED AND WILL BE REMOVED IN SASS 2.0
--------------------
Warning:
This operation is parsed as:

    "" + $text-color

but you may have intended it to mean:

    "" (+$text-color)

Add a space after + to clarify that it's meant to be a binary operation, or wrap
it in parentheses to make it a unary operation. This will be an error in future
versions of Sass.

More info and automated migrator: https://sass-lang.com/d/strict-unary
   ╷
13 |@define-color theme_text_color #{"" +$text_color};
   |                                ^...............^
   ╵
file:///home/cyper/.config/Adwaita/_colors-public.scss:13:33
THIS IS DEPRECATED AND WILL BE REMOVED IN SASS 2.0
--------------------
Warning:
This operation is parsed as:

    "" + $bg-color

but you may have intended it to mean:

    "" (+$bg-color)

Add a space after + to clarify that it's meant to be a binary operation, or wrap
it in parentheses to make it a unary operation. This will be an error in future
versions of Sass.

More info and automated migrator: https://sass-lang.com/d/strict-unary
   ╷
17 |@define-color theme_bg_color #{"" +$bg_color};
   |                              ^.............^
   ╵
file:///home/cyper/.config/Adwaita/_colors-public.scss:17:31
THIS IS DEPRECATED AND WILL BE REMOVED IN SASS 2.0
--------------------
Warning:
This operation is parsed as:

    "" + $base-color

but you may have intended it to mean:

    "" (+$base-color)

Add a space after + to clarify that it's meant to be a binary operation, or wrap
it in parentheses to make it a unary operation. This will be an error in future
versions of Sass.

More info and automated migrator: https://sass-lang.com/d/strict-unary
   ╷
21 |@define-color theme_base_color #{"" +$base_color};
   |                                ^...............^
   ╵
file:///home/cyper/.config/Adwaita/_colors-public.scss:21:33
THIS IS DEPRECATED AND WILL BE REMOVED IN SASS 2.0
--------------------
Warning:
This operation is parsed as:

    "" + $selected-bg-color

but you may have intended it to mean:

    "" (+$selected-bg-color)

Add a space after + to clarify that it's meant to be a binary operation, or wrap
it in parentheses to make it a unary operation. This will be an error in future
versions of Sass.

More info and automated migrator: https://sass-lang.com/d/strict-unary
   ╷
25 |@define-color theme_selected_bg_color #{"" +$selected_bg_color};
   |                                       ^......................^
   ╵
file:///home/cyper/.config/Adwaita/_colors-public.scss:25:40
THIS IS DEPRECATED AND WILL BE REMOVED IN SASS 2.0
--------------------
Warning:
14 repetitive deprecation warnings omitted.
null
--------------------
Warning:
Using / for division outside of calc() is deprecated and will be removed in Dart Sass 2.0.0.

Recommendation: math.div(lightness($bg), 100%) or calc(lightness($bg) / 100%)

More info and automated migrator: https://sass-lang.com/d/slash-div
    ╷
128 |  $_lbg: lightness($bg)/100%;
    |        ^...................^
    ╵
file:///home/cyper/.config/Adwaita/_drawing.scss:128:9
THIS IS DEPRECATED AND WILL BE REMOVED IN SASS 2.0
--------------------
Warning:
Using / for division outside of calc() is deprecated and will be removed in Dart Sass 2.0.0.

Recommendation: math.div($-lbg, $-lbg * 1.3) or calc($-lbg / ($-lbg * 1.3))

More info and automated migrator: https://sass-lang.com/d/slash-div
    ╷
129 |  @if lightness($tc)<50% { @return transparentize(white, 1-$_lbg/($_lbg*1.3)); }
    |                                                          ^.................^
    ╵
file:///home/cyper/.config/Adwaita/_drawing.scss:129:59
THIS IS DEPRECATED AND WILL BE REMOVED IN SASS 2.0
--------------------
Warning:
This operation is parsed as:

    "" + $fg-color

but you may have intended it to mean:

    "" (+$fg-color)

Add a space after + to clarify that it's meant to be a binary operation, or wrap
it in parentheses to make it a unary operation. This will be an error in future
versions of Sass.

More info and automated migrator: https://sass-lang.com/d/strict-unary
  ╷
9 |@define-color theme_fg_color #{"" +$fg_color};
  |                              ^.............^
  ╵
file:///home/cyper/.config/Adwaita/_colors-public.scss:9:31
THIS IS DEPRECATED AND WILL BE REMOVED IN SASS 2.0
--------------------
Warning:
This operation is parsed as:

    "" + $text-color

but you may have intended it to mean:

    "" (+$text-color)

Add a space after + to clarify that it's meant to be a binary operation, or wrap
it in parentheses to make it a unary operation. This will be an error in future
versions of Sass.

More info and automated migrator: https://sass-lang.com/d/strict-unary
   ╷
13 |@define-color theme_text_color #{"" +$text_color};
   |                                ^...............^
   ╵
file:///home/cyper/.config/Adwaita/_colors-public.scss:13:33
THIS IS DEPRECATED AND WILL BE REMOVED IN SASS 2.0
--------------------
Warning:
This operation is parsed as:

    "" + $bg-color

but you may have intended it to mean:

    "" (+$bg-color)

Add a space after + to clarify that it's meant to be a binary operation, or wrap
it in parentheses to make it a unary operation. This will be an error in future
versions of Sass.

More info and automated migrator: https://sass-lang.com/d/strict-unary
   ╷
17 |@define-color theme_bg_color #{"" +$bg_color};
   |                              ^.............^
   ╵
file:///home/cyper/.config/Adwaita/_colors-public.scss:17:31
THIS IS DEPRECATED AND WILL BE REMOVED IN SASS 2.0
--------------------
Warning:
This operation is parsed as:

    "" + $base-color

but you may have intended it to mean:

    "" (+$base-color)

Add a space after + to clarify that it's meant to be a binary operation, or wrap
it in parentheses to make it a unary operation. This will be an error in future
versions of Sass.

More info and automated migrator: https://sass-lang.com/d/strict-unary
   ╷
21 |@define-color theme_base_color #{"" +$base_color};
   |                                ^...............^
   ╵
file:///home/cyper/.config/Adwaita/_colors-public.scss:21:33
THIS IS DEPRECATED AND WILL BE REMOVED IN SASS 2.0
--------------------
Warning:
This operation is parsed as:

    "" + $selected-bg-color

but you may have intended it to mean:

    "" (+$selected-bg-color)

Add a space after + to clarify that it's meant to be a binary operation, or wrap
it in parentheses to make it a unary operation. This will be an error in future
versions of Sass.

More info and automated migrator: https://sass-lang.com/d/strict-unary
   ╷
25 |@define-color theme_selected_bg_color #{"" +$selected_bg_color};
   |                                       ^......................^
   ╵
file:///home/cyper/.config/Adwaita/_colors-public.scss:25:40
THIS IS DEPRECATED AND WILL BE REMOVED IN SASS 2.0
--------------------
Warning:
14 repetitive deprecation warnings omitted.
null
--------------------
Compilation Error
Error: Undefined variable.
  ╷
4 │ $base_color: if($variant == 'light', rgba(128,128,128,.3), lighten(desaturate(#241f31, 0%), 2%));
  │                 ^^^^^^^^
  ╵
  .config/Code/User/History/-29307e4e/8MDk.scss 4:17  root stylesheet
--------------------
Compilation Error
Error: Undefined variable.
  ╷
4 │ $base_color: if($variant == 'light', rgba(255,255,255,.5), lighten(desaturate(#241f31, 100%), 2%));
  │                 ^^^^^^^^
  ╵
  .config/Code/User/History/-29307e4e/BoPD.scss 4:17  root stylesheet
--------------------
Compilation Error
Error: expected ")".
  ╷
4 │ $base_color: if($variant == 'light', rgba(128,128,128,.3);
  │                                                          ^
  ╵
  .config/Code/User/History/-29307e4e/EDpp.scss 4:58  root stylesheet
--------------------
Compilation Error
Error: expected ";".
  ╷
4 │ $base_color: if($variant == 'light', rgba(128,128,128,.3)));
  │                                                           ^
  ╵
  .config/Code/User/History/-29307e4e/Nlsa.scss 4:59  root stylesheet
--------------------
Compilation Error
Error: Missing argument $if-false.
  ┌──> .config/Code/User/History/-29307e4e/Q552.scss
4 │ $base_color: if($variant == 'light', rgba(128,128,128,.3));
  │              ^^^^^^^^^^^^^^^^^^^^^^^^^^^^^^^^^^^^^^^^^^^^^ invocation
  ╵
  ╷
1 │ @function if($condition, $if-true, $if-false) {
  │           ━━━━━━━━━━━━━━━━━━━━━━━━━━━━━━━━━━━ declaration
  ╵
  .config/Code/User/History/-29307e4e/Q552.scss 4:14  root stylesheet
--------------------
Generated:
/home/cyper/.config/Adwaita/gtk-contained-dark.css.map
/home/cyper/.config/Adwaita/gtk-contained-dark.css
--------------------
Generated:
/home/cyper/.config/Adwaita/gtk-contained.css.map
/home/cyper/.config/Adwaita/gtk-contained.css
--------------------
Watching...
--------------------
Change detected - 5/23/2024, 8:53:26 AM
_colors.scss
--------------------
Warning:
Using / for division outside of calc() is deprecated and will be removed in Dart Sass 2.0.0.

Recommendation: math.div(lightness($bg), 100%) or calc(lightness($bg) / 100%)

More info and automated migrator: https://sass-lang.com/d/slash-div
    ╷
128 |  $_lbg: lightness($bg)/100%;
    |        ^...................^
    ╵
file:///home/cyper/.config/Adwaita/_drawing.scss:128:9
THIS IS DEPRECATED AND WILL BE REMOVED IN SASS 2.0
--------------------
Warning:
This operation is parsed as:

    "" + $fg-color

but you may have intended it to mean:

    "" (+$fg-color)

Add a space after + to clarify that it's meant to be a binary operation, or wrap
it in parentheses to make it a unary operation. This will be an error in future
versions of Sass.

More info and automated migrator: https://sass-lang.com/d/strict-unary
  ╷
9 |@define-color theme_fg_color #{"" +$fg_color};
  |                              ^.............^
  ╵
file:///home/cyper/.config/Adwaita/_colors-public.scss:9:31
THIS IS DEPRECATED AND WILL BE REMOVED IN SASS 2.0
--------------------
Warning:
This operation is parsed as:

    "" + $text-color

but you may have intended it to mean:

    "" (+$text-color)

Add a space after + to clarify that it's meant to be a binary operation, or wrap
it in parentheses to make it a unary operation. This will be an error in future
versions of Sass.

More info and automated migrator: https://sass-lang.com/d/strict-unary
   ╷
13 |@define-color theme_text_color #{"" +$text_color};
   |                                ^...............^
   ╵
file:///home/cyper/.config/Adwaita/_colors-public.scss:13:33
THIS IS DEPRECATED AND WILL BE REMOVED IN SASS 2.0
--------------------
Warning:
This operation is parsed as:

    "" + $bg-color

but you may have intended it to mean:

    "" (+$bg-color)

Add a space after + to clarify that it's meant to be a binary operation, or wrap
it in parentheses to make it a unary operation. This will be an error in future
versions of Sass.

More info and automated migrator: https://sass-lang.com/d/strict-unary
   ╷
17 |@define-color theme_bg_color #{"" +$bg_color};
   |                              ^.............^
   ╵
file:///home/cyper/.config/Adwaita/_colors-public.scss:17:31
THIS IS DEPRECATED AND WILL BE REMOVED IN SASS 2.0
--------------------
Warning:
This operation is parsed as:

    "" + $base-color

but you may have intended it to mean:

    "" (+$base-color)

Add a space after + to clarify that it's meant to be a binary operation, or wrap
it in parentheses to make it a unary operation. This will be an error in future
versions of Sass.

More info and automated migrator: https://sass-lang.com/d/strict-unary
   ╷
21 |@define-color theme_base_color #{"" +$base_color};
   |                                ^...............^
   ╵
file:///home/cyper/.config/Adwaita/_colors-public.scss:21:33
THIS IS DEPRECATED AND WILL BE REMOVED IN SASS 2.0
--------------------
Warning:
This operation is parsed as:

    "" + $selected-bg-color

but you may have intended it to mean:

    "" (+$selected-bg-color)

Add a space after + to clarify that it's meant to be a binary operation, or wrap
it in parentheses to make it a unary operation. This will be an error in future
versions of Sass.

More info and automated migrator: https://sass-lang.com/d/strict-unary
   ╷
25 |@define-color theme_selected_bg_color #{"" +$selected_bg_color};
   |                                       ^......................^
   ╵
file:///home/cyper/.config/Adwaita/_colors-public.scss:25:40
THIS IS DEPRECATED AND WILL BE REMOVED IN SASS 2.0
--------------------
Warning:
14 repetitive deprecation warnings omitted.
null
--------------------
Warning:
Using / for division outside of calc() is deprecated and will be removed in Dart Sass 2.0.0.

Recommendation: math.div(lightness($bg), 100%) or calc(lightness($bg) / 100%)

More info and automated migrator: https://sass-lang.com/d/slash-div
    ╷
128 |  $_lbg: lightness($bg)/100%;
    |        ^...................^
    ╵
file:///home/cyper/.config/Adwaita/_drawing.scss:128:9
THIS IS DEPRECATED AND WILL BE REMOVED IN SASS 2.0
--------------------
Warning:
Using / for division outside of calc() is deprecated and will be removed in Dart Sass 2.0.0.

Recommendation: math.div($-lbg, $-lbg * 1.3) or calc($-lbg / ($-lbg * 1.3))

More info and automated migrator: https://sass-lang.com/d/slash-div
    ╷
129 |  @if lightness($tc)<50% { @return transparentize(white, 1-$_lbg/($_lbg*1.3)); }
    |                                                          ^.................^
    ╵
file:///home/cyper/.config/Adwaita/_drawing.scss:129:59
THIS IS DEPRECATED AND WILL BE REMOVED IN SASS 2.0
--------------------
Warning:
This operation is parsed as:

    "" + $fg-color

but you may have intended it to mean:

    "" (+$fg-color)

Add a space after + to clarify that it's meant to be a binary operation, or wrap
it in parentheses to make it a unary operation. This will be an error in future
versions of Sass.

More info and automated migrator: https://sass-lang.com/d/strict-unary
  ╷
9 |@define-color theme_fg_color #{"" +$fg_color};
  |                              ^.............^
  ╵
file:///home/cyper/.config/Adwaita/_colors-public.scss:9:31
THIS IS DEPRECATED AND WILL BE REMOVED IN SASS 2.0
--------------------
Warning:
This operation is parsed as:

    "" + $text-color

but you may have intended it to mean:

    "" (+$text-color)

Add a space after + to clarify that it's meant to be a binary operation, or wrap
it in parentheses to make it a unary operation. This will be an error in future
versions of Sass.

More info and automated migrator: https://sass-lang.com/d/strict-unary
   ╷
13 |@define-color theme_text_color #{"" +$text_color};
   |                                ^...............^
   ╵
file:///home/cyper/.config/Adwaita/_colors-public.scss:13:33
THIS IS DEPRECATED AND WILL BE REMOVED IN SASS 2.0
--------------------
Warning:
This operation is parsed as:

    "" + $bg-color

but you may have intended it to mean:

    "" (+$bg-color)

Add a space after + to clarify that it's meant to be a binary operation, or wrap
it in parentheses to make it a unary operation. This will be an error in future
versions of Sass.

More info and automated migrator: https://sass-lang.com/d/strict-unary
   ╷
17 |@define-color theme_bg_color #{"" +$bg_color};
   |                              ^.............^
   ╵
file:///home/cyper/.config/Adwaita/_colors-public.scss:17:31
THIS IS DEPRECATED AND WILL BE REMOVED IN SASS 2.0
--------------------
Warning:
This operation is parsed as:

    "" + $base-color

but you may have intended it to mean:

    "" (+$base-color)

Add a space after + to clarify that it's meant to be a binary operation, or wrap
it in parentheses to make it a unary operation. This will be an error in future
versions of Sass.

More info and automated migrator: https://sass-lang.com/d/strict-unary
   ╷
21 |@define-color theme_base_color #{"" +$base_color};
   |                                ^...............^
   ╵
file:///home/cyper/.config/Adwaita/_colors-public.scss:21:33
THIS IS DEPRECATED AND WILL BE REMOVED IN SASS 2.0
--------------------
Warning:
This operation is parsed as:

    "" + $selected-bg-color

but you may have intended it to mean:

    "" (+$selected-bg-color)

Add a space after + to clarify that it's meant to be a binary operation, or wrap
it in parentheses to make it a unary operation. This will be an error in future
versions of Sass.

More info and automated migrator: https://sass-lang.com/d/strict-unary
   ╷
25 |@define-color theme_selected_bg_color #{"" +$selected_bg_color};
   |                                       ^......................^
   ╵
file:///home/cyper/.config/Adwaita/_colors-public.scss:25:40
THIS IS DEPRECATED AND WILL BE REMOVED IN SASS 2.0
--------------------
Warning:
14 repetitive deprecation warnings omitted.
null
--------------------
Compilation Error
Error: Undefined variable.
  ╷
4 │ $base_color: if($variant == 'light', rgba(128,128,128,.3), lighten(desaturate(#241f31, 0%), 2%));
  │                 ^^^^^^^^
  ╵
  .config/Code/User/History/-29307e4e/3AAJ.scss 4:17  root stylesheet
--------------------
Compilation Error
Error: Undefined variable.
  ╷
4 │ $base_color: if($variant == 'light', rgba(128,128,128,.3), lighten(desaturate(#241f31, 0%), 2%));
  │                 ^^^^^^^^
  ╵
  .config/Code/User/History/-29307e4e/8MDk.scss 4:17  root stylesheet
--------------------
Compilation Error
Error: Undefined variable.
  ╷
4 │ $base_color: if($variant == 'light', rgba(255,255,255,.5), lighten(desaturate(#241f31, 100%), 2%));
  │                 ^^^^^^^^
  ╵
  .config/Code/User/History/-29307e4e/BoPD.scss 4:17  root stylesheet
--------------------
Compilation Error
Error: expected ")".
  ╷
4 │ $base_color: if($variant == 'light', rgba(128,128,128,.3);
  │                                                          ^
  ╵
  .config/Code/User/History/-29307e4e/EDpp.scss 4:58  root stylesheet
--------------------
Compilation Error
Error: expected ";".
  ╷
4 │ $base_color: if($variant == 'light', rgba(128,128,128,.3)));
  │                                                           ^
  ╵
  .config/Code/User/History/-29307e4e/Nlsa.scss 4:59  root stylesheet
--------------------
Compilation Error
Error: Missing argument $if-false.
  ┌──> .config/Code/User/History/-29307e4e/Q552.scss
4 │ $base_color: if($variant == 'light', rgba(128,128,128,.3));
  │              ^^^^^^^^^^^^^^^^^^^^^^^^^^^^^^^^^^^^^^^^^^^^^ invocation
  ╵
  ╷
1 │ @function if($condition, $if-true, $if-false) {
  │           ━━━━━━━━━━━━━━━━━━━━━━━━━━━━━━━━━━━ declaration
  ╵
  .config/Code/User/History/-29307e4e/Q552.scss 4:14  root stylesheet
--------------------
Generated:
/home/cyper/.config/Adwaita/gtk-contained-dark.css.map
/home/cyper/.config/Adwaita/gtk-contained-dark.css
--------------------
Generated:
/home/cyper/.config/Adwaita/gtk-contained.css.map
/home/cyper/.config/Adwaita/gtk-contained.css
--------------------
Watching...
--------------------
Change detected - 5/23/2024, 9:19:09 AM
_colors.scss
--------------------
Warning:
Using / for division outside of calc() is deprecated and will be removed in Dart Sass 2.0.0.

Recommendation: math.div(lightness($bg), 100%) or calc(lightness($bg) / 100%)

More info and automated migrator: https://sass-lang.com/d/slash-div
    ╷
128 |  $_lbg: lightness($bg)/100%;
    |        ^...................^
    ╵
file:///home/cyper/.config/Adwaita/_drawing.scss:128:9
THIS IS DEPRECATED AND WILL BE REMOVED IN SASS 2.0
--------------------
Warning:
This operation is parsed as:

    "" + $fg-color

but you may have intended it to mean:

    "" (+$fg-color)

Add a space after + to clarify that it's meant to be a binary operation, or wrap
it in parentheses to make it a unary operation. This will be an error in future
versions of Sass.

More info and automated migrator: https://sass-lang.com/d/strict-unary
  ╷
9 |@define-color theme_fg_color #{"" +$fg_color};
  |                              ^.............^
  ╵
file:///home/cyper/.config/Adwaita/_colors-public.scss:9:31
THIS IS DEPRECATED AND WILL BE REMOVED IN SASS 2.0
--------------------
Warning:
This operation is parsed as:

    "" + $text-color

but you may have intended it to mean:

    "" (+$text-color)

Add a space after + to clarify that it's meant to be a binary operation, or wrap
it in parentheses to make it a unary operation. This will be an error in future
versions of Sass.

More info and automated migrator: https://sass-lang.com/d/strict-unary
   ╷
13 |@define-color theme_text_color #{"" +$text_color};
   |                                ^...............^
   ╵
file:///home/cyper/.config/Adwaita/_colors-public.scss:13:33
THIS IS DEPRECATED AND WILL BE REMOVED IN SASS 2.0
--------------------
Warning:
This operation is parsed as:

    "" + $bg-color

but you may have intended it to mean:

    "" (+$bg-color)

Add a space after + to clarify that it's meant to be a binary operation, or wrap
it in parentheses to make it a unary operation. This will be an error in future
versions of Sass.

More info and automated migrator: https://sass-lang.com/d/strict-unary
   ╷
17 |@define-color theme_bg_color #{"" +$bg_color};
   |                              ^.............^
   ╵
file:///home/cyper/.config/Adwaita/_colors-public.scss:17:31
THIS IS DEPRECATED AND WILL BE REMOVED IN SASS 2.0
--------------------
Warning:
This operation is parsed as:

    "" + $base-color

but you may have intended it to mean:

    "" (+$base-color)

Add a space after + to clarify that it's meant to be a binary operation, or wrap
it in parentheses to make it a unary operation. This will be an error in future
versions of Sass.

More info and automated migrator: https://sass-lang.com/d/strict-unary
   ╷
21 |@define-color theme_base_color #{"" +$base_color};
   |                                ^...............^
   ╵
file:///home/cyper/.config/Adwaita/_colors-public.scss:21:33
THIS IS DEPRECATED AND WILL BE REMOVED IN SASS 2.0
--------------------
Warning:
This operation is parsed as:

    "" + $selected-bg-color

but you may have intended it to mean:

    "" (+$selected-bg-color)

Add a space after + to clarify that it's meant to be a binary operation, or wrap
it in parentheses to make it a unary operation. This will be an error in future
versions of Sass.

More info and automated migrator: https://sass-lang.com/d/strict-unary
   ╷
25 |@define-color theme_selected_bg_color #{"" +$selected_bg_color};
   |                                       ^......................^
   ╵
file:///home/cyper/.config/Adwaita/_colors-public.scss:25:40
THIS IS DEPRECATED AND WILL BE REMOVED IN SASS 2.0
--------------------
Warning:
14 repetitive deprecation warnings omitted.
null
--------------------
Warning:
Using / for division outside of calc() is deprecated and will be removed in Dart Sass 2.0.0.

Recommendation: math.div(lightness($bg), 100%) or calc(lightness($bg) / 100%)

More info and automated migrator: https://sass-lang.com/d/slash-div
    ╷
128 |  $_lbg: lightness($bg)/100%;
    |        ^...................^
    ╵
file:///home/cyper/.config/Adwaita/_drawing.scss:128:9
THIS IS DEPRECATED AND WILL BE REMOVED IN SASS 2.0
--------------------
Warning:
Using / for division outside of calc() is deprecated and will be removed in Dart Sass 2.0.0.

Recommendation: math.div($-lbg, $-lbg * 1.3) or calc($-lbg / ($-lbg * 1.3))

More info and automated migrator: https://sass-lang.com/d/slash-div
    ╷
129 |  @if lightness($tc)<50% { @return transparentize(white, 1-$_lbg/($_lbg*1.3)); }
    |                                                          ^.................^
    ╵
file:///home/cyper/.config/Adwaita/_drawing.scss:129:59
THIS IS DEPRECATED AND WILL BE REMOVED IN SASS 2.0
--------------------
Warning:
This operation is parsed as:

    "" + $fg-color

but you may have intended it to mean:

    "" (+$fg-color)

Add a space after + to clarify that it's meant to be a binary operation, or wrap
it in parentheses to make it a unary operation. This will be an error in future
versions of Sass.

More info and automated migrator: https://sass-lang.com/d/strict-unary
  ╷
9 |@define-color theme_fg_color #{"" +$fg_color};
  |                              ^.............^
  ╵
file:///home/cyper/.config/Adwaita/_colors-public.scss:9:31
THIS IS DEPRECATED AND WILL BE REMOVED IN SASS 2.0
--------------------
Warning:
This operation is parsed as:

    "" + $text-color

but you may have intended it to mean:

    "" (+$text-color)

Add a space after + to clarify that it's meant to be a binary operation, or wrap
it in parentheses to make it a unary operation. This will be an error in future
versions of Sass.

More info and automated migrator: https://sass-lang.com/d/strict-unary
   ╷
13 |@define-color theme_text_color #{"" +$text_color};
   |                                ^...............^
   ╵
file:///home/cyper/.config/Adwaita/_colors-public.scss:13:33
THIS IS DEPRECATED AND WILL BE REMOVED IN SASS 2.0
--------------------
Warning:
This operation is parsed as:

    "" + $bg-color

but you may have intended it to mean:

    "" (+$bg-color)

Add a space after + to clarify that it's meant to be a binary operation, or wrap
it in parentheses to make it a unary operation. This will be an error in future
versions of Sass.

More info and automated migrator: https://sass-lang.com/d/strict-unary
   ╷
17 |@define-color theme_bg_color #{"" +$bg_color};
   |                              ^.............^
   ╵
file:///home/cyper/.config/Adwaita/_colors-public.scss:17:31
THIS IS DEPRECATED AND WILL BE REMOVED IN SASS 2.0
--------------------
Warning:
This operation is parsed as:

    "" + $base-color

but you may have intended it to mean:

    "" (+$base-color)

Add a space after + to clarify that it's meant to be a binary operation, or wrap
it in parentheses to make it a unary operation. This will be an error in future
versions of Sass.

More info and automated migrator: https://sass-lang.com/d/strict-unary
   ╷
21 |@define-color theme_base_color #{"" +$base_color};
   |                                ^...............^
   ╵
file:///home/cyper/.config/Adwaita/_colors-public.scss:21:33
THIS IS DEPRECATED AND WILL BE REMOVED IN SASS 2.0
--------------------
Warning:
This operation is parsed as:

    "" + $selected-bg-color

but you may have intended it to mean:

    "" (+$selected-bg-color)

Add a space after + to clarify that it's meant to be a binary operation, or wrap
it in parentheses to make it a unary operation. This will be an error in future
versions of Sass.

More info and automated migrator: https://sass-lang.com/d/strict-unary
   ╷
25 |@define-color theme_selected_bg_color #{"" +$selected_bg_color};
   |                                       ^......................^
   ╵
file:///home/cyper/.config/Adwaita/_colors-public.scss:25:40
THIS IS DEPRECATED AND WILL BE REMOVED IN SASS 2.0
--------------------
Warning:
14 repetitive deprecation warnings omitted.
null
--------------------
Compilation Error
Error: Undefined variable.
  ╷
4 │ $base_color: if($variant == 'light', rgba(128,128,128,.3), lighten(desaturate(#241f31, 0%), 2%));
  │                 ^^^^^^^^
  ╵
  .config/Code/User/History/-29307e4e/3AAJ.scss 4:17  root stylesheet
--------------------
Compilation Error
Error: Undefined variable.
  ╷
4 │ $base_color: if($variant == 'light', rgba(128,128,128,.3), lighten(desaturate(#241f31, 0%), 2%));
  │                 ^^^^^^^^
  ╵
  .config/Code/User/History/-29307e4e/5NzH.scss 4:17  root stylesheet
--------------------
Compilation Error
Error: Undefined variable.
  ╷
4 │ $base_color: if($variant == 'light', rgba(128,128,128,.3), lighten(desaturate(#241f31, 0%), 2%));
  │                 ^^^^^^^^
  ╵
  .config/Code/User/History/-29307e4e/8MDk.scss 4:17  root stylesheet
--------------------
Compilation Error
Error: Undefined variable.
  ╷
4 │ $base_color: if($variant == 'light', rgba(255,255,255,.5), lighten(desaturate(#241f31, 100%), 2%));
  │                 ^^^^^^^^
  ╵
  .config/Code/User/History/-29307e4e/BoPD.scss 4:17  root stylesheet
--------------------
Compilation Error
Error: expected ")".
  ╷
4 │ $base_color: if($variant == 'light', rgba(128,128,128,.3);
  │                                                          ^
  ╵
  .config/Code/User/History/-29307e4e/EDpp.scss 4:58  root stylesheet
--------------------
Compilation Error
Error: expected ";".
  ╷
4 │ $base_color: if($variant == 'light', rgba(128,128,128,.3)));
  │                                                           ^
  ╵
  .config/Code/User/History/-29307e4e/Nlsa.scss 4:59  root stylesheet
--------------------
Compilation Error
Error: Missing argument $if-false.
  ┌──> .config/Code/User/History/-29307e4e/Q552.scss
4 │ $base_color: if($variant == 'light', rgba(128,128,128,.3));
  │              ^^^^^^^^^^^^^^^^^^^^^^^^^^^^^^^^^^^^^^^^^^^^^ invocation
  ╵
  ╷
1 │ @function if($condition, $if-true, $if-false) {
  │           ━━━━━━━━━━━━━━━━━━━━━━━━━━━━━━━━━━━ declaration
  ╵
  .config/Code/User/History/-29307e4e/Q552.scss 4:14  root stylesheet
--------------------
Generated:
/home/cyper/.config/Adwaita/gtk-contained.css.map
/home/cyper/.config/Adwaita/gtk-contained.css
--------------------
Generated:
/home/cyper/.config/Adwaita/gtk-contained-dark.css.map
/home/cyper/.config/Adwaita/gtk-contained-dark.css
--------------------
Watching...
--------------------
Change detected - 5/23/2024, 9:22:26 AM
_colors.scss
--------------------
Warning:
Using / for division outside of calc() is deprecated and will be removed in Dart Sass 2.0.0.

Recommendation: math.div(lightness($bg), 100%) or calc(lightness($bg) / 100%)

More info and automated migrator: https://sass-lang.com/d/slash-div
    ╷
128 |  $_lbg: lightness($bg)/100%;
    |        ^...................^
    ╵
file:///home/cyper/.config/Adwaita/_drawing.scss:128:9
THIS IS DEPRECATED AND WILL BE REMOVED IN SASS 2.0
--------------------
Warning:
This operation is parsed as:

    "" + $fg-color

but you may have intended it to mean:

    "" (+$fg-color)

Add a space after + to clarify that it's meant to be a binary operation, or wrap
it in parentheses to make it a unary operation. This will be an error in future
versions of Sass.

More info and automated migrator: https://sass-lang.com/d/strict-unary
  ╷
9 |@define-color theme_fg_color #{"" +$fg_color};
  |                              ^.............^
  ╵
file:///home/cyper/.config/Adwaita/_colors-public.scss:9:31
THIS IS DEPRECATED AND WILL BE REMOVED IN SASS 2.0
--------------------
Warning:
This operation is parsed as:

    "" + $text-color

but you may have intended it to mean:

    "" (+$text-color)

Add a space after + to clarify that it's meant to be a binary operation, or wrap
it in parentheses to make it a unary operation. This will be an error in future
versions of Sass.

More info and automated migrator: https://sass-lang.com/d/strict-unary
   ╷
13 |@define-color theme_text_color #{"" +$text_color};
   |                                ^...............^
   ╵
file:///home/cyper/.config/Adwaita/_colors-public.scss:13:33
THIS IS DEPRECATED AND WILL BE REMOVED IN SASS 2.0
--------------------
Warning:
This operation is parsed as:

    "" + $bg-color

but you may have intended it to mean:

    "" (+$bg-color)

Add a space after + to clarify that it's meant to be a binary operation, or wrap
it in parentheses to make it a unary operation. This will be an error in future
versions of Sass.

More info and automated migrator: https://sass-lang.com/d/strict-unary
   ╷
17 |@define-color theme_bg_color #{"" +$bg_color};
   |                              ^.............^
   ╵
file:///home/cyper/.config/Adwaita/_colors-public.scss:17:31
THIS IS DEPRECATED AND WILL BE REMOVED IN SASS 2.0
--------------------
Warning:
This operation is parsed as:

    "" + $base-color

but you may have intended it to mean:

    "" (+$base-color)

Add a space after + to clarify that it's meant to be a binary operation, or wrap
it in parentheses to make it a unary operation. This will be an error in future
versions of Sass.

More info and automated migrator: https://sass-lang.com/d/strict-unary
   ╷
21 |@define-color theme_base_color #{"" +$base_color};
   |                                ^...............^
   ╵
file:///home/cyper/.config/Adwaita/_colors-public.scss:21:33
THIS IS DEPRECATED AND WILL BE REMOVED IN SASS 2.0
--------------------
Warning:
This operation is parsed as:

    "" + $selected-bg-color

but you may have intended it to mean:

    "" (+$selected-bg-color)

Add a space after + to clarify that it's meant to be a binary operation, or wrap
it in parentheses to make it a unary operation. This will be an error in future
versions of Sass.

More info and automated migrator: https://sass-lang.com/d/strict-unary
   ╷
25 |@define-color theme_selected_bg_color #{"" +$selected_bg_color};
   |                                       ^......................^
   ╵
file:///home/cyper/.config/Adwaita/_colors-public.scss:25:40
THIS IS DEPRECATED AND WILL BE REMOVED IN SASS 2.0
--------------------
Warning:
14 repetitive deprecation warnings omitted.
null
--------------------
Warning:
Using / for division outside of calc() is deprecated and will be removed in Dart Sass 2.0.0.

Recommendation: math.div(lightness($bg), 100%) or calc(lightness($bg) / 100%)

More info and automated migrator: https://sass-lang.com/d/slash-div
    ╷
128 |  $_lbg: lightness($bg)/100%;
    |        ^...................^
    ╵
file:///home/cyper/.config/Adwaita/_drawing.scss:128:9
THIS IS DEPRECATED AND WILL BE REMOVED IN SASS 2.0
--------------------
Warning:
Using / for division outside of calc() is deprecated and will be removed in Dart Sass 2.0.0.

Recommendation: math.div($-lbg, $-lbg * 1.3) or calc($-lbg / ($-lbg * 1.3))

More info and automated migrator: https://sass-lang.com/d/slash-div
    ╷
129 |  @if lightness($tc)<50% { @return transparentize(white, 1-$_lbg/($_lbg*1.3)); }
    |                                                          ^.................^
    ╵
file:///home/cyper/.config/Adwaita/_drawing.scss:129:59
THIS IS DEPRECATED AND WILL BE REMOVED IN SASS 2.0
--------------------
Warning:
This operation is parsed as:

    "" + $fg-color

but you may have intended it to mean:

    "" (+$fg-color)

Add a space after + to clarify that it's meant to be a binary operation, or wrap
it in parentheses to make it a unary operation. This will be an error in future
versions of Sass.

More info and automated migrator: https://sass-lang.com/d/strict-unary
  ╷
9 |@define-color theme_fg_color #{"" +$fg_color};
  |                              ^.............^
  ╵
file:///home/cyper/.config/Adwaita/_colors-public.scss:9:31
THIS IS DEPRECATED AND WILL BE REMOVED IN SASS 2.0
--------------------
Warning:
This operation is parsed as:

    "" + $text-color

but you may have intended it to mean:

    "" (+$text-color)

Add a space after + to clarify that it's meant to be a binary operation, or wrap
it in parentheses to make it a unary operation. This will be an error in future
versions of Sass.

More info and automated migrator: https://sass-lang.com/d/strict-unary
   ╷
13 |@define-color theme_text_color #{"" +$text_color};
   |                                ^...............^
   ╵
file:///home/cyper/.config/Adwaita/_colors-public.scss:13:33
THIS IS DEPRECATED AND WILL BE REMOVED IN SASS 2.0
--------------------
Warning:
This operation is parsed as:

    "" + $bg-color

but you may have intended it to mean:

    "" (+$bg-color)

Add a space after + to clarify that it's meant to be a binary operation, or wrap
it in parentheses to make it a unary operation. This will be an error in future
versions of Sass.

More info and automated migrator: https://sass-lang.com/d/strict-unary
   ╷
17 |@define-color theme_bg_color #{"" +$bg_color};
   |                              ^.............^
   ╵
file:///home/cyper/.config/Adwaita/_colors-public.scss:17:31
THIS IS DEPRECATED AND WILL BE REMOVED IN SASS 2.0
--------------------
Warning:
This operation is parsed as:

    "" + $base-color

but you may have intended it to mean:

    "" (+$base-color)

Add a space after + to clarify that it's meant to be a binary operation, or wrap
it in parentheses to make it a unary operation. This will be an error in future
versions of Sass.

More info and automated migrator: https://sass-lang.com/d/strict-unary
   ╷
21 |@define-color theme_base_color #{"" +$base_color};
   |                                ^...............^
   ╵
file:///home/cyper/.config/Adwaita/_colors-public.scss:21:33
THIS IS DEPRECATED AND WILL BE REMOVED IN SASS 2.0
--------------------
Warning:
This operation is parsed as:

    "" + $selected-bg-color

but you may have intended it to mean:

    "" (+$selected-bg-color)

Add a space after + to clarify that it's meant to be a binary operation, or wrap
it in parentheses to make it a unary operation. This will be an error in future
versions of Sass.

More info and automated migrator: https://sass-lang.com/d/strict-unary
   ╷
25 |@define-color theme_selected_bg_color #{"" +$selected_bg_color};
   |                                       ^......................^
   ╵
file:///home/cyper/.config/Adwaita/_colors-public.scss:25:40
THIS IS DEPRECATED AND WILL BE REMOVED IN SASS 2.0
--------------------
Warning:
14 repetitive deprecation warnings omitted.
null
--------------------
Compilation Error
Error: Undefined variable.
  ╷
4 │ $base_color: if($variant == 'light', rgba(128,128,128,.3), lighten(desaturate(#241f31, 0%), 2%));
  │                 ^^^^^^^^
  ╵
  .config/Code/User/History/-29307e4e/3AAJ.scss 4:17  root stylesheet
--------------------
Compilation Error
Error: Undefined variable.
  ╷
4 │ $base_color: if($variant == 'light', rgba(128,128,128,.3), lighten(desaturate(#241f31, 0%), 2%));
  │                 ^^^^^^^^
  ╵
  .config/Code/User/History/-29307e4e/5NzH.scss 4:17  root stylesheet
--------------------
Compilation Error
Error: Undefined variable.
  ╷
4 │ $base_color: if($variant == 'light', rgba(128,128,128,.3), lighten(desaturate(#241f31, 0%), 2%));
  │                 ^^^^^^^^
  ╵
  .config/Code/User/History/-29307e4e/8MDk.scss 4:17  root stylesheet
--------------------
Compilation Error
Error: Undefined variable.
  ╷
4 │ $base_color: if($variant == 'light', rgba(255,255,255,.5), lighten(desaturate(#241f31, 100%), 2%));
  │                 ^^^^^^^^
  ╵
  .config/Code/User/History/-29307e4e/BoPD.scss 4:17  root stylesheet
--------------------
Compilation Error
Error: expected ")".
  ╷
4 │ $base_color: if($variant == 'light', rgba(128,128,128,.3);
  │                                                          ^
  ╵
  .config/Code/User/History/-29307e4e/EDpp.scss 4:58  root stylesheet
--------------------
Compilation Error
Error: expected ";".
  ╷
4 │ $base_color: if($variant == 'light', rgba(128,128,128,.3)));
  │                                                           ^
  ╵
  .config/Code/User/History/-29307e4e/Nlsa.scss 4:59  root stylesheet
--------------------
Compilation Error
Error: Missing argument $if-false.
  ┌──> .config/Code/User/History/-29307e4e/Q552.scss
4 │ $base_color: if($variant == 'light', rgba(128,128,128,.3));
  │              ^^^^^^^^^^^^^^^^^^^^^^^^^^^^^^^^^^^^^^^^^^^^^ invocation
  ╵
  ╷
1 │ @function if($condition, $if-true, $if-false) {
  │           ━━━━━━━━━━━━━━━━━━━━━━━━━━━━━━━━━━━ declaration
  ╵
  .config/Code/User/History/-29307e4e/Q552.scss 4:14  root stylesheet
--------------------
Compilation Error
Error: Undefined variable.
  ╷
4 │ $base_color: if($variant == 'light', rgba(128,128,128,.3), lighten(desaturate(#241f31, 0%), 2%));
  │                 ^^^^^^^^
  ╵
  .config/Code/User/History/-29307e4e/rPwn.scss 4:17  root stylesheet
--------------------
Generated:
/home/cyper/.config/Adwaita/gtk-contained.css.map
/home/cyper/.config/Adwaita/gtk-contained.css
--------------------
Generated:
/home/cyper/.config/Adwaita/gtk-contained-dark.css.map
/home/cyper/.config/Adwaita/gtk-contained-dark.css
--------------------
Watching...
--------------------
Change detected - 5/23/2024, 9:24:09 AM
_colors.scss
--------------------
Warning:
Using / for division outside of calc() is deprecated and will be removed in Dart Sass 2.0.0.

Recommendation: math.div(lightness($bg), 100%) or calc(lightness($bg) / 100%)

More info and automated migrator: https://sass-lang.com/d/slash-div
    ╷
128 |  $_lbg: lightness($bg)/100%;
    |        ^...................^
    ╵
file:///home/cyper/.config/Adwaita/_drawing.scss:128:9
THIS IS DEPRECATED AND WILL BE REMOVED IN SASS 2.0
--------------------
Warning:
This operation is parsed as:

    "" + $fg-color

but you may have intended it to mean:

    "" (+$fg-color)

Add a space after + to clarify that it's meant to be a binary operation, or wrap
it in parentheses to make it a unary operation. This will be an error in future
versions of Sass.

More info and automated migrator: https://sass-lang.com/d/strict-unary
  ╷
9 |@define-color theme_fg_color #{"" +$fg_color};
  |                              ^.............^
  ╵
file:///home/cyper/.config/Adwaita/_colors-public.scss:9:31
THIS IS DEPRECATED AND WILL BE REMOVED IN SASS 2.0
--------------------
Warning:
This operation is parsed as:

    "" + $text-color

but you may have intended it to mean:

    "" (+$text-color)

Add a space after + to clarify that it's meant to be a binary operation, or wrap
it in parentheses to make it a unary operation. This will be an error in future
versions of Sass.

More info and automated migrator: https://sass-lang.com/d/strict-unary
   ╷
13 |@define-color theme_text_color #{"" +$text_color};
   |                                ^...............^
   ╵
file:///home/cyper/.config/Adwaita/_colors-public.scss:13:33
THIS IS DEPRECATED AND WILL BE REMOVED IN SASS 2.0
--------------------
Warning:
This operation is parsed as:

    "" + $bg-color

but you may have intended it to mean:

    "" (+$bg-color)

Add a space after + to clarify that it's meant to be a binary operation, or wrap
it in parentheses to make it a unary operation. This will be an error in future
versions of Sass.

More info and automated migrator: https://sass-lang.com/d/strict-unary
   ╷
17 |@define-color theme_bg_color #{"" +$bg_color};
   |                              ^.............^
   ╵
file:///home/cyper/.config/Adwaita/_colors-public.scss:17:31
THIS IS DEPRECATED AND WILL BE REMOVED IN SASS 2.0
--------------------
Warning:
This operation is parsed as:

    "" + $base-color

but you may have intended it to mean:

    "" (+$base-color)

Add a space after + to clarify that it's meant to be a binary operation, or wrap
it in parentheses to make it a unary operation. This will be an error in future
versions of Sass.

More info and automated migrator: https://sass-lang.com/d/strict-unary
   ╷
21 |@define-color theme_base_color #{"" +$base_color};
   |                                ^...............^
   ╵
file:///home/cyper/.config/Adwaita/_colors-public.scss:21:33
THIS IS DEPRECATED AND WILL BE REMOVED IN SASS 2.0
--------------------
Warning:
This operation is parsed as:

    "" + $selected-bg-color

but you may have intended it to mean:

    "" (+$selected-bg-color)

Add a space after + to clarify that it's meant to be a binary operation, or wrap
it in parentheses to make it a unary operation. This will be an error in future
versions of Sass.

More info and automated migrator: https://sass-lang.com/d/strict-unary
   ╷
25 |@define-color theme_selected_bg_color #{"" +$selected_bg_color};
   |                                       ^......................^
   ╵
file:///home/cyper/.config/Adwaita/_colors-public.scss:25:40
THIS IS DEPRECATED AND WILL BE REMOVED IN SASS 2.0
--------------------
Warning:
14 repetitive deprecation warnings omitted.
null
--------------------
Warning:
Using / for division outside of calc() is deprecated and will be removed in Dart Sass 2.0.0.

Recommendation: math.div(lightness($bg), 100%) or calc(lightness($bg) / 100%)

More info and automated migrator: https://sass-lang.com/d/slash-div
    ╷
128 |  $_lbg: lightness($bg)/100%;
    |        ^...................^
    ╵
file:///home/cyper/.config/Adwaita/_drawing.scss:128:9
THIS IS DEPRECATED AND WILL BE REMOVED IN SASS 2.0
--------------------
Warning:
Using / for division outside of calc() is deprecated and will be removed in Dart Sass 2.0.0.

Recommendation: math.div($-lbg, $-lbg * 1.3) or calc($-lbg / ($-lbg * 1.3))

More info and automated migrator: https://sass-lang.com/d/slash-div
    ╷
129 |  @if lightness($tc)<50% { @return transparentize(white, 1-$_lbg/($_lbg*1.3)); }
    |                                                          ^.................^
    ╵
file:///home/cyper/.config/Adwaita/_drawing.scss:129:59
THIS IS DEPRECATED AND WILL BE REMOVED IN SASS 2.0
--------------------
Warning:
This operation is parsed as:

    "" + $fg-color

but you may have intended it to mean:

    "" (+$fg-color)

Add a space after + to clarify that it's meant to be a binary operation, or wrap
it in parentheses to make it a unary operation. This will be an error in future
versions of Sass.

More info and automated migrator: https://sass-lang.com/d/strict-unary
  ╷
9 |@define-color theme_fg_color #{"" +$fg_color};
  |                              ^.............^
  ╵
file:///home/cyper/.config/Adwaita/_colors-public.scss:9:31
THIS IS DEPRECATED AND WILL BE REMOVED IN SASS 2.0
--------------------
Warning:
This operation is parsed as:

    "" + $text-color

but you may have intended it to mean:

    "" (+$text-color)

Add a space after + to clarify that it's meant to be a binary operation, or wrap
it in parentheses to make it a unary operation. This will be an error in future
versions of Sass.

More info and automated migrator: https://sass-lang.com/d/strict-unary
   ╷
13 |@define-color theme_text_color #{"" +$text_color};
   |                                ^...............^
   ╵
file:///home/cyper/.config/Adwaita/_colors-public.scss:13:33
THIS IS DEPRECATED AND WILL BE REMOVED IN SASS 2.0
--------------------
Warning:
This operation is parsed as:

    "" + $bg-color

but you may have intended it to mean:

    "" (+$bg-color)

Add a space after + to clarify that it's meant to be a binary operation, or wrap
it in parentheses to make it a unary operation. This will be an error in future
versions of Sass.

More info and automated migrator: https://sass-lang.com/d/strict-unary
   ╷
17 |@define-color theme_bg_color #{"" +$bg_color};
   |                              ^.............^
   ╵
file:///home/cyper/.config/Adwaita/_colors-public.scss:17:31
THIS IS DEPRECATED AND WILL BE REMOVED IN SASS 2.0
--------------------
Warning:
This operation is parsed as:

    "" + $base-color

but you may have intended it to mean:

    "" (+$base-color)

Add a space after + to clarify that it's meant to be a binary operation, or wrap
it in parentheses to make it a unary operation. This will be an error in future
versions of Sass.

More info and automated migrator: https://sass-lang.com/d/strict-unary
   ╷
21 |@define-color theme_base_color #{"" +$base_color};
   |                                ^...............^
   ╵
file:///home/cyper/.config/Adwaita/_colors-public.scss:21:33
THIS IS DEPRECATED AND WILL BE REMOVED IN SASS 2.0
--------------------
Warning:
This operation is parsed as:

    "" + $selected-bg-color

but you may have intended it to mean:

    "" (+$selected-bg-color)

Add a space after + to clarify that it's meant to be a binary operation, or wrap
it in parentheses to make it a unary operation. This will be an error in future
versions of Sass.

More info and automated migrator: https://sass-lang.com/d/strict-unary
   ╷
25 |@define-color theme_selected_bg_color #{"" +$selected_bg_color};
   |                                       ^......................^
   ╵
file:///home/cyper/.config/Adwaita/_colors-public.scss:25:40
THIS IS DEPRECATED AND WILL BE REMOVED IN SASS 2.0
--------------------
Warning:
14 repetitive deprecation warnings omitted.
null
--------------------
Compilation Error
Error: Undefined variable.
  ╷
4 │ $base_color: if($variant == 'light', rgba(128,128,128,.3), lighten(desaturate(#241f31, 0%), 2%));
  │                 ^^^^^^^^
  ╵
  .config/Code/User/History/-29307e4e/3AAJ.scss 4:17  root stylesheet
--------------------
Compilation Error
Error: Undefined variable.
  ╷
4 │ $base_color: if($variant == 'light', rgba(128,128,128,.3), lighten(desaturate(#241f31, 0%), 2%));
  │                 ^^^^^^^^
  ╵
  .config/Code/User/History/-29307e4e/5NzH.scss 4:17  root stylesheet
--------------------
Compilation Error
Error: Undefined variable.
  ╷
4 │ $base_color: if($variant == 'light', rgba(128,128,128,.3), lighten(desaturate(#241f31, 0%), 2%));
  │                 ^^^^^^^^
  ╵
  .config/Code/User/History/-29307e4e/8MDk.scss 4:17  root stylesheet
--------------------
Compilation Error
Error: Undefined variable.
  ╷
4 │ $base_color: if($variant == 'light', rgba(255,255,255,.5), lighten(desaturate(#241f31, 100%), 2%));
  │                 ^^^^^^^^
  ╵
  .config/Code/User/History/-29307e4e/BoPD.scss 4:17  root stylesheet
--------------------
Compilation Error
Error: expected ")".
  ╷
4 │ $base_color: if($variant == 'light', rgba(128,128,128,.3);
  │                                                          ^
  ╵
  .config/Code/User/History/-29307e4e/EDpp.scss 4:58  root stylesheet
--------------------
Compilation Error
Error: expected ";".
  ╷
4 │ $base_color: if($variant == 'light', rgba(128,128,128,.3)));
  │                                                           ^
  ╵
  .config/Code/User/History/-29307e4e/Nlsa.scss 4:59  root stylesheet
--------------------
Compilation Error
Error: Missing argument $if-false.
  ┌──> .config/Code/User/History/-29307e4e/Q552.scss
4 │ $base_color: if($variant == 'light', rgba(128,128,128,.3));
  │              ^^^^^^^^^^^^^^^^^^^^^^^^^^^^^^^^^^^^^^^^^^^^^ invocation
  ╵
  ╷
1 │ @function if($condition, $if-true, $if-false) {
  │           ━━━━━━━━━━━━━━━━━━━━━━━━━━━━━━━━━━━ declaration
  ╵
  .config/Code/User/History/-29307e4e/Q552.scss 4:14  root stylesheet
--------------------
Compilation Error
Error: Undefined variable.
  ╷
4 │ $base_color: if($variant == 'light', rgba(128,128,128,.3), lighten(desaturate(#241f31, 0%), 2%));
  │                 ^^^^^^^^
  ╵
  .config/Code/User/History/-29307e4e/piYr.scss 4:17  root stylesheet
--------------------
Compilation Error
Error: Undefined variable.
  ╷
4 │ $base_color: if($variant == 'light', rgba(128,128,128,.3), lighten(desaturate(#241f31, 0%), 2%));
  │                 ^^^^^^^^
  ╵
  .config/Code/User/History/-29307e4e/rPwn.scss 4:17  root stylesheet
--------------------
Generated:
/home/cyper/.config/Adwaita/gtk-contained.css.map
/home/cyper/.config/Adwaita/gtk-contained.css
--------------------
Generated:
/home/cyper/.config/Adwaita/gtk-contained-dark.css.map
/home/cyper/.config/Adwaita/gtk-contained-dark.css
--------------------
Watching...
--------------------
