2024-05-13 06:39:50.545 [info] Added views:workbench.panel.markers.view in workbench.panel.markers
2024-05-13 06:39:50.545 [info] Added views:workbench.panel.output in workbench.panel.output
2024-05-13 06:39:50.545 [info] Added views:terminal in terminal
2024-05-13 06:39:50.545 [info] Added views:outline in workbench.view.explorer
2024-05-13 06:39:50.545 [info] Added views:workbench.scm in workbench.view.scm
2024-05-13 06:39:50.545 [info] Added views:workbench.view.search in workbench.view.search
2024-05-13 06:39:50.545 [info] Added views:timeline in workbench.view.explorer
2024-05-13 06:39:50.545 [info] Added views:workbench.explorer.fileView in workbench.view.explorer
2024-05-13 06:39:50.984 [info] Added views:workbench.debug.welcome in workbench.view.debug
2024-05-13 06:39:51.645 [info] Added views:workbench.panel.repl.view in workbench.panel.repl
2024-05-13 06:39:52.633 [info] Added views:~remote.forwardedPorts in ~remote.forwardedPortsContainer
2024-05-13 07:34:50.138 [info] Added views:workbench.panel.markers.view in workbench.panel.markers
2024-05-13 07:34:50.138 [info] Added views:workbench.panel.output in workbench.panel.output
2024-05-13 07:34:50.138 [info] Added views:terminal in terminal
2024-05-13 07:34:50.138 [info] Added views:outline in workbench.view.explorer
2024-05-13 07:34:50.138 [info] Added views:workbench.scm in workbench.view.scm
2024-05-13 07:34:50.138 [info] Added views:workbench.view.search in workbench.view.search
2024-05-13 07:34:50.138 [info] Added views:timeline in workbench.view.explorer
2024-05-13 07:34:50.138 [info] Added views:workbench.explorer.fileView in workbench.view.explorer
2024-05-13 07:34:50.675 [info] Added views:workbench.debug.welcome in workbench.view.debug
2024-05-13 07:34:50.701 [info] Added views:workbench.panel.repl.view in workbench.panel.repl
2024-05-13 07:34:51.157 [info] Added views:~remote.forwardedPorts in ~remote.forwardedPortsContainer
2024-05-13 07:46:45.582 [info] Added views:workbench.views.extensions.installed,workbench.views.extensions.popular,extensions.recommendedList in workbench.view.extensions
2024-05-13 07:46:45.587 [info] Removed views:workbench.views.extensions.popular from workbench.view.extensions
2024-05-13 08:31:14.927 [info] Added views:workbench.panel.markers.view in workbench.panel.markers
2024-05-13 08:31:14.927 [info] Added views:workbench.panel.output in workbench.panel.output
2024-05-13 08:31:14.927 [info] Added views:terminal in terminal
2024-05-13 08:31:14.927 [info] Added views:outline in workbench.view.explorer
2024-05-13 08:31:14.927 [info] Added views:workbench.scm in workbench.view.scm
2024-05-13 08:31:14.927 [info] Added views:workbench.view.search in workbench.view.search
2024-05-13 08:31:14.927 [info] Added views:timeline in workbench.view.explorer
2024-05-13 08:31:14.927 [info] Added views:workbench.explorer.fileView in workbench.view.explorer
2024-05-13 08:31:15.233 [info] Added views:workbench.debug.welcome in workbench.view.debug
2024-05-13 08:31:16.075 [info] Added views:workbench.panel.repl.view in workbench.panel.repl
2024-05-13 08:31:17.217 [info] Added views:~remote.forwardedPorts in ~remote.forwardedPortsContainer
