2024-05-01 07:36:35.204 [info] Log level: Info
2024-05-01 07:36:35.204 [info] Validating found git in: "git"
2024-05-01 07:36:35.204 [info] Using git "2.44.0" from "git"
2024-05-01 07:36:35.204 [info] > git rev-parse --show-toplevel [6ms]
2024-05-01 07:36:35.204 [info] fatal: not a git repository (or any of the parent directories): .git
2024-05-01 07:36:35.204 [info] > git rev-parse --show-toplevel [5ms]
2024-05-01 07:36:35.204 [info] fatal: not a git repository (or any of the parent directories): .git
2024-05-01 07:36:35.204 [info] > git rev-parse --show-toplevel [2ms]
2024-05-01 07:36:35.204 [info] fatal: not a git repository (or any of the parent directories): .git
2024-05-01 07:36:35.210 [info] > git rev-parse --show-toplevel [2ms]
2024-05-01 07:36:35.210 [info] fatal: not a git repository (or any of the parent directories): .git
2024-05-01 07:36:35.217 [info] > git rev-parse --show-toplevel [2ms]
2024-05-01 07:36:35.217 [info] fatal: not a git repository (or any of the parent directories): .git
2024-05-01 07:36:35.236 [info] > git rev-parse --show-toplevel [14ms]
2024-05-01 07:36:35.236 [info] fatal: not a git repository (or any of the parent directories): .git
2024-05-01 07:36:35.255 [info] > git rev-parse --show-toplevel [9ms]
2024-05-01 07:36:35.255 [info] fatal: not a git repository (or any of the parent directories): .git
2024-05-01 07:36:35.263 [info] > git rev-parse --show-toplevel [2ms]
2024-05-01 07:36:35.263 [info] fatal: not a git repository (or any of the parent directories): .git
2024-05-01 07:36:35.287 [info] > git rev-parse --show-toplevel [7ms]
2024-05-01 07:36:35.287 [info] fatal: not a git repository (or any of the parent directories): .git
2024-05-01 07:36:35.294 [info] > git rev-parse --show-toplevel [2ms]
2024-05-01 07:36:35.294 [info] fatal: not a git repository (or any of the parent directories): .git
2024-05-01 07:36:35.299 [info] > git rev-parse --show-toplevel [1ms]
2024-05-01 07:36:35.299 [info] fatal: not a git repository (or any of the parent directories): .git
2024-05-01 07:36:35.305 [info] > git rev-parse --show-toplevel [2ms]
2024-05-01 07:36:35.305 [info] fatal: not a git repository (or any of the parent directories): .git
2024-05-01 07:36:35.310 [info] > git rev-parse --show-toplevel [1ms]
2024-05-01 07:36:35.311 [info] fatal: not a git repository (or any of the parent directories): .git
2024-05-01 07:36:35.316 [info] > git rev-parse --show-toplevel [1ms]
2024-05-01 07:36:35.316 [info] fatal: not a git repository (or any of the parent directories): .git
2024-05-01 07:36:35.323 [info] > git rev-parse --show-toplevel [2ms]
2024-05-01 07:36:35.323 [info] fatal: not a git repository (or any of the parent directories): .git
2024-05-01 07:36:35.330 [info] > git rev-parse --show-toplevel [2ms]
2024-05-01 07:36:35.330 [info] fatal: not a git repository (or any of the parent directories): .git
2024-05-01 07:36:35.336 [info] > git rev-parse --show-toplevel [1ms]
2024-05-01 07:36:35.336 [info] fatal: not a git repository (or any of the parent directories): .git
2024-05-01 07:36:35.345 [info] > git rev-parse --show-toplevel [6ms]
2024-05-01 07:36:35.346 [info] fatal: not a git repository (or any of the parent directories): .git
2024-05-01 07:36:35.351 [info] > git rev-parse --show-toplevel [2ms]
2024-05-01 07:36:35.351 [info] fatal: not a git repository (or any of the parent directories): .git
2024-05-01 07:36:35.357 [info] > git rev-parse --show-toplevel [2ms]
2024-05-01 07:36:35.357 [info] fatal: not a git repository (or any of the parent directories): .git
2024-05-01 07:36:35.363 [info] > git rev-parse --show-toplevel [2ms]
2024-05-01 07:36:35.363 [info] fatal: not a git repository (or any of the parent directories): .git
2024-05-01 07:36:35.369 [info] > git rev-parse --show-toplevel [1ms]
2024-05-01 07:36:35.369 [info] fatal: not a git repository (or any of the parent directories): .git
2024-05-01 07:36:35.375 [info] > git rev-parse --show-toplevel [1ms]
2024-05-01 07:36:35.375 [info] fatal: not a git repository (or any of the parent directories): .git
2024-05-01 07:36:35.382 [info] > git rev-parse --show-toplevel [2ms]
2024-05-01 07:36:35.382 [info] fatal: not a git repository (or any of the parent directories): .git
2024-05-01 07:36:35.387 [info] > git rev-parse --show-toplevel [2ms]
2024-05-01 07:36:35.387 [info] fatal: not a git repository (or any of the parent directories): .git
2024-05-01 07:36:35.641 [info] > git rev-parse --show-toplevel [2ms]
2024-05-01 07:36:35.641 [info] fatal: not a git repository (or any of the parent directories): .git
