2024-05-12 05:25:32.072 [info] Added views:workbench.panel.markers.view in workbench.panel.markers
2024-05-12 05:25:32.072 [info] Added views:workbench.panel.output in workbench.panel.output
2024-05-12 05:25:32.072 [info] Added views:terminal in terminal
2024-05-12 05:25:32.072 [info] Added views:outline in workbench.view.explorer
2024-05-12 05:25:32.072 [info] Added views:workbench.scm in workbench.view.scm
2024-05-12 05:25:32.072 [info] Added views:workbench.view.search in workbench.view.search
2024-05-12 05:25:32.072 [info] Added views:timeline in workbench.view.explorer
2024-05-12 05:25:32.072 [info] Added views:workbench.explorer.fileView in workbench.view.explorer
2024-05-12 05:25:32.458 [info] Added views:workbench.debug.welcome in workbench.view.debug
2024-05-12 05:25:33.377 [info] Added views:workbench.panel.repl.view in workbench.panel.repl
2024-05-12 05:25:35.108 [info] Added views:~remote.forwardedPorts in ~remote.forwardedPortsContainer
2024-05-12 17:49:01.885 [info] Added views:workbench.panel.markers.view in workbench.panel.markers
2024-05-12 17:49:01.885 [info] Added views:workbench.panel.output in workbench.panel.output
2024-05-12 17:49:01.885 [info] Added views:terminal in terminal
2024-05-12 17:49:01.885 [info] Added views:outline in workbench.view.explorer
2024-05-12 17:49:01.885 [info] Added views:workbench.scm in workbench.view.scm
2024-05-12 17:49:01.885 [info] Added views:workbench.view.search in workbench.view.search
2024-05-12 17:49:01.885 [info] Added views:timeline in workbench.view.explorer
2024-05-12 17:49:01.885 [info] Added views:workbench.explorer.fileView in workbench.view.explorer
2024-05-12 17:49:03.862 [info] Added views:workbench.debug.welcome in workbench.view.debug
2024-05-12 17:49:05.432 [info] Added views:workbench.panel.repl.view in workbench.panel.repl
2024-05-12 17:49:06.382 [info] Added views:~remote.forwardedPorts in ~remote.forwardedPortsContainer
2024-05-12 17:50:57.725 [info] Added views:workbench.panel.markers.view in workbench.panel.markers
2024-05-12 17:50:57.725 [info] Added views:workbench.panel.output in workbench.panel.output
2024-05-12 17:50:57.725 [info] Added views:terminal in terminal
2024-05-12 17:50:57.725 [info] Added views:outline in workbench.view.explorer
2024-05-12 17:50:57.725 [info] Added views:workbench.scm in workbench.view.scm
2024-05-12 17:50:57.725 [info] Added views:workbench.view.search in workbench.view.search
2024-05-12 17:50:57.725 [info] Added views:timeline in workbench.view.explorer
2024-05-12 17:50:57.725 [info] Added views:workbench.explorer.fileView in workbench.view.explorer
2024-05-12 17:50:58.262 [info] Added views:workbench.debug.variablesView,workbench.debug.watchExpressionsView,workbench.debug.callStackView,workbench.debug.breakPointsView in workbench.view.debug
2024-05-12 17:50:58.474 [info] Added views:workbench.panel.repl.view in workbench.panel.repl
2024-05-12 17:50:58.477 [info] Removed views:workbench.debug.breakPointsView,workbench.debug.callStackView,workbench.debug.watchExpressionsView,workbench.debug.variablesView from workbench.view.debug
2024-05-12 17:50:58.479 [info] Added views:workbench.debug.welcome in workbench.view.debug
2024-05-12 17:50:58.676 [info] Added views:~remote.forwardedPorts in ~remote.forwardedPortsContainer
2024-05-13 06:38:28.457 [info] Added views:workbench.panel.markers.view in workbench.panel.markers
2024-05-13 06:38:28.457 [info] Added views:workbench.panel.output in workbench.panel.output
2024-05-13 06:38:28.457 [info] Added views:terminal in terminal
2024-05-13 06:38:28.457 [info] Added views:outline in workbench.view.explorer
2024-05-13 06:38:28.457 [info] Added views:workbench.scm in workbench.view.scm
2024-05-13 06:38:28.457 [info] Added views:workbench.view.search in workbench.view.search
2024-05-13 06:38:28.457 [info] Added views:timeline in workbench.view.explorer
2024-05-13 06:38:28.457 [info] Added views:workbench.explorer.fileView in workbench.view.explorer
2024-05-13 06:38:28.669 [info] Added views:workbench.debug.welcome in workbench.view.debug
2024-05-13 06:38:29.464 [info] Added views:workbench.panel.repl.view in workbench.panel.repl
2024-05-13 06:38:30.648 [info] Added views:~remote.forwardedPorts in ~remote.forwardedPortsContainer
