2024-05-16 05:07:41.738 [info] Log level: Info
2024-05-16 05:07:41.738 [info] Validating found git in: "git"
2024-05-16 05:07:41.738 [info] Using git "2.45.1" from "git"
2024-05-16 05:07:41.738 [info] > git rev-parse --show-toplevel [21ms]
2024-05-16 05:07:41.738 [info] > git rev-parse --git-dir --git-common-dir [25ms]
2024-05-16 05:07:41.738 [info] Open repository: /home/cyper/.config
2024-05-16 05:07:41.894 [info] > git rev-parse --show-toplevel [146ms]
2024-05-16 05:07:41.895 [info] > git config --get commit.template [151ms]
2024-05-16 05:07:41.933 [info] > git rev-parse --show-toplevel [26ms]
2024-05-16 05:07:41.938 [info] > git rev-parse --show-toplevel [2ms]
2024-05-16 05:07:41.944 [info] > git rev-parse --show-toplevel [3ms]
2024-05-16 05:07:41.950 [info] > git rev-parse --show-toplevel [2ms]
2024-05-16 05:07:41.955 [info] > git for-each-ref --format=%(refname)%00%(upstream:short)%00%(objectname)%00%(upstream:track)%00%(upstream:remotename)%00%(upstream:remoteref) refs/heads/main refs/remotes/main [24ms]
2024-05-16 05:07:41.956 [info] > git rev-parse --show-toplevel [3ms]
2024-05-16 05:07:41.967 [info] > git rev-parse --show-toplevel [7ms]
2024-05-16 05:07:41.973 [info] > git rev-parse --show-toplevel [3ms]
2024-05-16 05:07:41.979 [info] > git rev-parse --show-toplevel [2ms]
2024-05-16 05:07:41.986 [info] > git rev-parse --show-toplevel [2ms]
2024-05-16 05:07:41.992 [info] > git rev-parse --show-toplevel [1ms]
2024-05-16 05:07:41.997 [info] > git rev-parse --show-toplevel [1ms]
2024-05-16 05:07:42.002 [info] > git status -z -uall [36ms]
2024-05-16 05:07:42.029 [info] > git merge-base refs/heads/main refs/remotes/origin/main [20ms]
2024-05-16 05:07:42.035 [info] > git rev-parse --show-toplevel [35ms]
2024-05-16 05:07:42.042 [info] > git config --get commit.template [13ms]
2024-05-16 05:07:42.043 [info] > git rev-parse --show-toplevel [2ms]
2024-05-16 05:07:42.044 [info] > git rev-list --count --left-right refs/heads/main...refs/remotes/origin/main [10ms]
2024-05-16 05:07:42.060 [info] > git for-each-ref --format=%(refname)%00%(upstream:short)%00%(objectname)%00%(upstream:track)%00%(upstream:remotename)%00%(upstream:remoteref) refs/heads/main refs/remotes/main [5ms]
2024-05-16 05:07:42.066 [info] > git diff --name-status -z --diff-filter=ADMR a48ad9f78cfafc31918a383140e0d74241d40561...refs/remotes/origin/main [16ms]
2024-05-16 05:07:42.093 [info] > git rev-parse --show-toplevel [34ms]
2024-05-16 05:07:42.154 [info] > git rev-parse --show-toplevel [9ms]
2024-05-16 05:07:42.160 [info] > git rev-parse --show-toplevel [2ms]
2024-05-16 05:07:42.165 [info] > git rev-parse --show-toplevel [1ms]
2024-05-16 05:07:42.171 [info] > git rev-parse --show-toplevel [2ms]
2024-05-16 05:07:42.176 [info] > git rev-parse --show-toplevel [2ms]
2024-05-16 05:07:42.179 [info] > git status -z -uall [29ms]
2024-05-16 05:07:42.185 [info] > git rev-parse --show-toplevel [6ms]
2024-05-16 05:07:42.191 [info] > git rev-parse --show-toplevel [2ms]
2024-05-16 05:07:42.408 [info] > git check-ignore -v -z --stdin [3ms]
2024-05-16 05:07:42.529 [info] > git show --textconv :gtk-3.0/gtk.css [6ms]
2024-05-16 05:07:42.530 [info] > git ls-files --stage -- /home/cyper/.config/gtk-3.0/gtk.css [2ms]
2024-05-16 05:07:42.536 [info] > git cat-file -s c0eab44b1262f3e9603b7dd9398edaacc5662b96 [2ms]
2024-05-16 05:13:24.670 [info] > git config --get commit.template [6ms]
2024-05-16 05:13:24.672 [info] > git for-each-ref --format=%(refname)%00%(upstream:short)%00%(objectname)%00%(upstream:track)%00%(upstream:remotename)%00%(upstream:remoteref) refs/heads/main refs/remotes/main [4ms]
2024-05-16 05:13:24.718 [info] > git status -z -uall [41ms]
2024-05-16 05:13:29.735 [info] > git config --get commit.template [5ms]
2024-05-16 05:13:29.736 [info] > git for-each-ref --format=%(refname)%00%(upstream:short)%00%(objectname)%00%(upstream:track)%00%(upstream:remotename)%00%(upstream:remoteref) refs/heads/main refs/remotes/main [2ms]
2024-05-16 05:13:29.758 [info] > git status -z -uall [18ms]
