2024-05-13 06:39:52.002 [info] Log level: Info
2024-05-13 06:39:52.002 [info] Validating found git in: "git"
2024-05-13 06:39:52.002 [info] Using git "2.44.0" from "git"
2024-05-13 06:39:52.002 [info] > git rev-parse --show-toplevel [10ms]
2024-05-13 06:39:52.002 [info] > git rev-parse --git-dir --git-common-dir [6ms]
2024-05-13 06:39:52.002 [info] Open repository: /home/cyper/.config
2024-05-13 06:39:52.065 [info] > git rev-parse --show-toplevel [51ms]
2024-05-13 06:39:52.066 [info] > git config --get commit.template [57ms]
2024-05-13 06:39:52.114 [info] > git rev-parse --show-toplevel [16ms]
2024-05-13 06:39:52.122 [info] > git for-each-ref --format=%(refname)%00%(upstream:short)%00%(objectname)%00%(upstream:track)%00%(upstream:remotename)%00%(upstream:remoteref) refs/heads/main refs/remotes/main [11ms]
2024-05-13 06:39:52.125 [info] > git rev-parse --show-toplevel [3ms]
2024-05-13 06:39:52.134 [info] > git rev-parse --show-toplevel [3ms]
2024-05-13 06:39:52.154 [info] > git rev-parse --show-toplevel [6ms]
2024-05-13 06:39:52.163 [info] > git status -z -uall [21ms]
2024-05-13 06:39:52.199 [info] > git merge-base refs/heads/main refs/remotes/origin/main [26ms]
2024-05-13 06:39:52.205 [info] > git rev-parse --show-toplevel [44ms]
2024-05-13 06:39:52.212 [info] > git config --get commit.template [13ms]
2024-05-13 06:39:52.213 [info] > git rev-parse --show-toplevel [3ms]
2024-05-13 06:39:52.214 [info] > git rev-list --count --left-right refs/heads/main...refs/remotes/origin/main [9ms]
2024-05-13 06:39:52.236 [info] > git for-each-ref --format=%(refname)%00%(upstream:short)%00%(objectname)%00%(upstream:track)%00%(upstream:remotename)%00%(upstream:remoteref) refs/heads/main refs/remotes/main [9ms]
2024-05-13 06:39:52.236 [info] > git diff --name-status -z --diff-filter=ADMR f59782e4eaaee319409a904f4555022f8cf87c74...refs/remotes/origin/main [15ms]
2024-05-13 06:39:52.239 [info] > git rev-parse --show-toplevel [6ms]
2024-05-13 06:39:52.253 [info] > git rev-parse --show-toplevel [7ms]
2024-05-13 06:39:52.261 [info] > git rev-parse --show-toplevel [2ms]
2024-05-13 06:39:52.312 [info] > git status -z -uall [60ms]
2024-05-13 06:39:52.312 [info] > git rev-parse --show-toplevel [45ms]
2024-05-13 06:39:52.331 [info] > git rev-parse --show-toplevel [6ms]
2024-05-13 06:39:52.340 [info] > git rev-parse --show-toplevel [2ms]
2024-05-13 06:39:52.372 [info] > git rev-parse --show-toplevel [25ms]
2024-05-13 06:39:52.382 [info] > git rev-parse --show-toplevel [2ms]
2024-05-13 06:39:52.390 [info] > git rev-parse --show-toplevel [3ms]
2024-05-13 06:39:52.398 [info] > git rev-parse --show-toplevel [2ms]
2024-05-13 06:39:52.406 [info] > git rev-parse --show-toplevel [3ms]
2024-05-13 06:39:52.414 [info] > git rev-parse --show-toplevel [2ms]
2024-05-13 06:39:52.443 [info] > git rev-parse --show-toplevel [2ms]
2024-05-13 06:39:52.468 [info] > git rev-parse --show-toplevel [18ms]
2024-05-13 06:39:52.479 [info] > git rev-parse --show-toplevel [2ms]
2024-05-13 06:39:52.584 [info] > git check-ignore -v -z --stdin [5ms]
2024-05-13 06:39:52.900 [info] > git show --textconv :sway/config.d/default [8ms]
2024-05-13 06:39:52.902 [info] > git ls-files --stage -- /home/cyper/.config/sway/config.d/default [3ms]
2024-05-13 06:39:52.910 [info] > git cat-file -s 95310009e294d9e3a34f5825dec08b7adc7d83de [3ms]
2024-05-13 06:39:55.928 [info] > git config --get commit.template [6ms]
2024-05-13 06:39:55.930 [info] > git for-each-ref --format=%(refname)%00%(upstream:short)%00%(objectname)%00%(upstream:track)%00%(upstream:remotename)%00%(upstream:remoteref) refs/heads/main refs/remotes/main [3ms]
2024-05-13 06:39:55.962 [info] > git status -z -uall [24ms]
2024-05-13 06:46:56.626 [info] > git config --get commit.template [9ms]
2024-05-13 06:46:56.627 [info] > git for-each-ref --format=%(refname)%00%(upstream:short)%00%(objectname)%00%(upstream:track)%00%(upstream:remotename)%00%(upstream:remoteref) refs/heads/main refs/remotes/main [4ms]
2024-05-13 06:46:56.660 [info] > git status -z -uall [24ms]
2024-05-13 06:56:37.348 [info] > git config --get commit.template [7ms]
2024-05-13 06:56:37.349 [info] > git for-each-ref --format=%(refname)%00%(upstream:short)%00%(objectname)%00%(upstream:track)%00%(upstream:remotename)%00%(upstream:remoteref) refs/heads/main refs/remotes/main [2ms]
2024-05-13 06:56:37.382 [info] > git status -z -uall [25ms]
2024-05-13 06:56:42.415 [info] > git config --get commit.template [9ms]
2024-05-13 06:56:42.416 [info] > git for-each-ref --format=%(refname)%00%(upstream:short)%00%(objectname)%00%(upstream:track)%00%(upstream:remotename)%00%(upstream:remoteref) refs/heads/main refs/remotes/main [3ms]
2024-05-13 06:56:42.449 [info] > git status -z -uall [25ms]
2024-05-13 06:56:51.360 [info] > git config --get commit.template [8ms]
2024-05-13 06:56:51.362 [info] > git for-each-ref --format=%(refname)%00%(upstream:short)%00%(objectname)%00%(upstream:track)%00%(upstream:remotename)%00%(upstream:remoteref) refs/heads/main refs/remotes/main [3ms]
2024-05-13 06:56:51.399 [info] > git status -z -uall [26ms]
2024-05-13 07:02:18.008 [info] > git config --get commit.template [10ms]
2024-05-13 07:02:18.010 [info] > git for-each-ref --format=%(refname)%00%(upstream:short)%00%(objectname)%00%(upstream:track)%00%(upstream:remotename)%00%(upstream:remoteref) refs/heads/main refs/remotes/main [3ms]
2024-05-13 07:02:18.043 [info] > git status -z -uall [25ms]
2024-05-13 07:02:24.575 [info] > git config --get commit.template [9ms]
2024-05-13 07:02:24.577 [info] > git for-each-ref --format=%(refname)%00%(upstream:short)%00%(objectname)%00%(upstream:track)%00%(upstream:remotename)%00%(upstream:remoteref) refs/heads/main refs/remotes/main [3ms]
2024-05-13 07:02:24.605 [info] > git status -z -uall [19ms]
2024-05-13 07:02:29.055 [info] > git check-ignore -v -z --stdin [4ms]
2024-05-13 07:03:46.269 [info] > git config --get commit.template [8ms]
2024-05-13 07:03:46.270 [info] > git for-each-ref --format=%(refname)%00%(upstream:short)%00%(objectname)%00%(upstream:track)%00%(upstream:remotename)%00%(upstream:remoteref) refs/heads/main refs/remotes/main [3ms]
2024-05-13 07:03:46.305 [info] > git status -z -uall [26ms]
2024-05-13 07:04:56.085 [info] > git config --get commit.template [3ms]
2024-05-13 07:04:56.100 [info] > git for-each-ref --format=%(refname)%00%(upstream:short)%00%(objectname)%00%(upstream:track)%00%(upstream:remotename)%00%(upstream:remoteref) refs/heads/main refs/remotes/main [6ms]
2024-05-13 07:04:56.142 [info] > git status -z -uall [19ms]
2024-05-13 07:05:01.169 [info] > git config --get commit.template [8ms]
2024-05-13 07:05:01.170 [info] > git for-each-ref --format=%(refname)%00%(upstream:short)%00%(objectname)%00%(upstream:track)%00%(upstream:remotename)%00%(upstream:remoteref) refs/heads/main refs/remotes/main [2ms]
2024-05-13 07:05:01.202 [info] > git status -z -uall [24ms]
2024-05-13 07:05:15.008 [info] > git config --get commit.template [6ms]
2024-05-13 07:05:15.009 [info] > git for-each-ref --format=%(refname)%00%(upstream:short)%00%(objectname)%00%(upstream:track)%00%(upstream:remotename)%00%(upstream:remoteref) refs/heads/main refs/remotes/main [2ms]
2024-05-13 07:05:15.041 [info] > git status -z -uall [24ms]
2024-05-13 07:05:21.034 [info] > git show --textconv :sway/config.d/theme [7ms]
2024-05-13 07:05:21.035 [info] > git ls-files --stage -- /home/cyper/.config/sway/config.d/theme [2ms]
2024-05-13 07:05:21.044 [info] > git cat-file -s 97ea6e87dc225e5c0c5fe948f7540fd6cc5f4296 [3ms]
2024-05-13 07:05:22.187 [info] > git config --get commit.template [6ms]
2024-05-13 07:05:22.188 [info] > git for-each-ref --format=%(refname)%00%(upstream:short)%00%(objectname)%00%(upstream:track)%00%(upstream:remotename)%00%(upstream:remoteref) refs/heads/main refs/remotes/main [2ms]
2024-05-13 07:05:22.214 [info] > git status -z -uall [18ms]
2024-05-13 07:05:27.241 [info] > git config --get commit.template [8ms]
2024-05-13 07:05:27.242 [info] > git for-each-ref --format=%(refname)%00%(upstream:short)%00%(objectname)%00%(upstream:track)%00%(upstream:remotename)%00%(upstream:remoteref) refs/heads/main refs/remotes/main [3ms]
2024-05-13 07:05:27.266 [info] > git status -z -uall [17ms]
2024-05-13 07:05:33.886 [info] > git config --get commit.template [8ms]
2024-05-13 07:05:33.887 [info] > git for-each-ref --format=%(refname)%00%(upstream:short)%00%(objectname)%00%(upstream:track)%00%(upstream:remotename)%00%(upstream:remoteref) refs/heads/main refs/remotes/main [3ms]
2024-05-13 07:05:33.918 [info] > git status -z -uall [24ms]
2024-05-13 07:05:51.359 [info] > git config --get commit.template [7ms]
2024-05-13 07:05:51.360 [info] > git for-each-ref --format=%(refname)%00%(upstream:short)%00%(objectname)%00%(upstream:track)%00%(upstream:remotename)%00%(upstream:remoteref) refs/heads/main refs/remotes/main [2ms]
2024-05-13 07:05:51.382 [info] > git status -z -uall [16ms]
2024-05-13 07:05:59.726 [info] > git config --get commit.template [7ms]
2024-05-13 07:05:59.727 [info] > git for-each-ref --format=%(refname)%00%(upstream:short)%00%(objectname)%00%(upstream:track)%00%(upstream:remotename)%00%(upstream:remoteref) refs/heads/main refs/remotes/main [2ms]
2024-05-13 07:05:59.751 [info] > git status -z -uall [17ms]
2024-05-13 07:06:04.795 [info] > git config --get commit.template [8ms]
2024-05-13 07:06:04.796 [info] > git for-each-ref --format=%(refname)%00%(upstream:short)%00%(objectname)%00%(upstream:track)%00%(upstream:remotename)%00%(upstream:remoteref) refs/heads/main refs/remotes/main [2ms]
2024-05-13 07:06:04.818 [info] > git status -z -uall [16ms]
2024-05-13 07:06:09.844 [info] > git config --get commit.template [11ms]
2024-05-13 07:06:09.845 [info] > git for-each-ref --format=%(refname)%00%(upstream:short)%00%(objectname)%00%(upstream:track)%00%(upstream:remotename)%00%(upstream:remoteref) refs/heads/main refs/remotes/main [3ms]
2024-05-13 07:06:09.880 [info] > git status -z -uall [25ms]
2024-05-13 07:06:21.638 [info] > git config --get commit.template [7ms]
2024-05-13 07:06:21.639 [info] > git for-each-ref --format=%(refname)%00%(upstream:short)%00%(objectname)%00%(upstream:track)%00%(upstream:remotename)%00%(upstream:remoteref) refs/heads/main refs/remotes/main [2ms]
2024-05-13 07:06:21.661 [info] > git status -z -uall [17ms]
2024-05-13 07:06:26.682 [info] > git config --get commit.template [2ms]
2024-05-13 07:06:26.693 [info] > git for-each-ref --format=%(refname)%00%(upstream:short)%00%(objectname)%00%(upstream:track)%00%(upstream:remotename)%00%(upstream:remoteref) refs/heads/main refs/remotes/main [2ms]
2024-05-13 07:06:26.720 [info] > git status -z -uall [18ms]
2024-05-13 07:06:31.740 [info] > git config --get commit.template [7ms]
2024-05-13 07:06:31.742 [info] > git for-each-ref --format=%(refname)%00%(upstream:short)%00%(objectname)%00%(upstream:track)%00%(upstream:remotename)%00%(upstream:remoteref) refs/heads/main refs/remotes/main [3ms]
2024-05-13 07:06:31.775 [info] > git status -z -uall [24ms]
2024-05-13 07:06:36.790 [info] > git config --get commit.template [2ms]
2024-05-13 07:06:36.802 [info] > git for-each-ref --format=%(refname)%00%(upstream:short)%00%(objectname)%00%(upstream:track)%00%(upstream:remotename)%00%(upstream:remoteref) refs/heads/main refs/remotes/main [4ms]
2024-05-13 07:06:36.839 [info] > git status -z -uall [28ms]
2024-05-13 07:06:42.604 [info] > git config --get commit.template [8ms]
2024-05-13 07:06:42.606 [info] > git for-each-ref --format=%(refname)%00%(upstream:short)%00%(objectname)%00%(upstream:track)%00%(upstream:remotename)%00%(upstream:remoteref) refs/heads/main refs/remotes/main [3ms]
2024-05-13 07:06:42.629 [info] > git status -z -uall [16ms]
2024-05-13 07:06:54.848 [info] > git config --get commit.template [7ms]
2024-05-13 07:06:54.849 [info] > git for-each-ref --format=%(refname)%00%(upstream:short)%00%(objectname)%00%(upstream:track)%00%(upstream:remotename)%00%(upstream:remoteref) refs/heads/main refs/remotes/main [2ms]
2024-05-13 07:06:54.882 [info] > git status -z -uall [25ms]
2024-05-13 07:06:59.909 [info] > git config --get commit.template [7ms]
2024-05-13 07:06:59.911 [info] > git for-each-ref --format=%(refname)%00%(upstream:short)%00%(objectname)%00%(upstream:track)%00%(upstream:remotename)%00%(upstream:remoteref) refs/heads/main refs/remotes/main [3ms]
2024-05-13 07:06:59.935 [info] > git status -z -uall [17ms]
2024-05-13 07:08:16.333 [info] > git config --get commit.template [3ms]
2024-05-13 07:08:16.343 [info] > git for-each-ref --format=%(refname)%00%(upstream:short)%00%(objectname)%00%(upstream:track)%00%(upstream:remotename)%00%(upstream:remoteref) refs/heads/main refs/remotes/main [2ms]
2024-05-13 07:08:16.365 [info] > git status -z -uall [16ms]
2024-05-13 07:08:21.409 [info] > git config --get commit.template [29ms]
2024-05-13 07:08:21.411 [info] > git for-each-ref --format=%(refname)%00%(upstream:short)%00%(objectname)%00%(upstream:track)%00%(upstream:remotename)%00%(upstream:remoteref) refs/heads/main refs/remotes/main [4ms]
2024-05-13 07:08:21.445 [info] > git status -z -uall [24ms]
2024-05-13 07:08:21.781 [info] > git show --textconv :gtk-3.0/gtk.css [13ms]
2024-05-13 07:08:21.784 [info] > git ls-files --stage -- /home/cyper/.config/gtk-3.0/gtk.css [6ms]
2024-05-13 07:08:21.795 [info] > git cat-file -s 6722db7dd1f4d4c85f193df427d941fb22641b72 [3ms]
2024-05-13 07:08:26.463 [info] > git config --get commit.template [2ms]
2024-05-13 07:08:26.472 [info] > git for-each-ref --format=%(refname)%00%(upstream:short)%00%(objectname)%00%(upstream:track)%00%(upstream:remotename)%00%(upstream:remoteref) refs/heads/main refs/remotes/main [3ms]
2024-05-13 07:08:26.499 [info] > git status -z -uall [20ms]
2024-05-13 07:08:31.522 [info] > git config --get commit.template [8ms]
2024-05-13 07:08:31.524 [info] > git for-each-ref --format=%(refname)%00%(upstream:short)%00%(objectname)%00%(upstream:track)%00%(upstream:remotename)%00%(upstream:remoteref) refs/heads/main refs/remotes/main [3ms]
2024-05-13 07:08:31.551 [info] > git status -z -uall [20ms]
2024-05-13 07:08:36.572 [info] > git config --get commit.template [6ms]
2024-05-13 07:08:36.573 [info] > git for-each-ref --format=%(refname)%00%(upstream:short)%00%(objectname)%00%(upstream:track)%00%(upstream:remotename)%00%(upstream:remoteref) refs/heads/main refs/remotes/main [2ms]
2024-05-13 07:08:36.606 [info] > git status -z -uall [25ms]
2024-05-13 07:08:41.624 [info] > git config --get commit.template [7ms]
2024-05-13 07:08:41.625 [info] > git for-each-ref --format=%(refname)%00%(upstream:short)%00%(objectname)%00%(upstream:track)%00%(upstream:remotename)%00%(upstream:remoteref) refs/heads/main refs/remotes/main [2ms]
2024-05-13 07:08:41.648 [info] > git status -z -uall [18ms]
2024-05-13 07:08:46.668 [info] > git config --get commit.template [8ms]
2024-05-13 07:08:46.670 [info] > git for-each-ref --format=%(refname)%00%(upstream:short)%00%(objectname)%00%(upstream:track)%00%(upstream:remotename)%00%(upstream:remoteref) refs/heads/main refs/remotes/main [3ms]
2024-05-13 07:08:46.693 [info] > git status -z -uall [17ms]
2024-05-13 07:08:51.713 [info] > git config --get commit.template [6ms]
2024-05-13 07:08:51.714 [info] > git for-each-ref --format=%(refname)%00%(upstream:short)%00%(objectname)%00%(upstream:track)%00%(upstream:remotename)%00%(upstream:remoteref) refs/heads/main refs/remotes/main [2ms]
2024-05-13 07:08:51.747 [info] > git status -z -uall [25ms]
2024-05-13 07:08:56.773 [info] > git config --get commit.template [9ms]
2024-05-13 07:08:56.774 [info] > git for-each-ref --format=%(refname)%00%(upstream:short)%00%(objectname)%00%(upstream:track)%00%(upstream:remotename)%00%(upstream:remoteref) refs/heads/main refs/remotes/main [3ms]
2024-05-13 07:08:56.803 [info] > git status -z -uall [21ms]
2024-05-13 07:09:12.302 [info] > git check-ignore -v -z --stdin [2ms]
2024-05-13 07:09:16.199 [info] > git check-ignore -v -z --stdin [3ms]
2024-05-13 07:09:18.165 [info] > git show --textconv :waybar/style.css [10ms]
2024-05-13 07:09:18.167 [info] > git ls-files --stage -- /home/cyper/.config/waybar/style.css [3ms]
2024-05-13 07:09:18.177 [info] > git cat-file -s 182142200a793db0d8f65f2510b3fc3ca58813cb [2ms]
2024-05-13 07:09:19.463 [info] > git config --get commit.template [7ms]
2024-05-13 07:09:19.465 [info] > git for-each-ref --format=%(refname)%00%(upstream:short)%00%(objectname)%00%(upstream:track)%00%(upstream:remotename)%00%(upstream:remoteref) refs/heads/main refs/remotes/main [3ms]
2024-05-13 07:09:19.492 [info] > git status -z -uall [18ms]
2024-05-13 07:09:25.587 [info] > git config --get commit.template [9ms]
2024-05-13 07:09:25.587 [info] > git for-each-ref --format=%(refname)%00%(upstream:short)%00%(objectname)%00%(upstream:track)%00%(upstream:remotename)%00%(upstream:remoteref) refs/heads/main refs/remotes/main [3ms]
2024-05-13 07:09:25.613 [info] > git status -z -uall [16ms]
2024-05-13 07:09:31.824 [info] > git check-ignore -v -z --stdin [3ms]
2024-05-13 07:09:32.651 [info] > git config --get commit.template [7ms]
2024-05-13 07:09:32.653 [info] > git for-each-ref --format=%(refname)%00%(upstream:short)%00%(objectname)%00%(upstream:track)%00%(upstream:remotename)%00%(upstream:remoteref) refs/heads/main refs/remotes/main [3ms]
2024-05-13 07:09:32.685 [info] > git status -z -uall [25ms]
2024-05-13 07:09:38.689 [info] > git config --get commit.template [10ms]
2024-05-13 07:09:38.690 [info] > git for-each-ref --format=%(refname)%00%(upstream:short)%00%(objectname)%00%(upstream:track)%00%(upstream:remotename)%00%(upstream:remoteref) refs/heads/main refs/remotes/main [3ms]
2024-05-13 07:09:38.723 [info] > git status -z -uall [25ms]
2024-05-13 07:09:43.746 [info] > git config --get commit.template [9ms]
2024-05-13 07:09:43.748 [info] > git for-each-ref --format=%(refname)%00%(upstream:short)%00%(objectname)%00%(upstream:track)%00%(upstream:remotename)%00%(upstream:remoteref) refs/heads/main refs/remotes/main [3ms]
2024-05-13 07:09:43.782 [info] > git status -z -uall [26ms]
2024-05-13 07:09:49.688 [info] > git config --get commit.template [11ms]
2024-05-13 07:09:49.690 [info] > git for-each-ref --format=%(refname)%00%(upstream:short)%00%(objectname)%00%(upstream:track)%00%(upstream:remotename)%00%(upstream:remoteref) refs/heads/main refs/remotes/main [3ms]
2024-05-13 07:09:49.717 [info] > git status -z -uall [20ms]
2024-05-13 07:09:54.740 [info] > git config --get commit.template [7ms]
2024-05-13 07:09:54.742 [info] > git for-each-ref --format=%(refname)%00%(upstream:short)%00%(objectname)%00%(upstream:track)%00%(upstream:remotename)%00%(upstream:remoteref) refs/heads/main refs/remotes/main [3ms]
2024-05-13 07:09:54.774 [info] > git status -z -uall [24ms]
2024-05-13 07:09:59.801 [info] > git config --get commit.template [7ms]
2024-05-13 07:09:59.802 [info] > git for-each-ref --format=%(refname)%00%(upstream:short)%00%(objectname)%00%(upstream:track)%00%(upstream:remotename)%00%(upstream:remoteref) refs/heads/main refs/remotes/main [3ms]
2024-05-13 07:09:59.835 [info] > git status -z -uall [24ms]
2024-05-13 07:10:04.857 [info] > git config --get commit.template [8ms]
2024-05-13 07:10:04.859 [info] > git for-each-ref --format=%(refname)%00%(upstream:short)%00%(objectname)%00%(upstream:track)%00%(upstream:remotename)%00%(upstream:remoteref) refs/heads/main refs/remotes/main [3ms]
2024-05-13 07:10:04.893 [info] > git status -z -uall [25ms]
2024-05-13 07:10:10.996 [info] > git config --get commit.template [9ms]
2024-05-13 07:10:10.998 [info] > git for-each-ref --format=%(refname)%00%(upstream:short)%00%(objectname)%00%(upstream:track)%00%(upstream:remotename)%00%(upstream:remoteref) refs/heads/main refs/remotes/main [3ms]
2024-05-13 07:10:11.034 [info] > git status -z -uall [26ms]
2024-05-13 07:10:16.058 [info] > git config --get commit.template [9ms]
2024-05-13 07:10:16.060 [info] > git for-each-ref --format=%(refname)%00%(upstream:short)%00%(objectname)%00%(upstream:track)%00%(upstream:remotename)%00%(upstream:remoteref) refs/heads/main refs/remotes/main [2ms]
2024-05-13 07:10:16.092 [info] > git status -z -uall [24ms]
2024-05-13 07:10:21.113 [info] > git config --get commit.template [8ms]
2024-05-13 07:10:21.115 [info] > git for-each-ref --format=%(refname)%00%(upstream:short)%00%(objectname)%00%(upstream:track)%00%(upstream:remotename)%00%(upstream:remoteref) refs/heads/main refs/remotes/main [3ms]
2024-05-13 07:10:21.139 [info] > git status -z -uall [16ms]
2024-05-13 07:10:26.162 [info] > git config --get commit.template [8ms]
2024-05-13 07:10:26.164 [info] > git for-each-ref --format=%(refname)%00%(upstream:short)%00%(objectname)%00%(upstream:track)%00%(upstream:remotename)%00%(upstream:remoteref) refs/heads/main refs/remotes/main [3ms]
2024-05-13 07:10:26.197 [info] > git status -z -uall [24ms]
2024-05-13 07:10:35.486 [info] > git show --textconv :gtk-3.0/gtk.css [6ms]
2024-05-13 07:10:35.488 [info] > git ls-files --stage -- /home/cyper/.config/gtk-3.0/gtk.css [3ms]
2024-05-13 07:10:35.495 [info] > git cat-file -s 6722db7dd1f4d4c85f193df427d941fb22641b72 [2ms]
2024-05-13 07:10:36.566 [info] > git show --textconv :gtk-4.0/gtk.css [8ms]
2024-05-13 07:10:36.568 [info] > git ls-files --stage -- /home/cyper/.config/gtk-4.0/gtk.css [3ms]
2024-05-13 07:10:36.578 [info] > git cat-file -s 2e7fbb9d4d6127929c3ed6fa3035eeb101f613c2 [2ms]
2024-05-13 07:10:38.515 [info] > git show --textconv :gtk-3.0/gtk.css [7ms]
2024-05-13 07:10:38.517 [info] > git ls-files --stage -- /home/cyper/.config/gtk-3.0/gtk.css [3ms]
2024-05-13 07:10:38.524 [info] > git cat-file -s 6722db7dd1f4d4c85f193df427d941fb22641b72 [2ms]
2024-05-13 07:10:46.658 [info] > git config --get commit.template [3ms]
2024-05-13 07:10:46.668 [info] > git for-each-ref --format=%(refname)%00%(upstream:short)%00%(objectname)%00%(upstream:track)%00%(upstream:remotename)%00%(upstream:remoteref) refs/heads/main refs/remotes/main [2ms]
2024-05-13 07:10:46.693 [info] > git status -z -uall [16ms]
2024-05-13 07:10:48.175 [info] > git show --textconv :gtk-4.0/gtk.css [10ms]
2024-05-13 07:10:48.177 [info] > git ls-files --stage -- /home/cyper/.config/gtk-4.0/gtk.css [4ms]
2024-05-13 07:10:48.189 [info] > git cat-file -s 2e7fbb9d4d6127929c3ed6fa3035eeb101f613c2 [4ms]
2024-05-13 07:10:51.720 [info] > git config --get commit.template [9ms]
2024-05-13 07:10:51.721 [info] > git for-each-ref --format=%(refname)%00%(upstream:short)%00%(objectname)%00%(upstream:track)%00%(upstream:remotename)%00%(upstream:remoteref) refs/heads/main refs/remotes/main [3ms]
2024-05-13 07:10:51.753 [info] > git status -z -uall [24ms]
2024-05-13 07:11:01.271 [info] > git config --get commit.template [10ms]
2024-05-13 07:11:01.272 [info] > git for-each-ref --format=%(refname)%00%(upstream:short)%00%(objectname)%00%(upstream:track)%00%(upstream:remotename)%00%(upstream:remoteref) refs/heads/main refs/remotes/main [2ms]
2024-05-13 07:11:01.308 [info] > git status -z -uall [26ms]
2024-05-13 07:11:26.692 [info] > git config --get commit.template [9ms]
2024-05-13 07:11:26.694 [info] > git for-each-ref --format=%(refname)%00%(upstream:short)%00%(objectname)%00%(upstream:track)%00%(upstream:remotename)%00%(upstream:remoteref) refs/heads/main refs/remotes/main [3ms]
2024-05-13 07:11:26.721 [info] > git status -z -uall [18ms]
2024-05-13 07:11:31.746 [info] > git config --get commit.template [8ms]
2024-05-13 07:11:31.748 [info] > git for-each-ref --format=%(refname)%00%(upstream:short)%00%(objectname)%00%(upstream:track)%00%(upstream:remotename)%00%(upstream:remoteref) refs/heads/main refs/remotes/main [3ms]
2024-05-13 07:11:31.780 [info] > git status -z -uall [24ms]
2024-05-13 07:11:33.576 [info] > git show --textconv :gtk-3.0/gtk.css [9ms]
2024-05-13 07:11:33.578 [info] > git ls-files --stage -- /home/cyper/.config/gtk-3.0/gtk.css [3ms]
2024-05-13 07:11:33.587 [info] > git cat-file -s 6722db7dd1f4d4c85f193df427d941fb22641b72 [3ms]
2024-05-13 07:11:36.802 [info] > git config --get commit.template [9ms]
2024-05-13 07:11:36.804 [info] > git for-each-ref --format=%(refname)%00%(upstream:short)%00%(objectname)%00%(upstream:track)%00%(upstream:remotename)%00%(upstream:remoteref) refs/heads/main refs/remotes/main [3ms]
2024-05-13 07:11:36.828 [info] > git status -z -uall [16ms]
2024-05-13 07:11:41.854 [info] > git config --get commit.template [9ms]
2024-05-13 07:11:41.855 [info] > git for-each-ref --format=%(refname)%00%(upstream:short)%00%(objectname)%00%(upstream:track)%00%(upstream:remotename)%00%(upstream:remoteref) refs/heads/main refs/remotes/main [1ms]
2024-05-13 07:11:41.889 [info] > git status -z -uall [25ms]
2024-05-13 07:12:16.886 [info] > git config --get commit.template [10ms]
2024-05-13 07:12:16.888 [info] > git for-each-ref --format=%(refname)%00%(upstream:short)%00%(objectname)%00%(upstream:track)%00%(upstream:remotename)%00%(upstream:remoteref) refs/heads/main refs/remotes/main [3ms]
2024-05-13 07:12:16.917 [info] > git status -z -uall [20ms]
2024-05-13 07:12:51.504 [info] > git config --get commit.template [8ms]
2024-05-13 07:12:51.506 [info] > git for-each-ref --format=%(refname)%00%(upstream:short)%00%(objectname)%00%(upstream:track)%00%(upstream:remotename)%00%(upstream:remoteref) refs/heads/main refs/remotes/main [3ms]
2024-05-13 07:12:51.529 [info] > git status -z -uall [16ms]
2024-05-13 07:15:55.574 [info] > git config --get commit.template [3ms]
2024-05-13 07:15:55.586 [info] > git for-each-ref --format=%(refname)%00%(upstream:short)%00%(objectname)%00%(upstream:track)%00%(upstream:remotename)%00%(upstream:remoteref) refs/heads/main refs/remotes/main [3ms]
2024-05-13 07:15:55.604 [info] > git status -z -uall [10ms]
2024-05-13 07:15:55.622 [info] > git merge-base refs/heads/main refs/remotes/origin/main [8ms]
2024-05-13 07:15:55.639 [info] > git rev-list --count --left-right refs/heads/main...refs/remotes/origin/main [10ms]
2024-05-13 07:15:55.649 [info] > git ls-files --stage -- /home/cyper/.config/gtk-3.0/gtk.css [12ms]
2024-05-13 07:15:55.664 [info] > git cat-file -s c0eab44b1262f3e9603b7dd9398edaacc5662b96 [7ms]
2024-05-13 07:15:55.666 [info] > git diff --name-status -z --diff-filter=ADMR a48ad9f78cfafc31918a383140e0d74241d40561...refs/remotes/origin/main [18ms]
2024-05-13 07:15:55.696 [info] > git show --textconv :gtk-3.0/gtk.css [3ms]
2024-05-13 07:16:00.639 [info] > git config --get commit.template [7ms]
2024-05-13 07:16:00.641 [info] > git for-each-ref --format=%(refname)%00%(upstream:short)%00%(objectname)%00%(upstream:track)%00%(upstream:remotename)%00%(upstream:remoteref) refs/heads/main refs/remotes/main [2ms]
2024-05-13 07:16:00.663 [info] > git status -z -uall [13ms]
2024-05-13 07:16:09.531 [info] > git config --get commit.template [12ms]
2024-05-13 07:16:09.534 [info] > git for-each-ref --format=%(refname)%00%(upstream:short)%00%(objectname)%00%(upstream:track)%00%(upstream:remotename)%00%(upstream:remoteref) refs/heads/main refs/remotes/main [4ms]
2024-05-13 07:16:09.556 [info] > git status -z -uall [13ms]
2024-05-13 07:16:23.126 [info] > git config --get commit.template [8ms]
2024-05-13 07:16:23.127 [info] > git for-each-ref --format=%(refname)%00%(upstream:short)%00%(objectname)%00%(upstream:track)%00%(upstream:remotename)%00%(upstream:remoteref) refs/heads/main refs/remotes/main [2ms]
2024-05-13 07:16:23.146 [info] > git status -z -uall [11ms]
2024-05-13 07:19:52.450 [info] > git config --get commit.template [7ms]
2024-05-13 07:19:52.451 [info] > git for-each-ref --format=%(refname)%00%(upstream:short)%00%(objectname)%00%(upstream:track)%00%(upstream:remotename)%00%(upstream:remoteref) refs/heads/main refs/remotes/main [2ms]
2024-05-13 07:19:52.472 [info] > git status -z -uall [15ms]
2024-05-13 07:19:57.490 [info] > git config --get commit.template [7ms]
2024-05-13 07:19:57.492 [info] > git for-each-ref --format=%(refname)%00%(upstream:short)%00%(objectname)%00%(upstream:track)%00%(upstream:remotename)%00%(upstream:remoteref) refs/heads/main refs/remotes/main [3ms]
2024-05-13 07:19:57.509 [info] > git status -z -uall [11ms]
2024-05-13 07:20:15.286 [info] > git config --get commit.template [2ms]
2024-05-13 07:20:15.294 [info] > git for-each-ref --format=%(refname)%00%(upstream:short)%00%(objectname)%00%(upstream:track)%00%(upstream:remotename)%00%(upstream:remoteref) refs/heads/main refs/remotes/main [2ms]
2024-05-13 07:20:15.313 [info] > git status -z -uall [12ms]
2024-05-13 07:24:52.671 [info] > git config --get commit.template [1ms]
2024-05-13 07:24:52.681 [info] > git for-each-ref --format=%(refname)%00%(upstream:short)%00%(objectname)%00%(upstream:track)%00%(upstream:remotename)%00%(upstream:remoteref) refs/heads/main refs/remotes/main [3ms]
2024-05-13 07:24:52.699 [info] > git status -z -uall [12ms]
2024-05-13 07:25:15.313 [info] > git config --get commit.template [8ms]
2024-05-13 07:25:15.315 [info] > git for-each-ref --format=%(refname)%00%(upstream:short)%00%(objectname)%00%(upstream:track)%00%(upstream:remotename)%00%(upstream:remoteref) refs/heads/main refs/remotes/main [3ms]
2024-05-13 07:25:15.338 [info] > git status -z -uall [17ms]
2024-05-13 07:27:51.462 [info] > git config --get commit.template [9ms]
2024-05-13 07:27:51.463 [info] > git for-each-ref --format=%(refname)%00%(upstream:short)%00%(objectname)%00%(upstream:track)%00%(upstream:remotename)%00%(upstream:remoteref) refs/heads/main refs/remotes/main [2ms]
2024-05-13 07:27:51.481 [info] > git status -z -uall [12ms]
2024-05-13 07:28:08.044 [info] > git config --get commit.template [2ms]
2024-05-13 07:28:08.054 [info] > git for-each-ref --format=%(refname)%00%(upstream:short)%00%(objectname)%00%(upstream:track)%00%(upstream:remotename)%00%(upstream:remoteref) refs/heads/main refs/remotes/main [3ms]
2024-05-13 07:28:08.074 [info] > git status -z -uall [12ms]
2024-05-13 07:28:13.096 [info] > git config --get commit.template [9ms]
2024-05-13 07:28:13.098 [info] > git for-each-ref --format=%(refname)%00%(upstream:short)%00%(objectname)%00%(upstream:track)%00%(upstream:remotename)%00%(upstream:remoteref) refs/heads/main refs/remotes/main [3ms]
2024-05-13 07:28:13.118 [info] > git status -z -uall [12ms]
2024-05-13 07:28:18.144 [info] > git config --get commit.template [10ms]
2024-05-13 07:28:18.146 [info] > git for-each-ref --format=%(refname)%00%(upstream:short)%00%(objectname)%00%(upstream:track)%00%(upstream:remotename)%00%(upstream:remoteref) refs/heads/main refs/remotes/main [3ms]
2024-05-13 07:28:18.172 [info] > git status -z -uall [17ms]
2024-05-13 07:28:34.673 [info] > git config --get commit.template [10ms]
2024-05-13 07:28:34.674 [info] > git for-each-ref --format=%(refname)%00%(upstream:short)%00%(objectname)%00%(upstream:track)%00%(upstream:remotename)%00%(upstream:remoteref) refs/heads/main refs/remotes/main [2ms]
2024-05-13 07:28:34.695 [info] > git status -z -uall [13ms]
2024-05-13 07:28:39.711 [info] > git config --get commit.template [7ms]
2024-05-13 07:28:39.712 [info] > git for-each-ref --format=%(refname)%00%(upstream:short)%00%(objectname)%00%(upstream:track)%00%(upstream:remotename)%00%(upstream:remoteref) refs/heads/main refs/remotes/main [2ms]
2024-05-13 07:28:39.729 [info] > git status -z -uall [11ms]
2024-05-13 07:29:01.842 [info] > git config --get commit.template [2ms]
2024-05-13 07:29:01.850 [info] > git for-each-ref --format=%(refname)%00%(upstream:short)%00%(objectname)%00%(upstream:track)%00%(upstream:remotename)%00%(upstream:remoteref) refs/heads/main refs/remotes/main [2ms]
2024-05-13 07:29:01.876 [info] > git status -z -uall [17ms]
2024-05-13 07:29:06.893 [info] > git config --get commit.template [8ms]
2024-05-13 07:29:06.894 [info] > git for-each-ref --format=%(refname)%00%(upstream:short)%00%(objectname)%00%(upstream:track)%00%(upstream:remotename)%00%(upstream:remoteref) refs/heads/main refs/remotes/main [2ms]
2024-05-13 07:29:06.913 [info] > git status -z -uall [11ms]
2024-05-13 07:29:18.268 [info] > git config --get commit.template [7ms]
2024-05-13 07:29:18.269 [info] > git for-each-ref --format=%(refname)%00%(upstream:short)%00%(objectname)%00%(upstream:track)%00%(upstream:remotename)%00%(upstream:remoteref) refs/heads/main refs/remotes/main [2ms]
2024-05-13 07:29:18.286 [info] > git status -z -uall [11ms]
2024-05-13 07:29:30.629 [info] > git config --get commit.template [3ms]
2024-05-13 07:29:30.637 [info] > git for-each-ref --format=%(refname)%00%(upstream:short)%00%(objectname)%00%(upstream:track)%00%(upstream:remotename)%00%(upstream:remoteref) refs/heads/main refs/remotes/main [3ms]
2024-05-13 07:29:30.656 [info] > git status -z -uall [11ms]
2024-05-13 07:29:50.047 [info] > git config --get commit.template [8ms]
2024-05-13 07:29:50.049 [info] > git for-each-ref --format=%(refname)%00%(upstream:short)%00%(objectname)%00%(upstream:track)%00%(upstream:remotename)%00%(upstream:remoteref) refs/heads/main refs/remotes/main [3ms]
2024-05-13 07:29:50.076 [info] > git status -z -uall [16ms]
2024-05-13 07:29:55.089 [info] > git config --get commit.template [2ms]
2024-05-13 07:29:55.097 [info] > git for-each-ref --format=%(refname)%00%(upstream:short)%00%(objectname)%00%(upstream:track)%00%(upstream:remotename)%00%(upstream:remoteref) refs/heads/main refs/remotes/main [2ms]
2024-05-13 07:29:55.118 [info] > git status -z -uall [13ms]
2024-05-13 07:30:06.459 [info] > git config --get commit.template [10ms]
2024-05-13 07:30:06.460 [info] > git for-each-ref --format=%(refname)%00%(upstream:short)%00%(objectname)%00%(upstream:track)%00%(upstream:remotename)%00%(upstream:remoteref) refs/heads/main refs/remotes/main [3ms]
2024-05-13 07:30:06.479 [info] > git status -z -uall [11ms]
2024-05-13 07:30:08.659 [info] > git show --textconv :gtk-4.0/gtk.css [6ms]
2024-05-13 07:30:08.661 [info] > git ls-files --stage -- /home/cyper/.config/gtk-4.0/gtk.css [2ms]
2024-05-13 07:30:08.669 [info] > git cat-file -s 7443c030f4455f22a284114ef8a1166ceba193dd [2ms]
2024-05-13 07:30:15.368 [info] > git for-each-ref --format=%(refname)%00%(upstream:short)%00%(objectname)%00%(upstream:track)%00%(upstream:remotename)%00%(upstream:remoteref) refs/heads/main refs/remotes/main [3ms]
2024-05-13 07:30:15.368 [info] > git config --get commit.template [8ms]
2024-05-13 07:30:15.387 [info] > git status -z -uall [11ms]
2024-05-13 07:30:21.847 [info] > git config --get commit.template [7ms]
2024-05-13 07:30:21.848 [info] > git for-each-ref --format=%(refname)%00%(upstream:short)%00%(objectname)%00%(upstream:track)%00%(upstream:remotename)%00%(upstream:remoteref) refs/heads/main refs/remotes/main [2ms]
2024-05-13 07:30:21.866 [info] > git status -z -uall [12ms]
2024-05-13 07:30:39.358 [info] > git config --get commit.template [9ms]
2024-05-13 07:30:39.360 [info] > git for-each-ref --format=%(refname)%00%(upstream:short)%00%(objectname)%00%(upstream:track)%00%(upstream:remotename)%00%(upstream:remoteref) refs/heads/main refs/remotes/main [3ms]
2024-05-13 07:30:39.388 [info] > git status -z -uall [18ms]
2024-05-13 07:30:44.408 [info] > git config --get commit.template [8ms]
2024-05-13 07:30:44.410 [info] > git for-each-ref --format=%(refname)%00%(upstream:short)%00%(objectname)%00%(upstream:track)%00%(upstream:remotename)%00%(upstream:remoteref) refs/heads/main refs/remotes/main [3ms]
2024-05-13 07:30:44.427 [info] > git status -z -uall [11ms]
2024-05-13 07:30:51.550 [info] > git config --get commit.template [9ms]
2024-05-13 07:30:51.551 [info] > git for-each-ref --format=%(refname)%00%(upstream:short)%00%(objectname)%00%(upstream:track)%00%(upstream:remotename)%00%(upstream:remoteref) refs/heads/main refs/remotes/main [2ms]
2024-05-13 07:30:51.571 [info] > git status -z -uall [11ms]
2024-05-13 07:32:26.065 [info] > git config --get commit.template [7ms]
2024-05-13 07:32:26.067 [info] > git for-each-ref --format=%(refname)%00%(upstream:short)%00%(objectname)%00%(upstream:track)%00%(upstream:remotename)%00%(upstream:remoteref) refs/heads/main refs/remotes/main [3ms]
2024-05-13 07:32:26.084 [info] > git status -z -uall [12ms]
2024-05-13 07:32:30.134 [info] > git show --textconv :gtk-3.0/gtk.css [10ms]
2024-05-13 07:32:30.135 [info] > git ls-files --stage -- /home/cyper/.config/gtk-3.0/gtk.css [4ms]
2024-05-13 07:32:30.143 [info] > git cat-file -s c0eab44b1262f3e9603b7dd9398edaacc5662b96 [3ms]
2024-05-13 07:32:37.373 [info] > git config --get commit.template [3ms]
2024-05-13 07:32:37.383 [info] > git for-each-ref --format=%(refname)%00%(upstream:short)%00%(objectname)%00%(upstream:track)%00%(upstream:remotename)%00%(upstream:remoteref) refs/heads/main refs/remotes/main [2ms]
2024-05-13 07:32:37.402 [info] > git status -z -uall [12ms]
2024-05-13 07:34:36.095 [info] > git config --get commit.template [8ms]
2024-05-13 07:34:36.096 [info] > git for-each-ref --format=%(refname)%00%(upstream:short)%00%(objectname)%00%(upstream:track)%00%(upstream:remotename)%00%(upstream:remoteref) refs/heads/main refs/remotes/main [2ms]
2024-05-13 07:34:36.115 [info] > git status -z -uall [12ms]
2024-05-13 07:34:41.131 [info] > git config --get commit.template [7ms]
2024-05-13 07:34:41.132 [info] > git for-each-ref --format=%(refname)%00%(upstream:short)%00%(objectname)%00%(upstream:track)%00%(upstream:remotename)%00%(upstream:remoteref) refs/heads/main refs/remotes/main [3ms]
2024-05-13 07:34:41.149 [info] > git status -z -uall [12ms]
2024-05-13 07:34:46.169 [info] > git config --get commit.template [8ms]
2024-05-13 07:34:46.170 [info] > git for-each-ref --format=%(refname)%00%(upstream:short)%00%(objectname)%00%(upstream:track)%00%(upstream:remotename)%00%(upstream:remoteref) refs/heads/main refs/remotes/main [2ms]
2024-05-13 07:34:46.189 [info] > git status -z -uall [11ms]
2024-05-13 07:34:50.979 [info] Log level: Info
2024-05-13 07:34:50.979 [info] Validating found git in: "git"
2024-05-13 07:34:50.979 [info] Using git "2.44.0" from "git"
2024-05-13 07:34:50.979 [info] > git rev-parse --show-toplevel [30ms]
2024-05-13 07:34:50.979 [info] fatal: not a git repository (or any of the parent directories): .git
2024-05-13 07:34:50.995 [info] > git rev-parse --show-toplevel [10ms]
2024-05-13 07:34:50.995 [info] fatal: not a git repository (or any of the parent directories): .git
2024-05-13 07:34:51.261 [info] > git rev-parse --show-toplevel [238ms]
2024-05-13 07:34:51.261 [info] fatal: not a git repository (or any of the parent directories): .git
2024-05-13 07:34:51.294 [info] > git rev-parse --show-toplevel [3ms]
2024-05-13 07:34:51.294 [info] fatal: not a git repository (or any of the parent directories): .git
2024-05-13 07:34:51.305 [info] > git rev-parse --show-toplevel [5ms]
2024-05-13 07:34:51.305 [info] fatal: not a git repository (or any of the parent directories): .git
2024-05-13 07:34:51.315 [info] > git rev-parse --show-toplevel [2ms]
2024-05-13 07:34:51.315 [info] fatal: not a git repository (or any of the parent directories): .git
2024-05-13 07:34:51.325 [info] > git rev-parse --show-toplevel [1ms]
2024-05-13 07:34:51.325 [info] fatal: not a git repository (or any of the parent directories): .git
2024-05-13 07:35:00.100 [info] > git rev-parse --show-toplevel [1ms]
2024-05-13 07:35:00.100 [info] fatal: not a git repository (or any of the parent directories): .git
2024-05-13 07:35:01.694 [info] > git rev-parse --show-toplevel [2ms]
2024-05-13 07:35:01.694 [info] fatal: not a git repository (or any of the parent directories): .git
2024-05-13 07:35:03.634 [info] > git rev-parse --show-toplevel [4ms]
2024-05-13 07:35:03.634 [info] fatal: not a git repository (or any of the parent directories): .git
2024-05-13 07:35:04.659 [info] > git rev-parse --show-toplevel [2ms]
2024-05-13 07:35:04.659 [info] fatal: not a git repository (or any of the parent directories): .git
2024-05-13 07:35:13.017 [info] > git rev-parse --show-toplevel [2ms]
2024-05-13 07:35:13.017 [info] fatal: not a git repository (or any of the parent directories): .git
2024-05-13 07:35:42.841 [info] > git rev-parse --show-toplevel [3ms]
2024-05-13 07:35:42.841 [info] fatal: not a git repository (or any of the parent directories): .git
2024-05-13 07:35:59.891 [info] > git rev-parse --show-toplevel [3ms]
2024-05-13 07:35:59.891 [info] fatal: not a git repository (or any of the parent directories): .git
2024-05-13 07:36:01.471 [info] > git rev-parse --show-toplevel [3ms]
2024-05-13 07:36:01.471 [info] fatal: not a git repository (or any of the parent directories): .git
2024-05-13 07:36:12.822 [info] > git rev-parse --show-toplevel [3ms]
2024-05-13 07:36:12.822 [info] fatal: not a git repository (or any of the parent directories): .git
2024-05-13 07:36:14.173 [info] > git rev-parse --show-toplevel [4ms]
2024-05-13 07:36:14.173 [info] fatal: not a git repository (or any of the parent directories): .git
2024-05-13 07:36:15.383 [info] > git rev-parse --show-toplevel [3ms]
2024-05-13 07:36:15.383 [info] fatal: not a git repository (or any of the parent directories): .git
2024-05-13 07:36:20.029 [info] > git rev-parse --show-toplevel [2ms]
2024-05-13 07:36:20.030 [info] fatal: not a git repository (or any of the parent directories): .git
2024-05-13 07:36:21.296 [info] > git rev-parse --show-toplevel [3ms]
2024-05-13 07:36:21.297 [info] fatal: not a git repository (or any of the parent directories): .git
2024-05-13 08:31:16.877 [info] Log level: Info
2024-05-13 08:31:16.877 [info] Validating found git in: "git"
2024-05-13 08:31:16.877 [info] Using git "2.44.0" from "git"
2024-05-13 08:31:16.877 [info] > git rev-parse --show-toplevel [10ms]
2024-05-13 08:31:16.886 [info] > git rev-parse --git-dir --git-common-dir [3ms]
2024-05-13 08:31:16.903 [info] Open repository: /home/cyper/.config
2024-05-13 08:31:16.939 [info] > git rev-parse --show-toplevel [19ms]
2024-05-13 08:31:16.940 [info] > git config --get commit.template [26ms]
2024-05-13 08:31:17.024 [info] > git rev-parse --show-toplevel [32ms]
2024-05-13 08:31:17.032 [info] > git for-each-ref --format=%(refname)%00%(upstream:short)%00%(objectname)%00%(upstream:track)%00%(upstream:remotename)%00%(upstream:remoteref) refs/heads/main refs/remotes/main [11ms]
2024-05-13 08:31:17.036 [info] > git rev-parse --show-toplevel [5ms]
2024-05-13 08:31:17.050 [info] > git rev-parse --show-toplevel [8ms]
2024-05-13 08:31:17.059 [info] > git rev-parse --show-toplevel [3ms]
2024-05-13 08:31:17.067 [info] > git status -z -uall [18ms]
2024-05-13 08:31:17.097 [info] > git merge-base refs/heads/main refs/remotes/origin/main [22ms]
2024-05-13 08:31:17.104 [info] > git rev-parse --show-toplevel [39ms]
2024-05-13 08:31:17.113 [info] > git config --get commit.template [17ms]
2024-05-13 08:31:17.119 [info] > git rev-parse --show-toplevel [8ms]
2024-05-13 08:31:17.119 [info] > git rev-list --count --left-right refs/heads/main...refs/remotes/origin/main [16ms]
2024-05-13 08:31:17.162 [info] > git diff --name-status -z --diff-filter=ADMR a48ad9f78cfafc31918a383140e0d74241d40561...refs/remotes/origin/main [34ms]
2024-05-13 08:31:17.200 [info] > git rev-parse --show-toplevel [38ms]
2024-05-13 08:31:17.201 [info] > git for-each-ref --format=%(refname)%00%(upstream:short)%00%(objectname)%00%(upstream:track)%00%(upstream:remotename)%00%(upstream:remoteref) refs/heads/main refs/remotes/main [45ms]
2024-05-13 08:31:17.217 [info] > git rev-parse --show-toplevel [11ms]
2024-05-13 08:31:17.228 [info] > git rev-parse --show-toplevel [6ms]
2024-05-13 08:31:17.235 [info] > git rev-parse --show-toplevel [2ms]
2024-05-13 08:31:17.242 [info] > git status -z -uall [15ms]
2024-05-13 08:31:17.250 [info] > git rev-parse --show-toplevel [9ms]
2024-05-13 08:31:17.261 [info] > git rev-parse --show-toplevel [3ms]
2024-05-13 08:31:17.267 [info] > git rev-parse --show-toplevel [1ms]
2024-05-13 08:31:17.276 [info] > git rev-parse --show-toplevel [3ms]
2024-05-13 08:31:17.289 [info] > git rev-parse --show-toplevel [7ms]
2024-05-13 08:31:17.299 [info] > git rev-parse --show-toplevel [2ms]
2024-05-13 08:31:17.314 [info] > git rev-parse --show-toplevel [6ms]
2024-05-13 08:31:17.321 [info] > git rev-parse --show-toplevel [2ms]
2024-05-13 08:31:17.372 [info] > git rev-parse --show-toplevel [45ms]
2024-05-13 08:31:17.382 [info] > git rev-parse --show-toplevel [2ms]
2024-05-13 08:31:17.392 [info] > git rev-parse --show-toplevel [3ms]
2024-05-13 08:31:17.493 [info] > git check-ignore -v -z --stdin [3ms]
2024-05-13 08:31:17.655 [info] > git show --textconv :gtk-3.0/gtk.css [6ms]
2024-05-13 08:31:17.658 [info] > git ls-files --stage -- /home/cyper/.config/gtk-3.0/gtk.css [3ms]
2024-05-13 08:31:17.665 [info] > git cat-file -s c0eab44b1262f3e9603b7dd9398edaacc5662b96 [2ms]
2024-05-13 08:31:19.996 [info] > git config --get commit.template [8ms]
2024-05-13 08:31:19.997 [info] > git for-each-ref --format=%(refname)%00%(upstream:short)%00%(objectname)%00%(upstream:track)%00%(upstream:remotename)%00%(upstream:remoteref) refs/heads/main refs/remotes/main [3ms]
2024-05-13 08:31:20.029 [info] > git status -z -uall [25ms]
2024-05-13 08:31:26.208 [info] > git config --get commit.template [6ms]
2024-05-13 08:31:26.209 [info] > git for-each-ref --format=%(refname)%00%(upstream:short)%00%(objectname)%00%(upstream:track)%00%(upstream:remotename)%00%(upstream:remoteref) refs/heads/main refs/remotes/main [2ms]
2024-05-13 08:31:26.227 [info] > git status -z -uall [12ms]
2024-05-13 08:31:35.759 [info] > git config --get commit.template [5ms]
2024-05-13 08:31:35.760 [info] > git for-each-ref --format=%(refname)%00%(upstream:short)%00%(objectname)%00%(upstream:track)%00%(upstream:remotename)%00%(upstream:remoteref) refs/heads/main refs/remotes/main [2ms]
2024-05-13 08:31:35.780 [info] > git status -z -uall [15ms]
2024-05-13 08:31:40.801 [info] > git config --get commit.template [7ms]
2024-05-13 08:31:40.802 [info] > git for-each-ref --format=%(refname)%00%(upstream:short)%00%(objectname)%00%(upstream:track)%00%(upstream:remotename)%00%(upstream:remoteref) refs/heads/main refs/remotes/main [2ms]
2024-05-13 08:31:40.822 [info] > git status -z -uall [13ms]
2024-05-13 08:31:45.848 [info] > git config --get commit.template [8ms]
2024-05-13 08:31:45.850 [info] > git for-each-ref --format=%(refname)%00%(upstream:short)%00%(objectname)%00%(upstream:track)%00%(upstream:remotename)%00%(upstream:remoteref) refs/heads/main refs/remotes/main [3ms]
2024-05-13 08:31:45.868 [info] > git status -z -uall [13ms]
2024-05-13 08:31:50.890 [info] > git config --get commit.template [8ms]
2024-05-13 08:31:50.892 [info] > git for-each-ref --format=%(refname)%00%(upstream:short)%00%(objectname)%00%(upstream:track)%00%(upstream:remotename)%00%(upstream:remoteref) refs/heads/main refs/remotes/main [4ms]
2024-05-13 08:31:50.910 [info] > git status -z -uall [13ms]
2024-05-13 08:32:15.868 [info] > git config --get commit.template [6ms]
2024-05-13 08:32:15.869 [info] > git for-each-ref --format=%(refname)%00%(upstream:short)%00%(objectname)%00%(upstream:track)%00%(upstream:remotename)%00%(upstream:remoteref) refs/heads/main refs/remotes/main [2ms]
2024-05-13 08:32:15.888 [info] > git status -z -uall [12ms]
2024-05-13 08:32:35.899 [info] > git config --get commit.template [6ms]
2024-05-13 08:32:35.900 [info] > git for-each-ref --format=%(refname)%00%(upstream:short)%00%(objectname)%00%(upstream:track)%00%(upstream:remotename)%00%(upstream:remoteref) refs/heads/main refs/remotes/main [2ms]
2024-05-13 08:32:35.919 [info] > git status -z -uall [13ms]
2024-05-13 08:32:40.936 [info] > git config --get commit.template [6ms]
2024-05-13 08:32:40.937 [info] > git for-each-ref --format=%(refname)%00%(upstream:short)%00%(objectname)%00%(upstream:track)%00%(upstream:remotename)%00%(upstream:remoteref) refs/heads/main refs/remotes/main [2ms]
2024-05-13 08:32:40.954 [info] > git status -z -uall [12ms]
2024-05-13 08:32:47.145 [info] > git config --get commit.template [8ms]
2024-05-13 08:32:47.147 [info] > git for-each-ref --format=%(refname)%00%(upstream:short)%00%(objectname)%00%(upstream:track)%00%(upstream:remotename)%00%(upstream:remoteref) refs/heads/main refs/remotes/main [3ms]
2024-05-13 08:32:47.172 [info] > git status -z -uall [19ms]
2024-05-13 08:32:49.186 [info] > git check-ignore -v -z --stdin [2ms]
2024-05-13 08:32:52.199 [info] > git config --get commit.template [12ms]
2024-05-13 08:32:52.201 [info] > git for-each-ref --format=%(refname)%00%(upstream:short)%00%(objectname)%00%(upstream:track)%00%(upstream:remotename)%00%(upstream:remoteref) refs/heads/main refs/remotes/main [4ms]
2024-05-13 08:32:52.223 [info] > git status -z -uall [13ms]
2024-05-13 08:32:57.240 [info] > git config --get commit.template [6ms]
2024-05-13 08:32:57.241 [info] > git for-each-ref --format=%(refname)%00%(upstream:short)%00%(objectname)%00%(upstream:track)%00%(upstream:remotename)%00%(upstream:remoteref) refs/heads/main refs/remotes/main [2ms]
2024-05-13 08:32:57.258 [info] > git status -z -uall [12ms]
2024-05-13 08:35:26.371 [info] > git config --get commit.template [9ms]
2024-05-13 08:35:26.373 [info] > git for-each-ref --format=%(refname)%00%(upstream:short)%00%(objectname)%00%(upstream:track)%00%(upstream:remotename)%00%(upstream:remoteref) refs/heads/main refs/remotes/main [3ms]
2024-05-13 08:35:26.396 [info] > git status -z -uall [15ms]
2024-05-13 08:35:26.412 [info] > git ls-files --stage -- /home/cyper/.config/gtk-3.0/gtk.css [2ms]
2024-05-13 08:35:26.421 [info] > git cat-file -s c0eab44b1262f3e9603b7dd9398edaacc5662b96 [3ms]
2024-05-13 08:35:26.441 [info] > git show --textconv :gtk-3.0/gtk.css [4ms]
2024-05-13 08:41:19.685 [info] > git config --get commit.template [8ms]
2024-05-13 08:41:19.688 [info] > git for-each-ref --format=%(refname)%00%(upstream:short)%00%(objectname)%00%(upstream:track)%00%(upstream:remotename)%00%(upstream:remoteref) refs/heads/main refs/remotes/main [3ms]
2024-05-13 08:41:19.716 [info] > git status -z -uall [20ms]
2024-05-13 08:41:24.734 [info] > git config --get commit.template [1ms]
2024-05-13 08:41:24.743 [info] > git for-each-ref --format=%(refname)%00%(upstream:short)%00%(objectname)%00%(upstream:track)%00%(upstream:remotename)%00%(upstream:remoteref) refs/heads/main refs/remotes/main [2ms]
2024-05-13 08:41:24.770 [info] > git status -z -uall [20ms]
2024-05-13 08:41:35.962 [info] > git config --get commit.template [7ms]
2024-05-13 08:41:35.963 [info] > git for-each-ref --format=%(refname)%00%(upstream:short)%00%(objectname)%00%(upstream:track)%00%(upstream:remotename)%00%(upstream:remoteref) refs/heads/main refs/remotes/main [2ms]
2024-05-13 08:41:35.983 [info] > git status -z -uall [14ms]
2024-05-13 08:41:41.002 [info] > git config --get commit.template [8ms]
2024-05-13 08:41:41.002 [info] > git for-each-ref --format=%(refname)%00%(upstream:short)%00%(objectname)%00%(upstream:track)%00%(upstream:remotename)%00%(upstream:remoteref) refs/heads/main refs/remotes/main [1ms]
2024-05-13 08:41:41.024 [info] > git status -z -uall [14ms]
2024-05-13 08:41:46.764 [info] > git config --get commit.template [2ms]
2024-05-13 08:41:46.773 [info] > git for-each-ref --format=%(refname)%00%(upstream:short)%00%(objectname)%00%(upstream:track)%00%(upstream:remotename)%00%(upstream:remoteref) refs/heads/main refs/remotes/main [2ms]
2024-05-13 08:41:46.796 [info] > git status -z -uall [16ms]
2024-05-13 08:41:51.813 [info] > git config --get commit.template [7ms]
2024-05-13 08:41:51.814 [info] > git for-each-ref --format=%(refname)%00%(upstream:short)%00%(objectname)%00%(upstream:track)%00%(upstream:remotename)%00%(upstream:remoteref) refs/heads/main refs/remotes/main [2ms]
2024-05-13 08:41:51.840 [info] > git status -z -uall [20ms]
2024-05-13 08:41:56.866 [info] > git config --get commit.template [14ms]
2024-05-13 08:41:56.875 [info] > git for-each-ref --format=%(refname)%00%(upstream:short)%00%(objectname)%00%(upstream:track)%00%(upstream:remotename)%00%(upstream:remoteref) refs/heads/main refs/remotes/main [3ms]
2024-05-13 08:41:56.895 [info] > git status -z -uall [14ms]
2024-05-13 08:41:57.403 [info] > git show --textconv :waybar/style.css [9ms]
2024-05-13 08:41:57.406 [info] > git ls-files --stage -- /home/cyper/.config/waybar/style.css [3ms]
2024-05-13 08:41:57.414 [info] > git cat-file -s ac99993fd083f6ee363331179001fafcd54c2c73 [2ms]
2024-05-13 08:41:57.684 [info] > git check-ignore -v -z --stdin [3ms]
2024-05-13 08:42:01.915 [info] > git config --get commit.template [6ms]
2024-05-13 08:42:01.916 [info] > git for-each-ref --format=%(refname)%00%(upstream:short)%00%(objectname)%00%(upstream:track)%00%(upstream:remotename)%00%(upstream:remoteref) refs/heads/main refs/remotes/main [2ms]
2024-05-13 08:42:01.934 [info] > git status -z -uall [12ms]
2024-05-13 08:42:03.935 [info] > git show --textconv :gtk-3.0/gtk.css [11ms]
2024-05-13 08:42:03.940 [info] > git ls-files --stage -- /home/cyper/.config/gtk-3.0/gtk.css [7ms]
2024-05-13 08:42:03.949 [info] > git cat-file -s c0eab44b1262f3e9603b7dd9398edaacc5662b96 [2ms]
2024-05-13 08:42:20.384 [info] > git config --get commit.template [6ms]
2024-05-13 08:42:20.385 [info] > git for-each-ref --format=%(refname)%00%(upstream:short)%00%(objectname)%00%(upstream:track)%00%(upstream:remotename)%00%(upstream:remoteref) refs/heads/main refs/remotes/main [2ms]
2024-05-13 08:42:20.404 [info] > git status -z -uall [14ms]
2024-05-13 08:42:25.417 [info] > git config --get commit.template [2ms]
2024-05-13 08:42:25.426 [info] > git for-each-ref --format=%(refname)%00%(upstream:short)%00%(objectname)%00%(upstream:track)%00%(upstream:remotename)%00%(upstream:remoteref) refs/heads/main refs/remotes/main [2ms]
2024-05-13 08:42:25.448 [info] > git status -z -uall [14ms]
2024-05-13 08:42:30.468 [info] > git config --get commit.template [8ms]
2024-05-13 08:42:30.469 [info] > git for-each-ref --format=%(refname)%00%(upstream:short)%00%(objectname)%00%(upstream:track)%00%(upstream:remotename)%00%(upstream:remoteref) refs/heads/main refs/remotes/main [2ms]
2024-05-13 08:42:30.490 [info] > git status -z -uall [13ms]
2024-05-13 09:06:20.422 [info] > git config --get commit.template [8ms]
2024-05-13 09:06:20.424 [info] > git for-each-ref --format=%(refname)%00%(upstream:short)%00%(objectname)%00%(upstream:track)%00%(upstream:remotename)%00%(upstream:remoteref) refs/heads/main refs/remotes/main [3ms]
2024-05-13 09:06:20.444 [info] > git status -z -uall [13ms]
2024-05-13 09:06:25.456 [info] > git config --get commit.template [3ms]
2024-05-13 09:06:25.463 [info] > git for-each-ref --format=%(refname)%00%(upstream:short)%00%(objectname)%00%(upstream:track)%00%(upstream:remotename)%00%(upstream:remoteref) refs/heads/main refs/remotes/main [2ms]
2024-05-13 09:06:25.483 [info] > git status -z -uall [13ms]
2024-05-13 09:06:30.498 [info] > git config --get commit.template [5ms]
2024-05-13 09:06:30.499 [info] > git for-each-ref --format=%(refname)%00%(upstream:short)%00%(objectname)%00%(upstream:track)%00%(upstream:remotename)%00%(upstream:remoteref) refs/heads/main refs/remotes/main [2ms]
2024-05-13 09:06:30.519 [info] > git status -z -uall [15ms]
2024-05-13 09:06:39.163 [info] > git config --get commit.template [8ms]
2024-05-13 09:06:39.165 [info] > git for-each-ref --format=%(refname)%00%(upstream:short)%00%(objectname)%00%(upstream:track)%00%(upstream:remotename)%00%(upstream:remoteref) refs/heads/main refs/remotes/main [2ms]
2024-05-13 09:06:39.184 [info] > git status -z -uall [14ms]
2024-05-13 09:07:13.940 [info] > git config --get commit.template [7ms]
2024-05-13 09:07:13.942 [info] > git for-each-ref --format=%(refname)%00%(upstream:short)%00%(objectname)%00%(upstream:track)%00%(upstream:remotename)%00%(upstream:remoteref) refs/heads/main refs/remotes/main [3ms]
2024-05-13 09:07:13.970 [info] > git status -z -uall [20ms]
2024-05-13 09:07:18.985 [info] > git config --get commit.template [5ms]
2024-05-13 09:07:18.986 [info] > git for-each-ref --format=%(refname)%00%(upstream:short)%00%(objectname)%00%(upstream:track)%00%(upstream:remotename)%00%(upstream:remoteref) refs/heads/main refs/remotes/main [2ms]
2024-05-13 09:07:19.005 [info] > git status -z -uall [13ms]
2024-05-13 09:08:23.138 [info] > git config --get commit.template [7ms]
2024-05-13 09:08:23.140 [info] > git for-each-ref --format=%(refname)%00%(upstream:short)%00%(objectname)%00%(upstream:track)%00%(upstream:remotename)%00%(upstream:remoteref) refs/heads/main refs/remotes/main [3ms]
2024-05-13 09:08:23.167 [info] > git status -z -uall [21ms]
2024-05-13 09:08:28.183 [info] > git config --get commit.template [6ms]
2024-05-13 09:08:28.184 [info] > git for-each-ref --format=%(refname)%00%(upstream:short)%00%(objectname)%00%(upstream:track)%00%(upstream:remotename)%00%(upstream:remoteref) refs/heads/main refs/remotes/main [1ms]
2024-05-13 09:08:28.202 [info] > git status -z -uall [12ms]
2024-05-13 09:08:39.023 [info] > git config --get commit.template [2ms]
2024-05-13 09:08:39.030 [info] > git for-each-ref --format=%(refname)%00%(upstream:short)%00%(objectname)%00%(upstream:track)%00%(upstream:remotename)%00%(upstream:remoteref) refs/heads/main refs/remotes/main [3ms]
2024-05-13 09:08:39.047 [info] > git status -z -uall [12ms]
2024-05-13 09:08:44.074 [info] > git config --get commit.template [6ms]
2024-05-13 09:08:44.077 [info] > git for-each-ref --format=%(refname)%00%(upstream:short)%00%(objectname)%00%(upstream:track)%00%(upstream:remotename)%00%(upstream:remoteref) refs/heads/main refs/remotes/main [3ms]
2024-05-13 09:08:44.104 [info] > git status -z -uall [19ms]
2024-05-13 09:09:11.773 [info] > git config --get commit.template [9ms]
2024-05-13 09:09:11.775 [info] > git for-each-ref --format=%(refname)%00%(upstream:short)%00%(objectname)%00%(upstream:track)%00%(upstream:remotename)%00%(upstream:remoteref) refs/heads/main refs/remotes/main [3ms]
2024-05-13 09:09:11.795 [info] > git status -z -uall [14ms]
2024-05-13 09:09:16.813 [info] > git config --get commit.template [7ms]
2024-05-13 09:09:16.814 [info] > git for-each-ref --format=%(refname)%00%(upstream:short)%00%(objectname)%00%(upstream:track)%00%(upstream:remotename)%00%(upstream:remoteref) refs/heads/main refs/remotes/main [2ms]
2024-05-13 09:09:16.835 [info] > git status -z -uall [14ms]
2024-05-13 09:09:21.858 [info] > git config --get commit.template [9ms]
2024-05-13 09:09:21.859 [info] > git for-each-ref --format=%(refname)%00%(upstream:short)%00%(objectname)%00%(upstream:track)%00%(upstream:remotename)%00%(upstream:remoteref) refs/heads/main refs/remotes/main [3ms]
2024-05-13 09:09:21.878 [info] > git status -z -uall [12ms]
2024-05-13 09:09:32.840 [info] > git config --get commit.template [9ms]
2024-05-13 09:09:32.841 [info] > git for-each-ref --format=%(refname)%00%(upstream:short)%00%(objectname)%00%(upstream:track)%00%(upstream:remotename)%00%(upstream:remoteref) refs/heads/main refs/remotes/main [2ms]
2024-05-13 09:09:32.867 [info] > git status -z -uall [17ms]
2024-05-13 09:09:38.243 [info] > git config --get commit.template [6ms]
2024-05-13 09:09:38.244 [info] > git for-each-ref --format=%(refname)%00%(upstream:short)%00%(objectname)%00%(upstream:track)%00%(upstream:remotename)%00%(upstream:remoteref) refs/heads/main refs/remotes/main [2ms]
2024-05-13 09:09:38.263 [info] > git status -z -uall [13ms]
2024-05-13 09:09:43.279 [info] > git config --get commit.template [6ms]
2024-05-13 09:09:43.280 [info] > git for-each-ref --format=%(refname)%00%(upstream:short)%00%(objectname)%00%(upstream:track)%00%(upstream:remotename)%00%(upstream:remoteref) refs/heads/main refs/remotes/main [2ms]
2024-05-13 09:09:43.298 [info] > git status -z -uall [12ms]
2024-05-14 08:20:26.761 [info] > git config --get commit.template [11ms]
2024-05-14 08:20:26.763 [info] > git for-each-ref --format=%(refname)%00%(upstream:short)%00%(objectname)%00%(upstream:track)%00%(upstream:remotename)%00%(upstream:remoteref) refs/heads/main refs/remotes/main [3ms]
2024-05-14 08:20:26.794 [info] > git status -z -uall [22ms]
2024-05-14 08:50:47.997 [info] > git config --get commit.template [9ms]
2024-05-14 08:50:47.998 [info] > git for-each-ref --format=%(refname)%00%(upstream:short)%00%(objectname)%00%(upstream:track)%00%(upstream:remotename)%00%(upstream:remoteref) refs/heads/main refs/remotes/main [2ms]
2024-05-14 08:50:48.020 [info] > git status -z -uall [15ms]
