2024-05-23 07:40:43.678 [info] Extension host with pid 17306 started
2024-05-23 07:40:43.678 [info] Skipping acquiring lock for /home/cyper/.config/Code/User/workspaceStorage/e74625fb79d054859e0e9e27f85f4bef.
2024-05-23 07:40:44.127 [info] ExtensionService#_doActivateExtension vscode.emmet, startup: false, activationEvent: 'onLanguage'
2024-05-23 07:40:44.149 [info] ExtensionService#_doActivateExtension vscode.css-language-features, startup: false, activationEvent: 'onLanguage:css'
2024-05-23 07:40:44.955 [info] ExtensionService#_doActivateExtension vscode.git-base, startup: true, activationEvent: '*', root cause: vscode.git
2024-05-23 07:40:44.962 [info] ExtensionService#_doActivateExtension kamikillerto.vscode-colorize, startup: true, activationEvent: '*'
2024-05-23 07:40:45.098 [info] ExtensionService#_doActivateExtension vscode.git, startup: true, activationEvent: '*'
2024-05-23 07:40:45.173 [info] ExtensionService#_doActivateExtension vscode.github, startup: true, activationEvent: '*'
2024-05-23 07:40:45.423 [info] Eager extensions activated
2024-05-23 07:40:45.574 [info] ExtensionService#_doActivateExtension vscode.debug-auto-launch, startup: false, activationEvent: 'onStartupFinished'
2024-05-23 07:40:45.581 [info] ExtensionService#_doActivateExtension vscode.merge-conflict, startup: false, activationEvent: 'onStartupFinished'
2024-05-23 07:40:46.214 [info] ExtensionService#_doActivateExtension vscode.github-authentication, startup: false, activationEvent: 'onAuthenticationRequest:github'
2024-05-23 07:41:02.907 [warning] [Decorations] CAPPING events from decorations provider vscode.git 260
2024-05-23 07:41:08.100 [warning] [Decorations] CAPPING events from decorations provider vscode.git 260
2024-05-23 07:41:13.286 [warning] [Decorations] CAPPING events from decorations provider vscode.git 273
2024-05-23 07:41:18.384 [warning] [Decorations] CAPPING events from decorations provider vscode.git 275
2024-05-23 07:41:23.608 [warning] [Decorations] CAPPING events from decorations provider vscode.git 286
2024-05-23 07:41:28.779 [warning] [Decorations] CAPPING events from decorations provider vscode.git 291
2024-05-23 07:41:33.910 [warning] [Decorations] CAPPING events from decorations provider vscode.git 291
2024-05-23 07:41:39.009 [warning] [Decorations] CAPPING events from decorations provider vscode.git 291
2024-05-23 07:41:44.111 [warning] [Decorations] CAPPING events from decorations provider vscode.git 291
2024-05-23 07:41:49.205 [warning] [Decorations] CAPPING events from decorations provider vscode.git 291
2024-05-23 07:41:54.305 [warning] [Decorations] CAPPING events from decorations provider vscode.git 291
2024-05-23 07:41:59.399 [warning] [Decorations] CAPPING events from decorations provider vscode.git 291
2024-05-23 07:42:04.490 [warning] [Decorations] CAPPING events from decorations provider vscode.git 291
2024-05-23 07:42:09.586 [warning] [Decorations] CAPPING events from decorations provider vscode.git 291
2024-05-23 07:42:14.681 [warning] [Decorations] CAPPING events from decorations provider vscode.git 291
2024-05-23 07:42:19.769 [warning] [Decorations] CAPPING events from decorations provider vscode.git 291
2024-05-23 07:42:37.535 [warning] [Decorations] CAPPING events from decorations provider vscode.git 299
2024-05-23 07:42:50.994 [warning] [Decorations] CAPPING events from decorations provider vscode.git 299
2024-05-23 07:44:08.037 [warning] [Decorations] CAPPING events from decorations provider vscode.git 303
2024-05-23 08:02:11.718 [warning] [Decorations] CAPPING events from decorations provider vscode.git 438
2024-05-23 08:02:18.086 [warning] [Decorations] CAPPING events from decorations provider vscode.git 438
2024-05-23 08:02:23.212 [warning] [Decorations] CAPPING events from decorations provider vscode.git 438
2024-05-23 08:02:28.308 [warning] [Decorations] CAPPING events from decorations provider vscode.git 438
2024-05-23 08:02:33.407 [warning] [Decorations] CAPPING events from decorations provider vscode.git 438
2024-05-23 08:02:38.502 [warning] [Decorations] CAPPING events from decorations provider vscode.git 438
2024-05-23 08:02:43.597 [warning] [Decorations] CAPPING events from decorations provider vscode.git 438
2024-05-23 08:02:48.702 [warning] [Decorations] CAPPING events from decorations provider vscode.git 438
2024-05-23 08:02:53.799 [warning] [Decorations] CAPPING events from decorations provider vscode.git 438
2024-05-23 08:02:58.896 [warning] [Decorations] CAPPING events from decorations provider vscode.git 438
2024-05-23 08:03:04.003 [warning] [Decorations] CAPPING events from decorations provider vscode.git 438
2024-05-23 08:03:09.119 [warning] [Decorations] CAPPING events from decorations provider vscode.git 438
2024-05-23 08:03:14.216 [warning] [Decorations] CAPPING events from decorations provider vscode.git 438
2024-05-23 08:03:19.312 [warning] [Decorations] CAPPING events from decorations provider vscode.git 438
2024-05-23 08:03:24.446 [warning] [Decorations] CAPPING events from decorations provider vscode.git 438
2024-05-23 08:03:29.573 [warning] [Decorations] CAPPING events from decorations provider vscode.git 438
2024-05-23 08:03:34.672 [warning] [Decorations] CAPPING events from decorations provider vscode.git 438
2024-05-23 08:03:39.768 [warning] [Decorations] CAPPING events from decorations provider vscode.git 438
2024-05-23 08:03:44.864 [warning] [Decorations] CAPPING events from decorations provider vscode.git 438
2024-05-23 08:03:49.994 [warning] [Decorations] CAPPING events from decorations provider vscode.git 438
2024-05-23 08:03:55.092 [warning] [Decorations] CAPPING events from decorations provider vscode.git 438
2024-05-23 08:04:00.229 [warning] [Decorations] CAPPING events from decorations provider vscode.git 438
2024-05-23 08:04:05.342 [warning] [Decorations] CAPPING events from decorations provider vscode.git 438
2024-05-23 08:04:10.440 [warning] [Decorations] CAPPING events from decorations provider vscode.git 438
2024-05-23 08:04:15.541 [warning] [Decorations] CAPPING events from decorations provider vscode.git 438
2024-05-23 08:04:20.667 [warning] [Decorations] CAPPING events from decorations provider vscode.git 438
2024-05-23 08:04:25.791 [warning] [Decorations] CAPPING events from decorations provider vscode.git 438
2024-05-23 08:04:30.894 [warning] [Decorations] CAPPING events from decorations provider vscode.git 438
2024-05-23 08:04:36.001 [warning] [Decorations] CAPPING events from decorations provider vscode.git 438
2024-05-23 08:04:41.096 [warning] [Decorations] CAPPING events from decorations provider vscode.git 438
2024-05-23 08:04:46.192 [warning] [Decorations] CAPPING events from decorations provider vscode.git 438
2024-05-23 08:04:51.287 [warning] [Decorations] CAPPING events from decorations provider vscode.git 438
2024-05-23 08:04:56.388 [warning] [Decorations] CAPPING events from decorations provider vscode.git 438
2024-05-23 08:05:01.493 [warning] [Decorations] CAPPING events from decorations provider vscode.git 438
2024-05-23 08:05:06.629 [warning] [Decorations] CAPPING events from decorations provider vscode.git 438
2024-05-23 08:05:11.842 [warning] [Decorations] CAPPING events from decorations provider vscode.git 438
2024-05-23 08:05:16.942 [warning] [Decorations] CAPPING events from decorations provider vscode.git 438
2024-05-23 08:05:22.186 [warning] [Decorations] CAPPING events from decorations provider vscode.git 438
2024-05-23 08:05:27.473 [warning] [Decorations] CAPPING events from decorations provider vscode.git 438
2024-05-23 08:05:33.797 [warning] [Decorations] CAPPING events from decorations provider vscode.git 438
2024-05-23 08:05:39.219 [warning] [Decorations] CAPPING events from decorations provider vscode.git 438
2024-05-23 08:05:44.317 [warning] [Decorations] CAPPING events from decorations provider vscode.git 438
2024-05-23 08:05:49.409 [warning] [Decorations] CAPPING events from decorations provider vscode.git 438
2024-05-23 08:05:54.499 [warning] [Decorations] CAPPING events from decorations provider vscode.git 438
2024-05-23 08:05:59.591 [warning] [Decorations] CAPPING events from decorations provider vscode.git 438
2024-05-23 08:06:04.688 [warning] [Decorations] CAPPING events from decorations provider vscode.git 438
2024-05-23 08:06:09.793 [warning] [Decorations] CAPPING events from decorations provider vscode.git 438
2024-05-23 08:06:14.901 [warning] [Decorations] CAPPING events from decorations provider vscode.git 438
2024-05-23 08:06:20.024 [warning] [Decorations] CAPPING events from decorations provider vscode.git 438
2024-05-23 08:06:21.353 [info] ExtensionService#_doActivateExtension glenn2223.live-sass, startup: false, activationEvent: 'onLanguage:scss'
2024-05-23 08:06:25.133 [warning] [Decorations] CAPPING events from decorations provider vscode.git 438
2024-05-23 08:06:32.162 [warning] [Decorations] CAPPING events from decorations provider vscode.git 442
2024-05-23 08:06:37.262 [warning] [Decorations] CAPPING events from decorations provider vscode.git 442
2024-05-23 08:06:42.359 [warning] [Decorations] CAPPING events from decorations provider vscode.git 442
2024-05-23 08:06:47.457 [warning] [Decorations] CAPPING events from decorations provider vscode.git 442
2024-05-23 08:06:52.552 [warning] [Decorations] CAPPING events from decorations provider vscode.git 443
2024-05-23 08:06:57.673 [warning] [Decorations] CAPPING events from decorations provider vscode.git 443
2024-05-23 08:07:02.798 [warning] [Decorations] CAPPING events from decorations provider vscode.git 443
2024-05-23 08:07:07.939 [warning] [Decorations] CAPPING events from decorations provider vscode.git 443
2024-05-23 08:07:13.130 [warning] [Decorations] CAPPING events from decorations provider vscode.git 443
2024-05-23 08:07:18.379 [warning] [Decorations] CAPPING events from decorations provider vscode.git 443
2024-05-23 08:07:23.470 [warning] [Decorations] CAPPING events from decorations provider vscode.git 443
2024-05-23 08:07:28.701 [warning] [Decorations] CAPPING events from decorations provider vscode.git 443
2024-05-23 08:07:33.970 [warning] [Decorations] CAPPING events from decorations provider vscode.git 443
2024-05-23 08:07:44.456 [warning] [Decorations] CAPPING events from decorations provider vscode.git 443
2024-05-23 08:14:12.406 [warning] [Decorations] CAPPING events from decorations provider vscode.git 443
2024-05-23 08:14:17.520 [warning] [Decorations] CAPPING events from decorations provider vscode.git 443
2024-05-23 08:14:22.637 [warning] [Decorations] CAPPING events from decorations provider vscode.git 443
2024-05-23 08:14:27.867 [warning] [Decorations] CAPPING events from decorations provider vscode.git 443
2024-05-23 08:14:32.970 [warning] [Decorations] CAPPING events from decorations provider vscode.git 443
2024-05-23 08:14:38.074 [warning] [Decorations] CAPPING events from decorations provider vscode.git 443
2024-05-23 08:14:43.178 [warning] [Decorations] CAPPING events from decorations provider vscode.git 443
2024-05-23 08:14:48.277 [warning] [Decorations] CAPPING events from decorations provider vscode.git 443
2024-05-23 08:14:53.396 [warning] [Decorations] CAPPING events from decorations provider vscode.git 443
2024-05-23 08:14:58.640 [warning] [Decorations] CAPPING events from decorations provider vscode.git 443
2024-05-23 08:15:03.738 [warning] [Decorations] CAPPING events from decorations provider vscode.git 443
2024-05-23 08:15:08.835 [warning] [Decorations] CAPPING events from decorations provider vscode.git 443
2024-05-23 08:15:13.938 [warning] [Decorations] CAPPING events from decorations provider vscode.git 443
2024-05-23 08:15:19.073 [warning] [Decorations] CAPPING events from decorations provider vscode.git 443
2024-05-23 08:15:24.174 [warning] [Decorations] CAPPING events from decorations provider vscode.git 443
2024-05-23 08:15:29.408 [warning] [Decorations] CAPPING events from decorations provider vscode.git 443
2024-05-23 08:16:13.381 [warning] [Decorations] CAPPING events from decorations provider vscode.git 443
2024-05-23 08:44:44.016 [warning] [Decorations] CAPPING events from decorations provider vscode.git 443
2024-05-23 08:44:59.608 [warning] [Decorations] CAPPING events from decorations provider vscode.git 443
2024-05-23 08:45:05.486 [warning] [Decorations] CAPPING events from decorations provider vscode.git 443
2024-05-23 08:45:10.588 [warning] [Decorations] CAPPING events from decorations provider vscode.git 443
2024-05-23 08:45:15.682 [warning] [Decorations] CAPPING events from decorations provider vscode.git 443
2024-05-23 08:45:20.788 [warning] [Decorations] CAPPING events from decorations provider vscode.git 443
2024-05-23 08:45:25.891 [warning] [Decorations] CAPPING events from decorations provider vscode.git 443
2024-05-23 08:45:31.003 [warning] [Decorations] CAPPING events from decorations provider vscode.git 443
2024-05-23 08:45:36.100 [warning] [Decorations] CAPPING events from decorations provider vscode.git 443
2024-05-23 08:45:41.205 [warning] [Decorations] CAPPING events from decorations provider vscode.git 443
2024-05-23 08:45:46.300 [warning] [Decorations] CAPPING events from decorations provider vscode.git 443
2024-05-23 08:45:51.409 [warning] [Decorations] CAPPING events from decorations provider vscode.git 443
2024-05-23 08:45:56.503 [warning] [Decorations] CAPPING events from decorations provider vscode.git 443
2024-05-23 08:46:01.602 [warning] [Decorations] CAPPING events from decorations provider vscode.git 443
2024-05-23 08:46:06.708 [warning] [Decorations] CAPPING events from decorations provider vscode.git 443
2024-05-23 08:46:11.805 [warning] [Decorations] CAPPING events from decorations provider vscode.git 443
2024-05-23 08:46:16.900 [warning] [Decorations] CAPPING events from decorations provider vscode.git 443
2024-05-23 08:46:22.000 [warning] [Decorations] CAPPING events from decorations provider vscode.git 444
2024-05-23 08:46:27.099 [warning] [Decorations] CAPPING events from decorations provider vscode.git 443
2024-05-23 08:46:32.192 [warning] [Decorations] CAPPING events from decorations provider vscode.git 443
2024-05-23 08:46:37.294 [warning] [Decorations] CAPPING events from decorations provider vscode.git 443
2024-05-23 08:46:42.393 [warning] [Decorations] CAPPING events from decorations provider vscode.git 443
2024-05-23 08:46:47.486 [warning] [Decorations] CAPPING events from decorations provider vscode.git 443
2024-05-23 08:46:52.587 [warning] [Decorations] CAPPING events from decorations provider vscode.git 443
2024-05-23 08:46:57.708 [warning] [Decorations] CAPPING events from decorations provider vscode.git 443
2024-05-23 08:47:02.809 [warning] [Decorations] CAPPING events from decorations provider vscode.git 443
2024-05-23 08:47:07.903 [warning] [Decorations] CAPPING events from decorations provider vscode.git 443
2024-05-23 08:47:13.046 [warning] [Decorations] CAPPING events from decorations provider vscode.git 444
2024-05-23 08:47:18.143 [warning] [Decorations] CAPPING events from decorations provider vscode.git 444
2024-05-23 08:47:23.249 [warning] [Decorations] CAPPING events from decorations provider vscode.git 444
2024-05-23 08:47:28.345 [warning] [Decorations] CAPPING events from decorations provider vscode.git 445
2024-05-23 08:47:33.456 [warning] [Decorations] CAPPING events from decorations provider vscode.git 444
