2024-05-23 06:30:42.874 [info] Log level: Info
2024-05-23 06:30:42.874 [info] Validating found git in: "git"
2024-05-23 06:30:42.874 [info] Using git "2.45.1" from "git"
2024-05-23 06:30:42.874 [info] > git rev-parse --show-toplevel [48ms]
2024-05-23 06:30:43.103 [info] > git rev-parse --git-dir --git-common-dir [221ms]
2024-05-23 06:30:43.143 [info] Open repository: /home/cyper/.config
2024-05-23 06:30:43.262 [info] > git rev-parse --show-toplevel [30ms]
2024-05-23 06:30:43.264 [info] > git config --get commit.template [36ms]
2024-05-23 06:30:43.288 [info] > git rev-parse --show-toplevel [13ms]
2024-05-23 06:30:43.301 [info] > git rev-parse --show-toplevel [5ms]
2024-05-23 06:30:43.301 [info] > git for-each-ref --format=%(refname)%00%(upstream:short)%00%(objectname)%00%(upstream:track)%00%(upstream:remotename)%00%(upstream:remoteref) refs/heads/main refs/remotes/main [18ms]
2024-05-23 06:30:43.314 [info] > git rev-parse --show-toplevel [5ms]
2024-05-23 06:30:43.343 [info] > git rev-parse --show-toplevel [11ms]
2024-05-23 06:30:43.361 [info] > git rev-parse --show-toplevel [10ms]
2024-05-23 06:30:43.373 [info] > git rev-parse --show-toplevel [4ms]
2024-05-23 06:30:43.386 [info] > git status -z -uall [63ms]
2024-05-23 06:30:43.437 [info] > git merge-base refs/heads/main refs/remotes/origin/main [37ms]
2024-05-23 06:30:43.450 [info] > git rev-parse --show-toplevel [67ms]
2024-05-23 06:30:43.460 [info] > git config --get commit.template [26ms]
2024-05-23 06:30:43.471 [info] > git rev-parse --show-toplevel [12ms]
2024-05-23 06:30:43.471 [info] > git rev-list --count --left-right refs/heads/main...refs/remotes/origin/main [25ms]
2024-05-23 06:30:43.647 [info] > git diff --name-status -z --diff-filter=ADMR a48ad9f78cfafc31918a383140e0d74241d40561...refs/remotes/origin/main [167ms]
2024-05-23 06:30:43.683 [info] > git rev-parse --show-toplevel [40ms]
2024-05-23 06:30:43.683 [info] > git for-each-ref --format=%(refname)%00%(upstream:short)%00%(objectname)%00%(upstream:track)%00%(upstream:remotename)%00%(upstream:remoteref) refs/heads/main refs/remotes/main [46ms]
2024-05-23 06:30:43.692 [info] > git check-ignore -v -z --stdin [14ms]
2024-05-23 06:30:43.701 [info] > git rev-parse --show-toplevel [10ms]
2024-05-23 06:30:43.723 [info] > git rev-parse --show-toplevel [14ms]
2024-05-23 06:30:43.735 [info] > git rev-parse --show-toplevel [4ms]
2024-05-23 06:30:43.746 [info] > git rev-parse --show-toplevel [3ms]
2024-05-23 06:30:43.756 [info] > git rev-parse --show-toplevel [3ms]
2024-05-23 06:30:43.765 [info] > git status -z -uall [45ms]
2024-05-23 06:30:43.778 [info] > git rev-parse --show-toplevel [14ms]
2024-05-23 06:30:43.789 [info] > git rev-parse --show-toplevel [4ms]
2024-05-23 06:30:43.802 [info] > git rev-parse --show-toplevel [3ms]
2024-05-23 06:30:43.815 [info] > git rev-parse --show-toplevel [3ms]
2024-05-23 06:30:43.828 [info] > git rev-parse --show-toplevel [5ms]
2024-05-23 06:30:43.841 [info] > git rev-parse --show-toplevel [4ms]
2024-05-23 06:30:43.853 [info] > git rev-parse --show-toplevel [5ms]
