2024-04-28 04:55:47.270 [info] Log level: Info
2024-04-28 04:55:47.270 [info] Validating found git in: "git"
2024-04-28 04:55:47.270 [info] Using git "2.44.0" from "git"
2024-04-28 04:55:47.270 [info] > git rev-parse --show-toplevel [5ms]
2024-04-28 04:55:47.270 [info] fatal: not a git repository (or any of the parent directories): .git
2024-04-28 04:55:47.270 [info] > git rev-parse --show-toplevel [3ms]
2024-04-28 04:55:47.270 [info] fatal: not a git repository (or any of the parent directories): .git
2024-04-28 04:55:47.272 [info] > git rev-parse --show-toplevel [4ms]
2024-04-28 04:55:47.272 [info] fatal: not a git repository (or any of the parent directories): .git
2024-04-28 04:55:47.295 [info] > git rev-parse --show-toplevel [14ms]
2024-04-28 04:55:47.295 [info] fatal: not a git repository (or any of the parent directories): .git
2024-04-28 04:55:47.326 [info] > git rev-parse --show-toplevel [22ms]
2024-04-28 04:55:47.327 [info] fatal: not a git repository (or any of the parent directories): .git
2024-04-28 04:55:47.381 [info] > git rev-parse --show-toplevel [17ms]
2024-04-28 04:55:47.381 [info] fatal: not a git repository (or any of the parent directories): .git
2024-04-28 04:55:47.391 [info] > git rev-parse --show-toplevel [2ms]
2024-04-28 04:55:47.391 [info] fatal: not a git repository (or any of the parent directories): .git
2024-04-28 04:55:47.399 [info] > git rev-parse --show-toplevel [3ms]
2024-04-28 04:55:47.399 [info] fatal: not a git repository (or any of the parent directories): .git
2024-04-28 04:55:47.406 [info] > git rev-parse --show-toplevel [2ms]
2024-04-28 04:55:47.406 [info] fatal: not a git repository (or any of the parent directories): .git
2024-04-28 04:55:47.419 [info] > git rev-parse --show-toplevel [4ms]
2024-04-28 04:55:47.419 [info] fatal: not a git repository (or any of the parent directories): .git
2024-04-28 04:55:47.434 [info] > git rev-parse --show-toplevel [4ms]
2024-04-28 04:55:47.434 [info] fatal: not a git repository (or any of the parent directories): .git
2024-04-28 04:55:47.443 [info] > git rev-parse --show-toplevel [4ms]
2024-04-28 04:55:47.443 [info] fatal: not a git repository (or any of the parent directories): .git
2024-04-28 04:55:47.454 [info] > git rev-parse --show-toplevel [4ms]
2024-04-28 04:55:47.454 [info] fatal: not a git repository (or any of the parent directories): .git
2024-04-28 04:55:47.464 [info] > git rev-parse --show-toplevel [2ms]
2024-04-28 04:55:47.464 [info] fatal: not a git repository (or any of the parent directories): .git
2024-04-28 04:55:47.472 [info] > git rev-parse --show-toplevel [2ms]
2024-04-28 04:55:47.473 [info] fatal: not a git repository (or any of the parent directories): .git
2024-04-28 04:55:47.480 [info] > git rev-parse --show-toplevel [3ms]
2024-04-28 04:55:47.480 [info] fatal: not a git repository (or any of the parent directories): .git
2024-04-28 04:55:47.489 [info] > git rev-parse --show-toplevel [2ms]
2024-04-28 04:55:47.489 [info] fatal: not a git repository (or any of the parent directories): .git
2024-04-28 04:55:47.497 [info] > git rev-parse --show-toplevel [3ms]
2024-04-28 04:55:47.497 [info] fatal: not a git repository (or any of the parent directories): .git
2024-04-28 04:55:47.504 [info] > git rev-parse --show-toplevel [1ms]
2024-04-28 04:55:47.504 [info] fatal: not a git repository (or any of the parent directories): .git
2024-04-28 04:55:47.512 [info] > git rev-parse --show-toplevel [1ms]
2024-04-28 04:55:47.512 [info] fatal: not a git repository (or any of the parent directories): .git
2024-04-28 04:55:47.520 [info] > git rev-parse --show-toplevel [2ms]
2024-04-28 04:55:47.520 [info] fatal: not a git repository (or any of the parent directories): .git
2024-04-28 04:55:47.531 [info] > git rev-parse --show-toplevel [4ms]
2024-04-28 04:55:47.531 [info] fatal: not a git repository (or any of the parent directories): .git
2024-04-28 04:55:47.540 [info] > git rev-parse --show-toplevel [1ms]
2024-04-28 04:55:47.540 [info] fatal: not a git repository (or any of the parent directories): .git
2024-04-28 04:55:47.648 [info] > git rev-parse --show-toplevel [2ms]
2024-04-28 04:55:47.648 [info] fatal: not a git repository (or any of the parent directories): .git
2024-04-28 05:19:01.353 [info] > git rev-parse --show-toplevel [3ms]
2024-04-28 05:19:01.353 [info] fatal: not a git repository (or any of the parent directories): .git
2024-04-28 05:20:46.675 [info] > git rev-parse --show-toplevel [5ms]
2024-04-28 05:20:46.675 [info] fatal: not a git repository (or any of the parent directories): .git
