2024-05-23 07:37:56.309 [info] Log level: Info
2024-05-23 07:37:56.309 [info] Validating found git in: "git"
2024-05-23 07:37:56.309 [info] Using git "2.45.1" from "git"
2024-05-23 07:37:56.309 [info] > git rev-parse --show-toplevel [44ms]
2024-05-23 07:37:56.309 [info] > git rev-parse --git-dir --git-common-dir [30ms]
2024-05-23 07:37:56.309 [info] Open repository: /home/cyper/.config
2024-05-23 07:37:56.312 [info] > git rev-parse --show-toplevel [7ms]
2024-05-23 07:37:56.315 [info] > git config --get commit.template [15ms]
2024-05-23 07:37:56.339 [info] > git rev-parse --show-toplevel [15ms]
2024-05-23 07:37:56.350 [info] > git for-each-ref --format=%(refname)%00%(upstream:short)%00%(objectname)%00%(upstream:track)%00%(upstream:remotename)%00%(upstream:remoteref) refs/heads/main refs/remotes/main [15ms]
2024-05-23 07:37:56.354 [info] > git rev-parse --show-toplevel [7ms]
2024-05-23 07:37:56.375 [info] > git rev-parse --show-toplevel [9ms]
2024-05-23 07:37:56.400 [info] > git rev-parse --show-toplevel [4ms]
2024-05-23 07:37:56.419 [info] > git rev-parse --show-toplevel [9ms]
2024-05-23 07:37:56.437 [info] > git rev-parse --show-toplevel [4ms]
2024-05-23 07:37:56.454 [info] > git rev-parse --show-toplevel [6ms]
2024-05-23 07:37:56.477 [info] > git rev-parse --show-toplevel [5ms]
2024-05-23 07:37:56.491 [info] > git rev-parse --show-toplevel [4ms]
2024-05-23 07:37:56.507 [info] > git status -z -uall [120ms]
2024-05-23 07:37:56.578 [info] > git merge-base refs/heads/main refs/remotes/origin/main [53ms]
2024-05-23 07:37:56.589 [info] > git rev-parse --show-toplevel [85ms]
2024-05-23 07:37:56.602 [info] > git config --get commit.template [35ms]
2024-05-23 07:37:56.611 [info] > git rev-parse --show-toplevel [12ms]
2024-05-23 07:37:56.611 [info] > git rev-list --count --left-right refs/heads/main...refs/remotes/origin/main [23ms]
2024-05-23 07:37:56.712 [info] > git diff --name-status -z --diff-filter=ADMR a48ad9f78cfafc31918a383140e0d74241d40561...refs/remotes/origin/main [92ms]
2024-05-23 07:37:56.716 [info] > git rev-parse --show-toplevel [5ms]
2024-05-23 07:37:56.716 [info] > git for-each-ref --format=%(refname)%00%(upstream:short)%00%(objectname)%00%(upstream:track)%00%(upstream:remotename)%00%(upstream:remoteref) refs/heads/main refs/remotes/main [14ms]
2024-05-23 07:37:56.803 [info] > git rev-parse --show-toplevel [29ms]
2024-05-23 07:37:56.829 [info] > git rev-parse --show-toplevel [11ms]
2024-05-23 07:37:56.841 [info] > git rev-parse --show-toplevel [3ms]
2024-05-23 07:37:56.862 [info] > git rev-parse --show-toplevel [8ms]
2024-05-23 07:37:56.876 [info] > git rev-parse --show-toplevel [5ms]
2024-05-23 07:37:56.888 [info] > git status -z -uall [62ms]
2024-05-23 07:37:56.901 [info] > git rev-parse --show-toplevel [14ms]
2024-05-23 07:37:56.912 [info] > git rev-parse --show-toplevel [3ms]
2024-05-23 07:37:56.924 [info] > git rev-parse --show-toplevel [3ms]
2024-05-23 07:37:56.938 [info] > git rev-parse --show-toplevel [4ms]
2024-05-23 07:37:56.978 [info] > git check-ignore -v -z --stdin [8ms]
2024-05-23 07:38:04.711 [info] > git config --get commit.template [46ms]
2024-05-23 07:38:04.737 [info] > git for-each-ref --format=%(refname)%00%(upstream:short)%00%(objectname)%00%(upstream:track)%00%(upstream:remotename)%00%(upstream:remoteref) refs/heads/main refs/remotes/main [60ms]
2024-05-23 07:38:05.238 [info] > git status -z -uall [488ms]
2024-05-23 07:38:11.990 [info] > git ls-files --stage -- /home/cyper/.config/gtk-3.0/gtk.css [37ms]
2024-05-23 07:38:12.005 [info] > git cat-file -s c0eab44b1262f3e9603b7dd9398edaacc5662b96 [6ms]
2024-05-23 07:38:12.008 [info] > git show --textconv :gtk-3.0/gtk.css [71ms]
