2024-05-12 05:25:33.012 [info] Extension host with pid 71430 started
2024-05-12 05:25:33.012 [info] Skipping acquiring lock for /home/cyper/.config/Code/User/workspaceStorage/e74625fb79d054859e0e9e27f85f4bef.
2024-05-12 05:25:33.375 [info] ExtensionService#_doActivateExtension vscode.emmet, startup: false, activationEvent: 'onLanguage'
2024-05-12 05:25:33.389 [info] ExtensionService#_doActivateExtension vscode.css-language-features, startup: false, activationEvent: 'onLanguage:css'
2024-05-12 05:25:33.977 [info] ExtensionService#_doActivateExtension vscode.git-base, startup: true, activationEvent: '*', root cause: vscode.git
2024-05-12 05:25:33.981 [info] ExtensionService#_doActivateExtension kamikillerto.vscode-colorize, startup: true, activationEvent: '*'
2024-05-12 05:25:34.084 [info] ExtensionService#_doActivateExtension vscode.git, startup: true, activationEvent: '*'
2024-05-12 05:25:34.125 [info] ExtensionService#_doActivateExtension vscode.github, startup: true, activationEvent: '*'
2024-05-12 05:25:34.239 [info] Eager extensions activated
2024-05-12 05:25:34.339 [info] ExtensionService#_doActivateExtension vscode.debug-auto-launch, startup: false, activationEvent: 'onStartupFinished'
2024-05-12 05:25:34.343 [info] ExtensionService#_doActivateExtension vscode.merge-conflict, startup: false, activationEvent: 'onStartupFinished'
2024-05-12 05:25:34.615 [info] ExtensionService#_doActivateExtension vscode.github-authentication, startup: false, activationEvent: 'onAuthenticationRequest:github'
2024-05-12 05:28:17.334 [info] ExtensionService#_doActivateExtension vscode.json-language-features, startup: false, activationEvent: 'onLanguage:jsonc'
2024-05-12 05:28:17.361 [info] ExtensionService#_doActivateExtension vscode.typescript-language-features, startup: false, activationEvent: 'onLanguage:jsonc'
2024-05-12 05:41:05.952 [warning] vscode.json-language-features - Code actions of kind 'quickfix 'requested but returned code action is of kind 'source.sort.json'. Code action will be dropped. Please check 'CodeActionContext.only' to only return requested code actions.
2024-05-12 05:41:24.386 [warning] vscode.json-language-features - Code actions of kind 'quickfix 'requested but returned code action is of kind 'source.sort.json'. Code action will be dropped. Please check 'CodeActionContext.only' to only return requested code actions.
2024-05-12 05:51:18.314 [warning] vscode.json-language-features - Code actions of kind 'quickfix 'requested but returned code action is of kind 'source.sort.json'. Code action will be dropped. Please check 'CodeActionContext.only' to only return requested code actions.
2024-05-12 05:51:29.569 [warning] vscode.json-language-features - Code actions of kind 'quickfix 'requested but returned code action is of kind 'source.sort.json'. Code action will be dropped. Please check 'CodeActionContext.only' to only return requested code actions.
2024-05-12 06:20:47.116 [warning] [Decorations] CAPPING events from decorations provider vscode.git 254
2024-05-12 06:20:52.185 [warning] [Decorations] CAPPING events from decorations provider vscode.git 252
2024-05-12 06:20:57.250 [warning] [Decorations] CAPPING events from decorations provider vscode.git 252
2024-05-12 06:21:02.300 [warning] [Decorations] CAPPING events from decorations provider vscode.git 252
2024-05-12 06:21:07.357 [warning] [Decorations] CAPPING events from decorations provider vscode.git 252
2024-05-12 06:21:12.418 [warning] [Decorations] CAPPING events from decorations provider vscode.git 252
2024-05-12 06:21:17.484 [warning] [Decorations] CAPPING events from decorations provider vscode.git 253
2024-05-12 06:21:22.562 [warning] [Decorations] CAPPING events from decorations provider vscode.git 254
2024-05-12 06:21:27.612 [warning] [Decorations] CAPPING events from decorations provider vscode.git 253
2024-05-12 06:21:32.685 [warning] [Decorations] CAPPING events from decorations provider vscode.git 255
2024-05-12 06:21:37.742 [warning] [Decorations] CAPPING events from decorations provider vscode.git 255
2024-05-12 06:21:42.795 [warning] [Decorations] CAPPING events from decorations provider vscode.git 255
2024-05-12 06:21:47.847 [warning] [Decorations] CAPPING events from decorations provider vscode.git 256
2024-05-12 06:21:52.918 [warning] [Decorations] CAPPING events from decorations provider vscode.git 255
2024-05-12 06:21:57.981 [warning] [Decorations] CAPPING events from decorations provider vscode.git 254
2024-05-12 06:22:03.032 [warning] [Decorations] CAPPING events from decorations provider vscode.git 254
2024-05-12 06:22:08.089 [warning] [Decorations] CAPPING events from decorations provider vscode.git 255
2024-05-12 06:22:13.165 [warning] [Decorations] CAPPING events from decorations provider vscode.git 255
2024-05-12 06:22:18.217 [warning] [Decorations] CAPPING events from decorations provider vscode.git 256
2024-05-12 06:22:23.271 [warning] [Decorations] CAPPING events from decorations provider vscode.git 256
2024-05-12 06:22:28.321 [warning] [Decorations] CAPPING events from decorations provider vscode.git 256
2024-05-12 06:22:33.372 [warning] [Decorations] CAPPING events from decorations provider vscode.git 256
2024-05-12 06:22:38.426 [warning] [Decorations] CAPPING events from decorations provider vscode.git 257
2024-05-12 06:22:43.476 [warning] [Decorations] CAPPING events from decorations provider vscode.git 257
2024-05-12 06:22:48.529 [warning] [Decorations] CAPPING events from decorations provider vscode.git 258
2024-05-12 06:22:53.602 [warning] [Decorations] CAPPING events from decorations provider vscode.git 259
2024-05-12 06:22:58.660 [warning] [Decorations] CAPPING events from decorations provider vscode.git 258
2024-05-12 06:23:03.723 [warning] [Decorations] CAPPING events from decorations provider vscode.git 258
2024-05-12 06:23:08.776 [warning] [Decorations] CAPPING events from decorations provider vscode.git 259
2024-05-12 06:23:13.830 [warning] [Decorations] CAPPING events from decorations provider vscode.git 259
2024-05-12 06:23:18.883 [warning] [Decorations] CAPPING events from decorations provider vscode.git 259
2024-05-12 06:23:23.948 [warning] [Decorations] CAPPING events from decorations provider vscode.git 259
2024-05-12 06:23:29.000 [warning] [Decorations] CAPPING events from decorations provider vscode.git 259
2024-05-12 06:23:34.051 [warning] [Decorations] CAPPING events from decorations provider vscode.git 260
2024-05-12 06:23:39.101 [warning] [Decorations] CAPPING events from decorations provider vscode.git 259
2024-05-12 06:23:44.156 [warning] [Decorations] CAPPING events from decorations provider vscode.git 259
2024-05-12 06:23:49.212 [warning] [Decorations] CAPPING events from decorations provider vscode.git 259
2024-05-12 06:23:54.281 [warning] [Decorations] CAPPING events from decorations provider vscode.git 259
2024-05-12 06:23:59.345 [warning] [Decorations] CAPPING events from decorations provider vscode.git 260
2024-05-12 06:24:04.400 [warning] [Decorations] CAPPING events from decorations provider vscode.git 260
2024-05-12 06:24:09.454 [warning] [Decorations] CAPPING events from decorations provider vscode.git 260
2024-05-12 06:24:14.510 [warning] [Decorations] CAPPING events from decorations provider vscode.git 260
2024-05-12 06:24:19.564 [warning] [Decorations] CAPPING events from decorations provider vscode.git 260
2024-05-12 06:24:24.619 [warning] [Decorations] CAPPING events from decorations provider vscode.git 260
2024-05-12 06:24:29.671 [warning] [Decorations] CAPPING events from decorations provider vscode.git 260
2024-05-12 06:24:34.726 [warning] [Decorations] CAPPING events from decorations provider vscode.git 260
2024-05-12 06:24:39.785 [warning] [Decorations] CAPPING events from decorations provider vscode.git 260
2024-05-12 06:25:45.910 [warning] [Decorations] CAPPING events from decorations provider vscode.git 260
2024-05-12 06:25:50.982 [warning] [Decorations] CAPPING events from decorations provider vscode.git 260
2024-05-12 06:25:56.046 [warning] [Decorations] CAPPING events from decorations provider vscode.git 252
2024-05-12 06:26:01.098 [warning] [Decorations] CAPPING events from decorations provider vscode.git 252
2024-05-12 06:26:06.162 [warning] [Decorations] CAPPING events from decorations provider vscode.git 252
2024-05-12 06:26:11.218 [warning] [Decorations] CAPPING events from decorations provider vscode.git 253
2024-05-12 06:26:16.276 [warning] [Decorations] CAPPING events from decorations provider vscode.git 254
2024-05-12 06:26:21.330 [warning] [Decorations] CAPPING events from decorations provider vscode.git 253
2024-05-12 06:26:26.392 [warning] [Decorations] CAPPING events from decorations provider vscode.git 253
2024-05-12 06:26:31.445 [warning] [Decorations] CAPPING events from decorations provider vscode.git 254
2024-05-12 06:26:36.507 [warning] [Decorations] CAPPING events from decorations provider vscode.git 254
2024-05-12 06:26:41.575 [warning] [Decorations] CAPPING events from decorations provider vscode.git 255
2024-05-12 06:26:46.626 [warning] [Decorations] CAPPING events from decorations provider vscode.git 255
2024-05-12 06:26:51.687 [warning] [Decorations] CAPPING events from decorations provider vscode.git 255
2024-05-12 06:26:56.767 [warning] [Decorations] CAPPING events from decorations provider vscode.git 256
2024-05-12 06:27:01.828 [warning] [Decorations] CAPPING events from decorations provider vscode.git 256
2024-05-12 06:27:06.886 [warning] [Decorations] CAPPING events from decorations provider vscode.git 256
2024-05-12 06:27:11.955 [warning] [Decorations] CAPPING events from decorations provider vscode.git 257
2024-05-12 06:27:17.027 [warning] [Decorations] CAPPING events from decorations provider vscode.git 257
2024-05-12 06:27:22.079 [warning] [Decorations] CAPPING events from decorations provider vscode.git 257
2024-05-12 06:27:27.160 [warning] [Decorations] CAPPING events from decorations provider vscode.git 257
2024-05-12 06:27:32.212 [warning] [Decorations] CAPPING events from decorations provider vscode.git 258
2024-05-12 06:27:37.273 [warning] [Decorations] CAPPING events from decorations provider vscode.git 258
2024-05-12 06:27:42.328 [warning] [Decorations] CAPPING events from decorations provider vscode.git 258
2024-05-12 06:27:47.403 [warning] [Decorations] CAPPING events from decorations provider vscode.git 258
2024-05-12 06:27:52.454 [warning] [Decorations] CAPPING events from decorations provider vscode.git 258
2024-05-12 06:27:57.506 [warning] [Decorations] CAPPING events from decorations provider vscode.git 258
2024-05-12 06:28:02.556 [warning] [Decorations] CAPPING events from decorations provider vscode.git 258
2024-05-12 06:28:07.608 [warning] [Decorations] CAPPING events from decorations provider vscode.git 259
2024-05-12 06:28:12.658 [warning] [Decorations] CAPPING events from decorations provider vscode.git 258
2024-05-12 06:28:17.710 [warning] [Decorations] CAPPING events from decorations provider vscode.git 258
2024-05-12 06:28:22.766 [warning] [Decorations] CAPPING events from decorations provider vscode.git 258
2024-05-12 06:28:27.823 [warning] [Decorations] CAPPING events from decorations provider vscode.git 259
2024-05-12 06:28:32.877 [warning] [Decorations] CAPPING events from decorations provider vscode.git 259
2024-05-12 06:28:37.936 [warning] [Decorations] CAPPING events from decorations provider vscode.git 259
2024-05-12 06:28:42.991 [warning] [Decorations] CAPPING events from decorations provider vscode.git 259
2024-05-12 06:28:48.061 [warning] [Decorations] CAPPING events from decorations provider vscode.git 260
2024-05-12 06:28:53.108 [warning] [Decorations] CAPPING events from decorations provider vscode.git 259
2024-05-12 06:28:58.178 [warning] [Decorations] CAPPING events from decorations provider vscode.git 259
2024-05-12 06:29:03.234 [warning] [Decorations] CAPPING events from decorations provider vscode.git 260
2024-05-12 06:29:08.292 [warning] [Decorations] CAPPING events from decorations provider vscode.git 260
2024-05-12 06:29:13.346 [warning] [Decorations] CAPPING events from decorations provider vscode.git 259
2024-05-12 06:29:18.404 [warning] [Decorations] CAPPING events from decorations provider vscode.git 260
2024-05-12 06:29:23.459 [warning] [Decorations] CAPPING events from decorations provider vscode.git 261
2024-05-12 06:29:28.527 [warning] [Decorations] CAPPING events from decorations provider vscode.git 260
2024-05-12 06:29:33.602 [warning] [Decorations] CAPPING events from decorations provider vscode.git 260
2024-05-12 06:29:38.672 [warning] [Decorations] CAPPING events from decorations provider vscode.git 260
2024-05-12 06:29:43.738 [warning] [Decorations] CAPPING events from decorations provider vscode.git 260
2024-05-12 06:29:48.788 [warning] [Decorations] CAPPING events from decorations provider vscode.git 260
2024-05-12 06:29:53.836 [warning] [Decorations] CAPPING events from decorations provider vscode.git 260
2024-05-12 06:29:58.904 [warning] [Decorations] CAPPING events from decorations provider vscode.git 260
2024-05-12 06:30:03.971 [warning] [Decorations] CAPPING events from decorations provider vscode.git 260
2024-05-12 06:30:09.021 [warning] [Decorations] CAPPING events from decorations provider vscode.git 260
2024-05-12 06:30:14.081 [warning] [Decorations] CAPPING events from decorations provider vscode.git 260
2024-05-12 06:30:19.132 [warning] [Decorations] CAPPING events from decorations provider vscode.git 260
2024-05-12 06:30:24.200 [warning] [Decorations] CAPPING events from decorations provider vscode.git 260
2024-05-12 06:30:29.259 [warning] [Decorations] CAPPING events from decorations provider vscode.git 260
2024-05-12 06:30:34.312 [warning] [Decorations] CAPPING events from decorations provider vscode.git 260
2024-05-12 06:30:39.362 [warning] [Decorations] CAPPING events from decorations provider vscode.git 260
2024-05-12 06:30:44.424 [warning] [Decorations] CAPPING events from decorations provider vscode.git 260
2024-05-12 06:30:49.494 [warning] [Decorations] CAPPING events from decorations provider vscode.git 260
2024-05-12 06:30:54.548 [warning] [Decorations] CAPPING events from decorations provider vscode.git 260
2024-05-12 06:30:59.600 [warning] [Decorations] CAPPING events from decorations provider vscode.git 260
2024-05-12 06:31:04.656 [warning] [Decorations] CAPPING events from decorations provider vscode.git 260
2024-05-12 06:31:09.712 [warning] [Decorations] CAPPING events from decorations provider vscode.git 260
2024-05-12 06:31:14.773 [warning] [Decorations] CAPPING events from decorations provider vscode.git 260
2024-05-12 06:31:19.827 [warning] [Decorations] CAPPING events from decorations provider vscode.git 260
2024-05-12 06:31:24.885 [warning] [Decorations] CAPPING events from decorations provider vscode.git 260
2024-05-12 06:31:29.939 [warning] [Decorations] CAPPING events from decorations provider vscode.git 260
2024-05-12 06:31:34.992 [warning] [Decorations] CAPPING events from decorations provider vscode.git 260
2024-05-12 06:31:40.039 [warning] [Decorations] CAPPING events from decorations provider vscode.git 260
2024-05-12 06:31:45.093 [warning] [Decorations] CAPPING events from decorations provider vscode.git 260
2024-05-12 06:31:50.143 [warning] [Decorations] CAPPING events from decorations provider vscode.git 260
2024-05-12 06:31:55.197 [warning] [Decorations] CAPPING events from decorations provider vscode.git 260
2024-05-12 06:32:00.246 [warning] [Decorations] CAPPING events from decorations provider vscode.git 260
2024-05-12 06:32:05.296 [warning] [Decorations] CAPPING events from decorations provider vscode.git 260
2024-05-12 06:32:10.358 [warning] [Decorations] CAPPING events from decorations provider vscode.git 260
2024-05-12 06:32:15.411 [warning] [Decorations] CAPPING events from decorations provider vscode.git 260
2024-05-12 06:32:20.488 [warning] [Decorations] CAPPING events from decorations provider vscode.git 260
2024-05-12 06:32:25.558 [warning] [Decorations] CAPPING events from decorations provider vscode.git 260
2024-05-12 06:32:30.624 [warning] [Decorations] CAPPING events from decorations provider vscode.git 260
2024-05-12 06:32:35.686 [warning] [Decorations] CAPPING events from decorations provider vscode.git 260
2024-05-12 06:32:40.762 [warning] [Decorations] CAPPING events from decorations provider vscode.git 261
2024-05-12 06:32:45.832 [warning] [Decorations] CAPPING events from decorations provider vscode.git 261
2024-05-12 06:32:50.886 [warning] [Decorations] CAPPING events from decorations provider vscode.git 261
2024-05-12 06:32:55.942 [warning] [Decorations] CAPPING events from decorations provider vscode.git 261
2024-05-12 06:33:01.001 [warning] [Decorations] CAPPING events from decorations provider vscode.git 261
2024-05-12 06:33:06.060 [warning] [Decorations] CAPPING events from decorations provider vscode.git 262
2024-05-12 06:33:11.111 [warning] [Decorations] CAPPING events from decorations provider vscode.git 263
2024-05-12 06:33:16.160 [warning] [Decorations] CAPPING events from decorations provider vscode.git 262
2024-05-12 06:33:21.222 [warning] [Decorations] CAPPING events from decorations provider vscode.git 262
2024-05-12 06:33:35.176 [warning] [Decorations] CAPPING events from decorations provider vscode.git 262
2024-05-12 06:33:40.229 [warning] [Decorations] CAPPING events from decorations provider vscode.git 262
2024-05-12 06:33:45.276 [warning] [Decorations] CAPPING events from decorations provider vscode.git 262
2024-05-12 06:33:50.332 [warning] [Decorations] CAPPING events from decorations provider vscode.git 262
2024-05-12 06:33:55.391 [warning] [Decorations] CAPPING events from decorations provider vscode.git 263
2024-05-12 06:34:00.467 [warning] [Decorations] CAPPING events from decorations provider vscode.git 263
2024-05-12 06:34:05.532 [warning] [Decorations] CAPPING events from decorations provider vscode.git 263
2024-05-12 06:34:10.589 [warning] [Decorations] CAPPING events from decorations provider vscode.git 264
2024-05-12 06:34:15.639 [warning] [Decorations] CAPPING events from decorations provider vscode.git 263
2024-05-12 06:34:21.608 [warning] [Decorations] CAPPING events from decorations provider vscode.git 263
2024-05-12 06:34:26.660 [warning] [Decorations] CAPPING events from decorations provider vscode.git 263
2024-05-12 06:34:31.714 [warning] [Decorations] CAPPING events from decorations provider vscode.git 264
2024-05-12 06:34:36.784 [warning] [Decorations] CAPPING events from decorations provider vscode.git 264
2024-05-12 06:34:41.839 [warning] [Decorations] CAPPING events from decorations provider vscode.git 264
2024-05-12 06:34:46.891 [warning] [Decorations] CAPPING events from decorations provider vscode.git 265
2024-05-12 06:34:51.949 [warning] [Decorations] CAPPING events from decorations provider vscode.git 266
2024-05-12 06:34:57.001 [warning] [Decorations] CAPPING events from decorations provider vscode.git 265
2024-05-12 06:35:02.048 [warning] [Decorations] CAPPING events from decorations provider vscode.git 265
2024-05-12 06:35:07.106 [warning] [Decorations] CAPPING events from decorations provider vscode.git 266
2024-05-12 06:35:12.162 [warning] [Decorations] CAPPING events from decorations provider vscode.git 266
2024-05-12 06:35:17.228 [warning] [Decorations] CAPPING events from decorations provider vscode.git 266
2024-05-12 06:35:22.277 [warning] [Decorations] CAPPING events from decorations provider vscode.git 266
2024-05-12 06:35:27.328 [warning] [Decorations] CAPPING events from decorations provider vscode.git 266
2024-05-12 06:35:32.385 [warning] [Decorations] CAPPING events from decorations provider vscode.git 266
2024-05-12 06:35:37.451 [warning] [Decorations] CAPPING events from decorations provider vscode.git 266
2024-05-12 06:35:42.518 [warning] [Decorations] CAPPING events from decorations provider vscode.git 266
2024-05-12 06:35:47.572 [warning] [Decorations] CAPPING events from decorations provider vscode.git 266
2024-05-12 06:35:52.627 [warning] [Decorations] CAPPING events from decorations provider vscode.git 266
2024-05-12 06:35:57.680 [warning] [Decorations] CAPPING events from decorations provider vscode.git 266
2024-05-12 06:36:02.733 [warning] [Decorations] CAPPING events from decorations provider vscode.git 266
2024-05-12 06:36:07.805 [warning] [Decorations] CAPPING events from decorations provider vscode.git 266
2024-05-12 06:36:12.855 [warning] [Decorations] CAPPING events from decorations provider vscode.git 266
2024-05-12 06:36:17.917 [warning] [Decorations] CAPPING events from decorations provider vscode.git 266
2024-05-12 06:36:22.977 [warning] [Decorations] CAPPING events from decorations provider vscode.git 266
2024-05-12 06:36:28.038 [warning] [Decorations] CAPPING events from decorations provider vscode.git 266
2024-05-12 06:36:33.110 [warning] [Decorations] CAPPING events from decorations provider vscode.git 266
2024-05-12 06:36:38.168 [warning] [Decorations] CAPPING events from decorations provider vscode.git 266
2024-05-12 06:36:43.223 [warning] [Decorations] CAPPING events from decorations provider vscode.git 266
2024-05-12 06:36:48.294 [warning] [Decorations] CAPPING events from decorations provider vscode.git 266
2024-05-12 06:36:53.343 [warning] [Decorations] CAPPING events from decorations provider vscode.git 266
2024-05-12 06:36:58.392 [warning] [Decorations] CAPPING events from decorations provider vscode.git 266
2024-05-12 06:37:03.455 [warning] [Decorations] CAPPING events from decorations provider vscode.git 266
2024-05-12 06:37:08.531 [warning] [Decorations] CAPPING events from decorations provider vscode.git 266
2024-05-12 06:37:13.582 [warning] [Decorations] CAPPING events from decorations provider vscode.git 266
2024-05-12 06:37:18.639 [warning] [Decorations] CAPPING events from decorations provider vscode.git 266
2024-05-12 06:37:23.698 [warning] [Decorations] CAPPING events from decorations provider vscode.git 266
2024-05-12 06:37:28.750 [warning] [Decorations] CAPPING events from decorations provider vscode.git 266
2024-05-12 06:37:33.800 [warning] [Decorations] CAPPING events from decorations provider vscode.git 266
2024-05-12 06:37:38.849 [warning] [Decorations] CAPPING events from decorations provider vscode.git 266
2024-05-12 06:37:43.903 [warning] [Decorations] CAPPING events from decorations provider vscode.git 266
2024-05-12 06:37:48.954 [warning] [Decorations] CAPPING events from decorations provider vscode.git 266
2024-05-12 06:37:54.010 [warning] [Decorations] CAPPING events from decorations provider vscode.git 266
2024-05-12 06:37:59.071 [warning] [Decorations] CAPPING events from decorations provider vscode.git 266
2024-05-12 06:38:04.133 [warning] [Decorations] CAPPING events from decorations provider vscode.git 267
2024-05-12 06:38:09.188 [warning] [Decorations] CAPPING events from decorations provider vscode.git 267
2024-05-12 06:38:14.245 [warning] [Decorations] CAPPING events from decorations provider vscode.git 267
2024-05-12 06:38:19.306 [warning] [Decorations] CAPPING events from decorations provider vscode.git 267
2024-05-12 06:38:24.381 [warning] [Decorations] CAPPING events from decorations provider vscode.git 268
2024-05-12 06:38:29.431 [warning] [Decorations] CAPPING events from decorations provider vscode.git 267
2024-05-12 06:38:34.499 [warning] [Decorations] CAPPING events from decorations provider vscode.git 267
2024-05-12 06:38:39.547 [warning] [Decorations] CAPPING events from decorations provider vscode.git 268
2024-05-12 06:38:44.605 [warning] [Decorations] CAPPING events from decorations provider vscode.git 269
2024-05-12 06:38:49.662 [warning] [Decorations] CAPPING events from decorations provider vscode.git 268
2024-05-12 06:38:54.713 [warning] [Decorations] CAPPING events from decorations provider vscode.git 268
2024-05-12 06:38:59.764 [warning] [Decorations] CAPPING events from decorations provider vscode.git 268
2024-05-12 06:39:04.826 [warning] [Decorations] CAPPING events from decorations provider vscode.git 268
2024-05-12 06:39:09.875 [warning] [Decorations] CAPPING events from decorations provider vscode.git 268
2024-05-12 06:39:14.926 [warning] [Decorations] CAPPING events from decorations provider vscode.git 268
2024-05-12 06:39:19.997 [warning] [Decorations] CAPPING events from decorations provider vscode.git 269
2024-05-12 06:39:25.052 [warning] [Decorations] CAPPING events from decorations provider vscode.git 269
2024-05-12 06:39:30.113 [warning] [Decorations] CAPPING events from decorations provider vscode.git 269
2024-05-12 06:39:35.190 [warning] [Decorations] CAPPING events from decorations provider vscode.git 269
2024-05-12 06:39:40.239 [warning] [Decorations] CAPPING events from decorations provider vscode.git 269
2024-05-12 06:39:45.310 [warning] [Decorations] CAPPING events from decorations provider vscode.git 269
2024-05-12 06:39:50.379 [warning] [Decorations] CAPPING events from decorations provider vscode.git 269
2024-05-12 06:39:55.430 [warning] [Decorations] CAPPING events from decorations provider vscode.git 269
2024-05-12 06:40:00.476 [warning] [Decorations] CAPPING events from decorations provider vscode.git 269
2024-05-12 06:40:05.527 [warning] [Decorations] CAPPING events from decorations provider vscode.git 269
2024-05-12 06:40:10.587 [warning] [Decorations] CAPPING events from decorations provider vscode.git 269
2024-05-12 06:40:15.644 [warning] [Decorations] CAPPING events from decorations provider vscode.git 270
2024-05-12 06:40:20.696 [warning] [Decorations] CAPPING events from decorations provider vscode.git 270
2024-05-12 06:40:25.747 [warning] [Decorations] CAPPING events from decorations provider vscode.git 270
2024-05-12 06:40:30.807 [warning] [Decorations] CAPPING events from decorations provider vscode.git 270
2024-05-12 06:40:35.873 [warning] [Decorations] CAPPING events from decorations provider vscode.git 271
2024-05-12 06:40:40.942 [warning] [Decorations] CAPPING events from decorations provider vscode.git 271
2024-05-12 06:40:45.995 [warning] [Decorations] CAPPING events from decorations provider vscode.git 271
2024-05-12 06:40:51.049 [warning] [Decorations] CAPPING events from decorations provider vscode.git 272
2024-05-12 06:40:56.116 [warning] [Decorations] CAPPING events from decorations provider vscode.git 272
2024-05-12 06:41:01.174 [warning] [Decorations] CAPPING events from decorations provider vscode.git 271
2024-05-12 06:41:06.235 [warning] [Decorations] CAPPING events from decorations provider vscode.git 271
2024-05-12 06:41:11.302 [warning] [Decorations] CAPPING events from decorations provider vscode.git 271
2024-05-12 06:41:16.371 [warning] [Decorations] CAPPING events from decorations provider vscode.git 272
2024-05-12 06:41:21.426 [warning] [Decorations] CAPPING events from decorations provider vscode.git 273
2024-05-12 06:41:26.492 [warning] [Decorations] CAPPING events from decorations provider vscode.git 272
2024-05-12 06:41:31.551 [warning] [Decorations] CAPPING events from decorations provider vscode.git 272
2024-05-12 06:41:36.604 [warning] [Decorations] CAPPING events from decorations provider vscode.git 272
2024-05-12 06:41:41.670 [warning] [Decorations] CAPPING events from decorations provider vscode.git 272
2024-05-12 06:41:46.744 [warning] [Decorations] CAPPING events from decorations provider vscode.git 272
2024-05-12 06:41:51.812 [warning] [Decorations] CAPPING events from decorations provider vscode.git 272
2024-05-12 06:41:56.860 [warning] [Decorations] CAPPING events from decorations provider vscode.git 272
2024-05-12 06:42:01.915 [warning] [Decorations] CAPPING events from decorations provider vscode.git 272
2024-05-12 06:42:08.194 [warning] [Decorations] CAPPING events from decorations provider vscode.git 272
2024-05-12 06:42:13.253 [warning] [Decorations] CAPPING events from decorations provider vscode.git 272
2024-05-12 06:42:18.306 [warning] [Decorations] CAPPING events from decorations provider vscode.git 272
2024-05-12 06:42:23.363 [warning] [Decorations] CAPPING events from decorations provider vscode.git 272
2024-05-12 06:42:28.427 [warning] [Decorations] CAPPING events from decorations provider vscode.git 272
2024-05-12 06:42:33.485 [warning] [Decorations] CAPPING events from decorations provider vscode.git 272
2024-05-12 06:42:38.561 [warning] [Decorations] CAPPING events from decorations provider vscode.git 272
2024-05-12 06:42:43.617 [warning] [Decorations] CAPPING events from decorations provider vscode.git 272
2024-05-12 06:42:48.668 [warning] [Decorations] CAPPING events from decorations provider vscode.git 272
2024-05-12 06:42:53.747 [warning] [Decorations] CAPPING events from decorations provider vscode.git 272
2024-05-12 06:42:58.796 [warning] [Decorations] CAPPING events from decorations provider vscode.git 273
2024-05-12 06:43:03.860 [warning] [Decorations] CAPPING events from decorations provider vscode.git 273
2024-05-12 06:43:08.919 [warning] [Decorations] CAPPING events from decorations provider vscode.git 273
2024-05-12 06:43:13.990 [warning] [Decorations] CAPPING events from decorations provider vscode.git 273
2024-05-12 06:43:19.051 [warning] [Decorations] CAPPING events from decorations provider vscode.git 273
2024-05-12 06:43:24.133 [warning] [Decorations] CAPPING events from decorations provider vscode.git 273
2024-05-12 06:43:29.191 [warning] [Decorations] CAPPING events from decorations provider vscode.git 268
2024-05-12 06:43:34.262 [warning] [Decorations] CAPPING events from decorations provider vscode.git 269
2024-05-12 06:43:39.318 [warning] [Decorations] CAPPING events from decorations provider vscode.git 269
2024-05-12 06:43:44.373 [warning] [Decorations] CAPPING events from decorations provider vscode.git 269
2024-05-12 06:43:49.502 [warning] [Decorations] CAPPING events from decorations provider vscode.git 269
2024-05-12 06:43:54.576 [warning] [Decorations] CAPPING events from decorations provider vscode.git 269
2024-05-12 06:43:59.645 [warning] [Decorations] CAPPING events from decorations provider vscode.git 269
2024-05-12 06:44:04.706 [warning] [Decorations] CAPPING events from decorations provider vscode.git 269
2024-05-12 06:44:09.766 [warning] [Decorations] CAPPING events from decorations provider vscode.git 269
2024-05-12 06:44:14.827 [warning] [Decorations] CAPPING events from decorations provider vscode.git 270
2024-05-12 06:44:19.884 [warning] [Decorations] CAPPING events from decorations provider vscode.git 270
2024-05-12 06:44:24.938 [warning] [Decorations] CAPPING events from decorations provider vscode.git 270
2024-05-12 06:44:29.988 [warning] [Decorations] CAPPING events from decorations provider vscode.git 271
2024-05-12 06:44:35.048 [warning] [Decorations] CAPPING events from decorations provider vscode.git 272
2024-05-12 06:44:40.103 [warning] [Decorations] CAPPING events from decorations provider vscode.git 271
2024-05-12 06:44:45.153 [warning] [Decorations] CAPPING events from decorations provider vscode.git 271
2024-05-12 06:44:50.212 [warning] [Decorations] CAPPING events from decorations provider vscode.git 272
2024-05-12 06:44:55.270 [warning] [Decorations] CAPPING events from decorations provider vscode.git 272
2024-05-12 06:45:00.327 [warning] [Decorations] CAPPING events from decorations provider vscode.git 272
2024-05-12 06:45:05.392 [warning] [Decorations] CAPPING events from decorations provider vscode.git 272
2024-05-12 06:45:10.457 [warning] [Decorations] CAPPING events from decorations provider vscode.git 273
2024-05-12 06:45:15.513 [warning] [Decorations] CAPPING events from decorations provider vscode.git 273
2024-05-12 06:45:20.570 [warning] [Decorations] CAPPING events from decorations provider vscode.git 273
2024-05-12 06:45:25.623 [warning] [Decorations] CAPPING events from decorations provider vscode.git 273
2024-05-12 06:45:30.699 [warning] [Decorations] CAPPING events from decorations provider vscode.git 273
2024-05-12 06:45:35.766 [warning] [Decorations] CAPPING events from decorations provider vscode.git 273
2024-05-12 06:45:40.824 [warning] [Decorations] CAPPING events from decorations provider vscode.git 273
2024-05-12 06:45:45.890 [warning] [Decorations] CAPPING events from decorations provider vscode.git 273
2024-05-12 06:45:50.940 [warning] [Decorations] CAPPING events from decorations provider vscode.git 273
2024-05-12 06:45:55.999 [warning] [Decorations] CAPPING events from decorations provider vscode.git 273
2024-05-12 06:46:01.060 [warning] [Decorations] CAPPING events from decorations provider vscode.git 273
2024-05-12 06:46:06.116 [warning] [Decorations] CAPPING events from decorations provider vscode.git 273
2024-05-12 06:46:11.176 [warning] [Decorations] CAPPING events from decorations provider vscode.git 273
2024-05-12 06:46:16.229 [warning] [Decorations] CAPPING events from decorations provider vscode.git 273
2024-05-12 06:46:21.285 [warning] [Decorations] CAPPING events from decorations provider vscode.git 273
2024-05-12 06:46:26.336 [warning] [Decorations] CAPPING events from decorations provider vscode.git 273
2024-05-12 06:46:31.402 [warning] [Decorations] CAPPING events from decorations provider vscode.git 273
2024-05-12 06:46:36.458 [warning] [Decorations] CAPPING events from decorations provider vscode.git 273
2024-05-12 06:46:41.520 [warning] [Decorations] CAPPING events from decorations provider vscode.git 273
2024-05-12 06:46:46.575 [warning] [Decorations] CAPPING events from decorations provider vscode.git 273
2024-05-12 06:46:51.648 [warning] [Decorations] CAPPING events from decorations provider vscode.git 273
2024-05-12 06:46:56.715 [warning] [Decorations] CAPPING events from decorations provider vscode.git 273
2024-05-12 06:47:01.774 [warning] [Decorations] CAPPING events from decorations provider vscode.git 273
2024-05-12 06:47:06.838 [warning] [Decorations] CAPPING events from decorations provider vscode.git 273
2024-05-12 06:47:11.892 [warning] [Decorations] CAPPING events from decorations provider vscode.git 273
2024-05-12 06:47:16.959 [warning] [Decorations] CAPPING events from decorations provider vscode.git 273
2024-05-12 06:47:22.017 [warning] [Decorations] CAPPING events from decorations provider vscode.git 273
2024-05-12 06:47:27.064 [warning] [Decorations] CAPPING events from decorations provider vscode.git 273
2024-05-12 06:47:32.122 [warning] [Decorations] CAPPING events from decorations provider vscode.git 274
2024-05-12 06:47:37.182 [warning] [Decorations] CAPPING events from decorations provider vscode.git 273
2024-05-12 06:47:42.230 [warning] [Decorations] CAPPING events from decorations provider vscode.git 273
2024-05-12 06:47:47.279 [warning] [Decorations] CAPPING events from decorations provider vscode.git 273
2024-05-12 06:47:52.353 [warning] [Decorations] CAPPING events from decorations provider vscode.git 273
2024-05-12 06:47:57.429 [warning] [Decorations] CAPPING events from decorations provider vscode.git 274
2024-05-12 06:48:02.503 [warning] [Decorations] CAPPING events from decorations provider vscode.git 274
2024-05-12 06:48:07.561 [warning] [Decorations] CAPPING events from decorations provider vscode.git 274
2024-05-12 06:48:12.619 [warning] [Decorations] CAPPING events from decorations provider vscode.git 275
2024-05-12 06:48:17.671 [warning] [Decorations] CAPPING events from decorations provider vscode.git 276
2024-05-12 06:48:22.744 [warning] [Decorations] CAPPING events from decorations provider vscode.git 275
2024-05-12 06:48:27.812 [warning] [Decorations] CAPPING events from decorations provider vscode.git 269
2024-05-12 06:48:32.868 [warning] [Decorations] CAPPING events from decorations provider vscode.git 269
2024-05-12 06:48:37.919 [warning] [Decorations] CAPPING events from decorations provider vscode.git 269
2024-05-12 06:48:42.977 [warning] [Decorations] CAPPING events from decorations provider vscode.git 270
2024-05-12 06:48:48.036 [warning] [Decorations] CAPPING events from decorations provider vscode.git 270
2024-05-12 06:48:53.101 [warning] [Decorations] CAPPING events from decorations provider vscode.git 270
2024-05-12 06:48:58.151 [warning] [Decorations] CAPPING events from decorations provider vscode.git 270
2024-05-12 06:49:03.208 [warning] [Decorations] CAPPING events from decorations provider vscode.git 270
2024-05-12 06:49:08.266 [warning] [Decorations] CAPPING events from decorations provider vscode.git 270
2024-05-12 06:49:13.322 [warning] [Decorations] CAPPING events from decorations provider vscode.git 270
2024-05-12 06:49:18.376 [warning] [Decorations] CAPPING events from decorations provider vscode.git 270
2024-05-12 06:49:23.430 [warning] [Decorations] CAPPING events from decorations provider vscode.git 270
2024-05-12 06:49:28.482 [warning] [Decorations] CAPPING events from decorations provider vscode.git 270
2024-05-12 06:49:33.544 [warning] [Decorations] CAPPING events from decorations provider vscode.git 270
2024-05-12 06:49:38.595 [warning] [Decorations] CAPPING events from decorations provider vscode.git 270
2024-05-12 06:49:43.656 [warning] [Decorations] CAPPING events from decorations provider vscode.git 270
2024-05-12 06:49:48.707 [warning] [Decorations] CAPPING events from decorations provider vscode.git 270
2024-05-12 06:49:53.771 [warning] [Decorations] CAPPING events from decorations provider vscode.git 270
2024-05-12 06:49:58.826 [warning] [Decorations] CAPPING events from decorations provider vscode.git 270
2024-05-12 06:50:03.877 [warning] [Decorations] CAPPING events from decorations provider vscode.git 271
2024-05-12 06:50:08.932 [warning] [Decorations] CAPPING events from decorations provider vscode.git 271
2024-05-12 06:50:14.002 [warning] [Decorations] CAPPING events from decorations provider vscode.git 271
2024-05-12 06:50:19.065 [warning] [Decorations] CAPPING events from decorations provider vscode.git 271
2024-05-12 06:50:24.117 [warning] [Decorations] CAPPING events from decorations provider vscode.git 271
2024-05-12 06:50:29.173 [warning] [Decorations] CAPPING events from decorations provider vscode.git 271
2024-05-12 06:50:34.236 [warning] [Decorations] CAPPING events from decorations provider vscode.git 271
2024-05-12 06:50:39.299 [warning] [Decorations] CAPPING events from decorations provider vscode.git 271
2024-05-12 06:50:44.350 [warning] [Decorations] CAPPING events from decorations provider vscode.git 271
2024-05-12 06:50:49.406 [warning] [Decorations] CAPPING events from decorations provider vscode.git 271
2024-05-12 06:50:54.480 [warning] [Decorations] CAPPING events from decorations provider vscode.git 271
2024-05-12 06:50:59.540 [warning] [Decorations] CAPPING events from decorations provider vscode.git 271
2024-05-12 06:51:04.601 [warning] [Decorations] CAPPING events from decorations provider vscode.git 271
2024-05-12 06:51:09.669 [warning] [Decorations] CAPPING events from decorations provider vscode.git 271
2024-05-12 06:51:14.737 [warning] [Decorations] CAPPING events from decorations provider vscode.git 272
2024-05-12 06:51:19.790 [warning] [Decorations] CAPPING events from decorations provider vscode.git 271
2024-05-12 06:51:24.845 [warning] [Decorations] CAPPING events from decorations provider vscode.git 271
2024-05-12 06:51:29.904 [warning] [Decorations] CAPPING events from decorations provider vscode.git 272
2024-05-12 06:51:34.982 [warning] [Decorations] CAPPING events from decorations provider vscode.git 272
2024-05-12 06:51:40.051 [warning] [Decorations] CAPPING events from decorations provider vscode.git 272
2024-05-12 06:51:45.111 [warning] [Decorations] CAPPING events from decorations provider vscode.git 272
2024-05-12 06:51:50.183 [warning] [Decorations] CAPPING events from decorations provider vscode.git 273
2024-05-12 06:51:55.246 [warning] [Decorations] CAPPING events from decorations provider vscode.git 273
2024-05-12 06:52:00.306 [warning] [Decorations] CAPPING events from decorations provider vscode.git 273
2024-05-12 06:52:05.364 [warning] [Decorations] CAPPING events from decorations provider vscode.git 274
2024-05-12 06:52:10.430 [warning] [Decorations] CAPPING events from decorations provider vscode.git 273
2024-05-12 06:52:15.493 [warning] [Decorations] CAPPING events from decorations provider vscode.git 273
2024-05-12 06:52:20.550 [warning] [Decorations] CAPPING events from decorations provider vscode.git 273
2024-05-12 06:52:25.607 [warning] [Decorations] CAPPING events from decorations provider vscode.git 273
2024-05-12 06:52:30.671 [warning] [Decorations] CAPPING events from decorations provider vscode.git 274
2024-05-12 06:52:35.726 [warning] [Decorations] CAPPING events from decorations provider vscode.git 274
2024-05-12 06:52:40.792 [warning] [Decorations] CAPPING events from decorations provider vscode.git 274
2024-05-12 06:52:45.844 [warning] [Decorations] CAPPING events from decorations provider vscode.git 274
2024-05-12 06:52:50.907 [warning] [Decorations] CAPPING events from decorations provider vscode.git 274
2024-05-12 06:52:55.977 [warning] [Decorations] CAPPING events from decorations provider vscode.git 274
2024-05-12 06:53:03.243 [warning] [Decorations] CAPPING events from decorations provider vscode.git 274
2024-05-12 06:53:08.313 [warning] [Decorations] CAPPING events from decorations provider vscode.git 275
2024-05-12 06:53:14.770 [warning] [Decorations] CAPPING events from decorations provider vscode.git 275
2024-05-12 06:53:19.827 [warning] [Decorations] CAPPING events from decorations provider vscode.git 275
2024-05-12 06:53:24.884 [warning] [Decorations] CAPPING events from decorations provider vscode.git 270
2024-05-12 06:53:29.940 [warning] [Decorations] CAPPING events from decorations provider vscode.git 270
2024-05-12 06:53:35.004 [warning] [Decorations] CAPPING events from decorations provider vscode.git 271
2024-05-12 06:53:40.064 [warning] [Decorations] CAPPING events from decorations provider vscode.git 271
2024-05-12 06:53:45.119 [warning] [Decorations] CAPPING events from decorations provider vscode.git 271
2024-05-12 06:53:50.175 [warning] [Decorations] CAPPING events from decorations provider vscode.git 271
2024-05-12 06:53:55.233 [warning] [Decorations] CAPPING events from decorations provider vscode.git 271
2024-05-12 06:54:00.308 [warning] [Decorations] CAPPING events from decorations provider vscode.git 271
2024-05-12 06:54:05.368 [warning] [Decorations] CAPPING events from decorations provider vscode.git 271
2024-05-12 06:54:10.429 [warning] [Decorations] CAPPING events from decorations provider vscode.git 271
2024-05-12 06:54:15.503 [warning] [Decorations] CAPPING events from decorations provider vscode.git 271
2024-05-12 06:54:20.575 [warning] [Decorations] CAPPING events from decorations provider vscode.git 271
2024-05-12 06:54:25.629 [warning] [Decorations] CAPPING events from decorations provider vscode.git 271
2024-05-12 06:54:30.682 [warning] [Decorations] CAPPING events from decorations provider vscode.git 272
2024-05-12 06:54:35.745 [warning] [Decorations] CAPPING events from decorations provider vscode.git 272
2024-05-12 06:54:40.800 [warning] [Decorations] CAPPING events from decorations provider vscode.git 272
2024-05-12 06:54:45.867 [warning] [Decorations] CAPPING events from decorations provider vscode.git 272
2024-05-12 06:54:50.926 [warning] [Decorations] CAPPING events from decorations provider vscode.git 272
2024-05-12 06:54:55.994 [warning] [Decorations] CAPPING events from decorations provider vscode.git 272
2024-05-12 06:55:01.067 [warning] [Decorations] CAPPING events from decorations provider vscode.git 272
2024-05-12 06:55:06.158 [warning] [Decorations] CAPPING events from decorations provider vscode.git 272
2024-05-12 06:55:11.209 [warning] [Decorations] CAPPING events from decorations provider vscode.git 272
2024-05-12 06:55:16.285 [warning] [Decorations] CAPPING events from decorations provider vscode.git 274
2024-05-12 06:55:21.339 [warning] [Decorations] CAPPING events from decorations provider vscode.git 273
2024-05-12 06:55:26.407 [warning] [Decorations] CAPPING events from decorations provider vscode.git 272
2024-05-12 06:55:33.072 [warning] [Decorations] CAPPING events from decorations provider vscode.git 272
2024-05-12 06:55:38.136 [warning] [Decorations] CAPPING events from decorations provider vscode.git 272
2024-05-12 06:55:43.208 [warning] [Decorations] CAPPING events from decorations provider vscode.git 272
2024-05-12 06:55:48.285 [warning] [Decorations] CAPPING events from decorations provider vscode.git 272
2024-05-12 06:55:53.339 [warning] [Decorations] CAPPING events from decorations provider vscode.git 273
2024-05-12 06:55:58.395 [warning] [Decorations] CAPPING events from decorations provider vscode.git 273
2024-05-12 06:56:03.462 [warning] [Decorations] CAPPING events from decorations provider vscode.git 274
2024-05-12 06:56:08.519 [warning] [Decorations] CAPPING events from decorations provider vscode.git 273
2024-05-12 06:56:13.582 [warning] [Decorations] CAPPING events from decorations provider vscode.git 273
2024-05-12 06:56:18.635 [warning] [Decorations] CAPPING events from decorations provider vscode.git 273
2024-05-12 06:56:23.695 [warning] [Decorations] CAPPING events from decorations provider vscode.git 273
2024-05-12 06:56:28.754 [warning] [Decorations] CAPPING events from decorations provider vscode.git 274
2024-05-12 06:56:33.804 [warning] [Decorations] CAPPING events from decorations provider vscode.git 274
2024-05-12 06:56:38.879 [warning] [Decorations] CAPPING events from decorations provider vscode.git 274
2024-05-12 06:56:43.940 [warning] [Decorations] CAPPING events from decorations provider vscode.git 274
2024-05-12 06:56:48.998 [warning] [Decorations] CAPPING events from decorations provider vscode.git 275
2024-05-12 06:56:54.059 [warning] [Decorations] CAPPING events from decorations provider vscode.git 274
2024-05-12 06:56:59.114 [warning] [Decorations] CAPPING events from decorations provider vscode.git 275
2024-05-12 06:57:04.180 [warning] [Decorations] CAPPING events from decorations provider vscode.git 276
2024-05-12 06:57:09.234 [warning] [Decorations] CAPPING events from decorations provider vscode.git 275
2024-05-12 06:57:14.295 [warning] [Decorations] CAPPING events from decorations provider vscode.git 276
2024-05-12 06:57:19.347 [warning] [Decorations] CAPPING events from decorations provider vscode.git 276
2024-05-12 06:57:27.591 [warning] [Decorations] CAPPING events from decorations provider vscode.git 276
2024-05-12 06:57:32.657 [warning] [Decorations] CAPPING events from decorations provider vscode.git 276
2024-05-12 06:57:37.708 [warning] [Decorations] CAPPING events from decorations provider vscode.git 276
2024-05-12 06:57:42.785 [warning] [Decorations] CAPPING events from decorations provider vscode.git 276
2024-05-12 06:57:47.853 [warning] [Decorations] CAPPING events from decorations provider vscode.git 277
2024-05-12 06:57:52.905 [warning] [Decorations] CAPPING events from decorations provider vscode.git 277
2024-05-12 06:57:58.892 [warning] [Decorations] CAPPING events from decorations provider vscode.git 277
2024-05-12 06:58:03.954 [warning] [Decorations] CAPPING events from decorations provider vscode.git 277
2024-05-12 06:58:09.014 [warning] [Decorations] CAPPING events from decorations provider vscode.git 277
2024-05-12 06:58:14.089 [warning] [Decorations] CAPPING events from decorations provider vscode.git 277
2024-05-12 06:58:19.164 [warning] [Decorations] CAPPING events from decorations provider vscode.git 278
2024-05-12 06:58:24.233 [warning] [Decorations] CAPPING events from decorations provider vscode.git 278
2024-05-12 06:58:29.293 [warning] [Decorations] CAPPING events from decorations provider vscode.git 269
2024-05-12 06:58:34.359 [warning] [Decorations] CAPPING events from decorations provider vscode.git 269
2024-05-12 06:58:39.425 [warning] [Decorations] CAPPING events from decorations provider vscode.git 269
2024-05-12 06:59:55.793 [warning] [Decorations] CAPPING events from decorations provider vscode.git 269
