2024-04-28 05:21:52.942 [info] Log level: Info
2024-04-28 05:21:52.942 [info] Validating found git in: "git"
2024-04-28 05:21:52.942 [info] Using git "2.44.0" from "git"
2024-04-28 05:21:52.942 [info] > git rev-parse --show-toplevel [10ms]
2024-04-28 05:21:52.942 [info] fatal: not a git repository (or any of the parent directories): .git
2024-04-28 05:21:52.942 [info] > git rev-parse --show-toplevel [4ms]
2024-04-28 05:21:52.942 [info] fatal: not a git repository (or any of the parent directories): .git
2024-04-28 05:21:52.962 [info] > git rev-parse --show-toplevel [21ms]
2024-04-28 05:21:52.963 [info] fatal: not a git repository (or any of the parent directories): .git
2024-04-28 05:21:52.982 [info] > git rev-parse --show-toplevel [3ms]
2024-04-28 05:21:52.982 [info] fatal: not a git repository (or any of the parent directories): .git
2024-04-28 05:21:52.989 [info] > git rev-parse --show-toplevel [2ms]
2024-04-28 05:21:52.989 [info] fatal: not a git repository (or any of the parent directories): .git
2024-04-28 05:21:52.994 [info] > git rev-parse --show-toplevel [2ms]
2024-04-28 05:21:52.994 [info] fatal: not a git repository (or any of the parent directories): .git
2024-04-28 05:21:53.000 [info] > git rev-parse --show-toplevel [2ms]
2024-04-28 05:21:53.000 [info] fatal: not a git repository (or any of the parent directories): .git
2024-04-28 05:21:53.007 [info] > git rev-parse --show-toplevel [2ms]
2024-04-28 05:21:53.007 [info] fatal: not a git repository (or any of the parent directories): .git
2024-04-28 05:21:53.014 [info] > git rev-parse --show-toplevel [2ms]
2024-04-28 05:21:53.014 [info] fatal: not a git repository (or any of the parent directories): .git
2024-04-28 05:21:53.021 [info] > git rev-parse --show-toplevel [1ms]
2024-04-28 05:21:53.021 [info] fatal: not a git repository (or any of the parent directories): .git
2024-04-28 05:21:53.027 [info] > git rev-parse --show-toplevel [2ms]
2024-04-28 05:21:53.027 [info] fatal: not a git repository (or any of the parent directories): .git
2024-04-28 05:21:53.033 [info] > git rev-parse --show-toplevel [2ms]
2024-04-28 05:21:53.034 [info] fatal: not a git repository (or any of the parent directories): .git
2024-04-28 05:21:53.039 [info] > git rev-parse --show-toplevel [1ms]
2024-04-28 05:21:53.039 [info] fatal: not a git repository (or any of the parent directories): .git
2024-04-28 05:21:53.045 [info] > git rev-parse --show-toplevel [2ms]
2024-04-28 05:21:53.045 [info] fatal: not a git repository (or any of the parent directories): .git
2024-04-28 05:21:53.051 [info] > git rev-parse --show-toplevel [1ms]
2024-04-28 05:21:53.051 [info] fatal: not a git repository (or any of the parent directories): .git
2024-04-28 05:21:53.057 [info] > git rev-parse --show-toplevel [3ms]
2024-04-28 05:21:53.057 [info] fatal: not a git repository (or any of the parent directories): .git
2024-04-28 05:21:53.064 [info] > git rev-parse --show-toplevel [2ms]
2024-04-28 05:21:53.064 [info] fatal: not a git repository (or any of the parent directories): .git
2024-04-28 05:21:53.072 [info] > git rev-parse --show-toplevel [1ms]
2024-04-28 05:21:53.072 [info] fatal: not a git repository (or any of the parent directories): .git
2024-04-28 05:21:53.077 [info] > git rev-parse --show-toplevel [1ms]
2024-04-28 05:21:53.078 [info] fatal: not a git repository (or any of the parent directories): .git
2024-04-28 05:21:53.085 [info] > git rev-parse --show-toplevel [3ms]
2024-04-28 05:21:53.085 [info] fatal: not a git repository (or any of the parent directories): .git
2024-04-28 05:21:53.092 [info] > git rev-parse --show-toplevel [2ms]
2024-04-28 05:21:53.092 [info] fatal: not a git repository (or any of the parent directories): .git
2024-04-28 05:21:53.099 [info] > git rev-parse --show-toplevel [2ms]
2024-04-28 05:21:53.099 [info] fatal: not a git repository (or any of the parent directories): .git
2024-04-28 05:21:53.106 [info] > git rev-parse --show-toplevel [2ms]
2024-04-28 05:21:53.107 [info] fatal: not a git repository (or any of the parent directories): .git
2024-04-28 05:21:53.346 [info] > git rev-parse --show-toplevel [2ms]
2024-04-28 05:21:53.346 [info] fatal: not a git repository (or any of the parent directories): .git
2024-04-28 05:21:57.235 [info] > git rev-parse --show-toplevel [2ms]
2024-04-28 05:21:57.235 [info] fatal: not a git repository (or any of the parent directories): .git
2024-04-28 05:22:02.242 [info] > git rev-parse --show-toplevel [2ms]
2024-04-28 05:22:02.242 [info] fatal: not a git repository (or any of the parent directories): .git
