2024-05-01 07:33:10.403 [info] Log level: Info
2024-05-01 07:33:10.403 [info] Validating found git in: "git"
2024-05-01 07:33:10.403 [info] Using git "2.44.0" from "git"
2024-05-01 07:33:10.403 [info] > git rev-parse --show-toplevel [15ms]
2024-05-01 07:33:10.403 [info] fatal: not a git repository (or any of the parent directories): .git
2024-05-01 07:33:10.403 [info] > git rev-parse --show-toplevel [30ms]
2024-05-01 07:33:10.403 [info] fatal: not a git repository (or any of the parent directories): .git
2024-05-01 07:33:10.403 [info] > git rev-parse --show-toplevel [12ms]
2024-05-01 07:33:10.403 [info] fatal: not a git repository (or any of the parent directories): .git
2024-05-01 07:33:10.409 [info] > git rev-parse --show-toplevel [2ms]
2024-05-01 07:33:10.409 [info] fatal: not a git repository (or any of the parent directories): .git
2024-05-01 07:33:10.414 [info] > git rev-parse --show-toplevel [2ms]
2024-05-01 07:33:10.414 [info] fatal: not a git repository (or any of the parent directories): .git
2024-05-01 07:33:10.420 [info] > git rev-parse --show-toplevel [2ms]
2024-05-01 07:33:10.420 [info] fatal: not a git repository (or any of the parent directories): .git
2024-05-01 07:33:10.426 [info] > git rev-parse --show-toplevel [2ms]
2024-05-01 07:33:10.426 [info] fatal: not a git repository (or any of the parent directories): .git
2024-05-01 07:33:10.432 [info] > git rev-parse --show-toplevel [3ms]
2024-05-01 07:33:10.432 [info] fatal: not a git repository (or any of the parent directories): .git
2024-05-01 07:33:10.438 [info] > git rev-parse --show-toplevel [2ms]
2024-05-01 07:33:10.438 [info] fatal: not a git repository (or any of the parent directories): .git
2024-05-01 07:33:10.445 [info] > git rev-parse --show-toplevel [1ms]
2024-05-01 07:33:10.445 [info] fatal: not a git repository (or any of the parent directories): .git
2024-05-01 07:33:10.452 [info] > git rev-parse --show-toplevel [2ms]
2024-05-01 07:33:10.452 [info] fatal: not a git repository (or any of the parent directories): .git
2024-05-01 07:33:10.458 [info] > git rev-parse --show-toplevel [2ms]
2024-05-01 07:33:10.458 [info] fatal: not a git repository (or any of the parent directories): .git
2024-05-01 07:33:10.464 [info] > git rev-parse --show-toplevel [2ms]
2024-05-01 07:33:10.464 [info] fatal: not a git repository (or any of the parent directories): .git
2024-05-01 07:33:10.470 [info] > git rev-parse --show-toplevel [1ms]
2024-05-01 07:33:10.470 [info] fatal: not a git repository (or any of the parent directories): .git
2024-05-01 07:33:10.475 [info] > git rev-parse --show-toplevel [1ms]
2024-05-01 07:33:10.476 [info] fatal: not a git repository (or any of the parent directories): .git
2024-05-01 07:33:10.482 [info] > git rev-parse --show-toplevel [1ms]
2024-05-01 07:33:10.482 [info] fatal: not a git repository (or any of the parent directories): .git
2024-05-01 07:33:10.488 [info] > git rev-parse --show-toplevel [2ms]
2024-05-01 07:33:10.488 [info] fatal: not a git repository (or any of the parent directories): .git
2024-05-01 07:33:10.494 [info] > git rev-parse --show-toplevel [1ms]
2024-05-01 07:33:10.494 [info] fatal: not a git repository (or any of the parent directories): .git
2024-05-01 07:33:10.499 [info] > git rev-parse --show-toplevel [2ms]
2024-05-01 07:33:10.499 [info] fatal: not a git repository (or any of the parent directories): .git
2024-05-01 07:33:10.505 [info] > git rev-parse --show-toplevel [3ms]
2024-05-01 07:33:10.505 [info] fatal: not a git repository (or any of the parent directories): .git
2024-05-01 07:33:10.510 [info] > git rev-parse --show-toplevel [2ms]
2024-05-01 07:33:10.510 [info] fatal: not a git repository (or any of the parent directories): .git
2024-05-01 07:33:10.517 [info] > git rev-parse --show-toplevel [3ms]
2024-05-01 07:33:10.517 [info] fatal: not a git repository (or any of the parent directories): .git
2024-05-01 07:33:10.523 [info] > git rev-parse --show-toplevel [2ms]
2024-05-01 07:33:10.523 [info] fatal: not a git repository (or any of the parent directories): .git
2024-05-01 07:33:10.531 [info] > git rev-parse --show-toplevel [2ms]
2024-05-01 07:33:10.531 [info] fatal: not a git repository (or any of the parent directories): .git
2024-05-01 07:33:10.537 [info] > git rev-parse --show-toplevel [2ms]
2024-05-01 07:33:10.537 [info] fatal: not a git repository (or any of the parent directories): .git
2024-05-01 07:33:10.745 [info] > git rev-parse --show-toplevel [2ms]
2024-05-01 07:33:10.745 [info] fatal: not a git repository (or any of the parent directories): .git
2024-05-01 07:33:45.387 [info] > git rev-parse --show-toplevel [2ms]
2024-05-01 07:33:45.387 [info] fatal: not a git repository (or any of the parent directories): .git
2024-05-01 07:33:51.161 [info] > git rev-parse --show-toplevel [2ms]
2024-05-01 07:33:51.161 [info] fatal: not a git repository (or any of the parent directories): .git
2024-05-01 07:33:52.872 [info] > git rev-parse --show-toplevel [2ms]
2024-05-01 07:33:52.872 [info] fatal: not a git repository (or any of the parent directories): .git
2024-05-01 07:34:02.702 [info] > git rev-parse --show-toplevel [1ms]
2024-05-01 07:34:02.702 [info] fatal: not a git repository (or any of the parent directories): .git
2024-05-01 07:34:56.711 [info] > git rev-parse --show-toplevel [2ms]
2024-05-01 07:34:56.711 [info] fatal: not a git repository (or any of the parent directories): .git
