2024-05-23 08:49:15.897 [info] Log level: Info
2024-05-23 08:49:15.897 [info] Validating found git in: "git"
2024-05-23 08:49:15.897 [info] Using git "2.45.1" from "git"
2024-05-23 08:49:15.897 [info] > git rev-parse --show-toplevel [118ms]
2024-05-23 08:49:15.903 [info] > git rev-parse --git-dir --git-common-dir [51ms]
2024-05-23 08:49:15.934 [info] Open repository: /home/cyper/.config
2024-05-23 08:49:15.962 [info] > git config --get commit.template [11ms]
2024-05-23 08:49:16.004 [info] > git rev-parse --show-toplevel [48ms]
2024-05-23 08:49:16.040 [info] > git rev-parse --show-toplevel [9ms]
2024-05-23 08:49:16.041 [info] > git for-each-ref --format=%(refname)%00%(upstream:short)%00%(objectname)%00%(upstream:track)%00%(upstream:remotename)%00%(upstream:remoteref) refs/heads/main refs/remotes/main [28ms]
2024-05-23 08:49:16.064 [info] > git rev-parse --show-toplevel [14ms]
2024-05-23 08:49:16.076 [info] > git rev-parse --show-toplevel [4ms]
2024-05-23 08:49:16.088 [info] > git rev-parse --show-toplevel [3ms]
2024-05-23 08:49:16.106 [info] > git rev-parse --show-toplevel [4ms]
2024-05-23 08:49:16.122 [info] > git rev-parse --show-toplevel [7ms]
2024-05-23 08:49:16.138 [info] > git status -z -uall [77ms]
2024-05-23 08:49:16.212 [info] > git merge-base refs/heads/main refs/remotes/origin/main [49ms]
2024-05-23 08:49:16.222 [info] > git rev-parse --show-toplevel [89ms]
2024-05-23 08:49:16.232 [info] > git config --get commit.template [20ms]
2024-05-23 08:49:16.236 [info] > git rev-list --count --left-right refs/heads/main...refs/remotes/origin/main [13ms]
2024-05-23 08:49:16.259 [info] > git rev-parse --show-toplevel [29ms]
2024-05-23 08:49:16.437 [info] > git for-each-ref --format=%(refname)%00%(upstream:short)%00%(objectname)%00%(upstream:track)%00%(upstream:remotename)%00%(upstream:remoteref) refs/heads/main refs/remotes/main [180ms]
2024-05-23 08:49:16.438 [info] > git diff --name-status -z --diff-filter=ADMR a48ad9f78cfafc31918a383140e0d74241d40561...refs/remotes/origin/main [192ms]
2024-05-23 08:49:16.473 [info] > git rev-parse --show-toplevel [38ms]
2024-05-23 08:49:16.500 [info] > git rev-parse --show-toplevel [18ms]
2024-05-23 08:49:16.515 [info] > git rev-parse --show-toplevel [5ms]
2024-05-23 08:49:16.527 [info] > git rev-parse --show-toplevel [3ms]
2024-05-23 08:49:16.543 [info] > git rev-parse --show-toplevel [5ms]
2024-05-23 08:49:16.555 [info] > git status -z -uall [64ms]
2024-05-23 08:49:16.578 [info] > git rev-parse --show-toplevel [26ms]
2024-05-23 08:49:16.590 [info] > git rev-parse --show-toplevel [3ms]
2024-05-23 08:49:16.601 [info] > git rev-parse --show-toplevel [4ms]
2024-05-23 08:49:16.615 [info] > git rev-parse --show-toplevel [7ms]
2024-05-23 08:49:16.626 [info] > git rev-parse --show-toplevel [4ms]
2024-05-23 08:49:16.637 [info] > git rev-parse --show-toplevel [3ms]
2024-05-23 08:49:16.649 [info] > git rev-parse --show-toplevel [4ms]
2024-05-23 08:49:16.782 [info] > git rev-parse --show-toplevel [125ms]
2024-05-23 08:49:16.806 [info] > git rev-parse --show-toplevel [16ms]
2024-05-23 08:49:17.334 [info] > git check-ignore -v -z --stdin [13ms]
2024-05-23 08:49:17.840 [info] > git show --textconv :gtk-3.0/gtk.css [24ms]
2024-05-23 08:49:17.843 [info] > git ls-files --stage -- /home/cyper/.config/gtk-3.0/gtk.css [5ms]
2024-05-23 08:49:17.857 [info] > git cat-file -s c0eab44b1262f3e9603b7dd9398edaacc5662b96 [5ms]
2024-05-23 08:49:19.535 [info] > git config --get commit.template [9ms]
2024-05-23 08:49:19.538 [info] > git for-each-ref --format=%(refname)%00%(upstream:short)%00%(objectname)%00%(upstream:track)%00%(upstream:remotename)%00%(upstream:remoteref) refs/heads/main refs/remotes/main [4ms]
2024-05-23 08:49:19.592 [info] > git status -z -uall [44ms]
2024-05-23 08:49:33.324 [info] > git config --get commit.template [13ms]
2024-05-23 08:49:33.325 [info] > git for-each-ref --format=%(refname)%00%(upstream:short)%00%(objectname)%00%(upstream:track)%00%(upstream:remotename)%00%(upstream:remoteref) refs/heads/main refs/remotes/main [4ms]
2024-05-23 08:49:33.381 [info] > git status -z -uall [46ms]
2024-05-23 08:49:38.786 [info] > git config --get commit.template [13ms]
2024-05-23 08:49:38.788 [info] > git for-each-ref --format=%(refname)%00%(upstream:short)%00%(objectname)%00%(upstream:track)%00%(upstream:remotename)%00%(upstream:remoteref) refs/heads/main refs/remotes/main [4ms]
2024-05-23 08:49:38.848 [info] > git status -z -uall [47ms]
2024-05-23 08:49:43.898 [info] > git config --get commit.template [10ms]
2024-05-23 08:49:43.901 [info] > git for-each-ref --format=%(refname)%00%(upstream:short)%00%(objectname)%00%(upstream:track)%00%(upstream:remotename)%00%(upstream:remoteref) refs/heads/main refs/remotes/main [4ms]
2024-05-23 08:49:43.954 [info] > git status -z -uall [44ms]
2024-05-23 08:49:48.993 [info] > git config --get commit.template [10ms]
2024-05-23 08:49:48.998 [info] > git for-each-ref --format=%(refname)%00%(upstream:short)%00%(objectname)%00%(upstream:track)%00%(upstream:remotename)%00%(upstream:remoteref) refs/heads/main refs/remotes/main [7ms]
2024-05-23 08:49:49.057 [info] > git status -z -uall [47ms]
2024-05-23 08:49:54.097 [info] > git config --get commit.template [12ms]
2024-05-23 08:49:54.100 [info] > git for-each-ref --format=%(refname)%00%(upstream:short)%00%(objectname)%00%(upstream:track)%00%(upstream:remotename)%00%(upstream:remoteref) refs/heads/main refs/remotes/main [4ms]
2024-05-23 08:49:54.153 [info] > git status -z -uall [45ms]
2024-05-23 08:49:55.311 [info] > git check-ignore -v -z --stdin [5ms]
2024-05-23 08:49:56.790 [info] > git show --textconv :waybar/style.css [11ms]
2024-05-23 08:49:56.793 [info] > git ls-files --stage -- /home/cyper/.config/waybar/style.css [6ms]
2024-05-23 08:49:56.804 [info] > git cat-file -s ac99993fd083f6ee363331179001fafcd54c2c73 [4ms]
2024-05-23 08:49:59.192 [info] > git config --get commit.template [9ms]
2024-05-23 08:49:59.194 [info] > git for-each-ref --format=%(refname)%00%(upstream:short)%00%(objectname)%00%(upstream:track)%00%(upstream:remotename)%00%(upstream:remoteref) refs/heads/main refs/remotes/main [3ms]
2024-05-23 08:49:59.248 [info] > git status -z -uall [45ms]
2024-05-23 08:50:04.287 [info] > git config --get commit.template [9ms]
2024-05-23 08:50:04.290 [info] > git for-each-ref --format=%(refname)%00%(upstream:short)%00%(objectname)%00%(upstream:track)%00%(upstream:remotename)%00%(upstream:remoteref) refs/heads/main refs/remotes/main [4ms]
2024-05-23 08:50:04.342 [info] > git status -z -uall [44ms]
2024-05-23 08:50:09.278 [info] > git check-ignore -v -z --stdin [4ms]
2024-05-23 08:50:09.381 [info] > git config --get commit.template [11ms]
2024-05-23 08:50:09.384 [info] > git for-each-ref --format=%(refname)%00%(upstream:short)%00%(objectname)%00%(upstream:track)%00%(upstream:remotename)%00%(upstream:remoteref) refs/heads/main refs/remotes/main [4ms]
2024-05-23 08:50:09.436 [info] > git status -z -uall [44ms]
2024-05-23 08:50:11.822 [info] > git show --textconv :Adwaita/_colors.scss [28ms]
2024-05-23 08:50:11.826 [info] > git ls-files --stage -- /home/cyper/.config/Adwaita/_colors.scss [15ms]
2024-05-23 08:50:14.473 [info] > git config --get commit.template [9ms]
2024-05-23 08:50:14.475 [info] > git for-each-ref --format=%(refname)%00%(upstream:short)%00%(objectname)%00%(upstream:track)%00%(upstream:remotename)%00%(upstream:remoteref) refs/heads/main refs/remotes/main [4ms]
2024-05-23 08:50:14.528 [info] > git status -z -uall [44ms]
2024-05-23 08:50:19.564 [info] > git config --get commit.template [10ms]
2024-05-23 08:50:19.567 [info] > git for-each-ref --format=%(refname)%00%(upstream:short)%00%(objectname)%00%(upstream:track)%00%(upstream:remotename)%00%(upstream:remoteref) refs/heads/main refs/remotes/main [4ms]
2024-05-23 08:50:19.624 [info] > git status -z -uall [49ms]
2024-05-23 08:50:24.664 [info] > git config --get commit.template [10ms]
2024-05-23 08:50:24.667 [info] > git for-each-ref --format=%(refname)%00%(upstream:short)%00%(objectname)%00%(upstream:track)%00%(upstream:remotename)%00%(upstream:remoteref) refs/heads/main refs/remotes/main [5ms]
2024-05-23 08:50:24.721 [info] > git status -z -uall [46ms]
2024-05-23 08:50:29.748 [info] > git config --get commit.template [4ms]
2024-05-23 08:50:29.760 [info] > git for-each-ref --format=%(refname)%00%(upstream:short)%00%(objectname)%00%(upstream:track)%00%(upstream:remotename)%00%(upstream:remoteref) refs/heads/main refs/remotes/main [3ms]
2024-05-23 08:50:29.814 [info] > git status -z -uall [46ms]
2024-05-23 08:50:34.849 [info] > git config --get commit.template [9ms]
2024-05-23 08:50:34.851 [info] > git for-each-ref --format=%(refname)%00%(upstream:short)%00%(objectname)%00%(upstream:track)%00%(upstream:remotename)%00%(upstream:remoteref) refs/heads/main refs/remotes/main [4ms]
2024-05-23 08:50:34.905 [info] > git status -z -uall [46ms]
2024-05-23 08:50:39.942 [info] > git config --get commit.template [13ms]
2024-05-23 08:50:39.945 [info] > git for-each-ref --format=%(refname)%00%(upstream:short)%00%(objectname)%00%(upstream:track)%00%(upstream:remotename)%00%(upstream:remoteref) refs/heads/main refs/remotes/main [5ms]
2024-05-23 08:50:40.006 [info] > git status -z -uall [52ms]
2024-05-23 08:50:45.043 [info] > git config --get commit.template [10ms]
2024-05-23 08:50:45.046 [info] > git for-each-ref --format=%(refname)%00%(upstream:short)%00%(objectname)%00%(upstream:track)%00%(upstream:remotename)%00%(upstream:remoteref) refs/heads/main refs/remotes/main [4ms]
2024-05-23 08:50:45.100 [info] > git status -z -uall [46ms]
2024-05-23 08:50:50.140 [info] > git config --get commit.template [11ms]
2024-05-23 08:50:50.142 [info] > git for-each-ref --format=%(refname)%00%(upstream:short)%00%(objectname)%00%(upstream:track)%00%(upstream:remotename)%00%(upstream:remoteref) refs/heads/main refs/remotes/main [4ms]
2024-05-23 08:50:50.197 [info] > git status -z -uall [46ms]
2024-05-23 08:50:55.231 [info] > git config --get commit.template [4ms]
2024-05-23 08:50:55.243 [info] > git for-each-ref --format=%(refname)%00%(upstream:short)%00%(objectname)%00%(upstream:track)%00%(upstream:remotename)%00%(upstream:remoteref) refs/heads/main refs/remotes/main [4ms]
2024-05-23 08:50:55.298 [info] > git status -z -uall [47ms]
2024-05-23 08:51:00.334 [info] > git config --get commit.template [10ms]
2024-05-23 08:51:00.337 [info] > git for-each-ref --format=%(refname)%00%(upstream:short)%00%(objectname)%00%(upstream:track)%00%(upstream:remotename)%00%(upstream:remoteref) refs/heads/main refs/remotes/main [4ms]
2024-05-23 08:51:00.391 [info] > git status -z -uall [45ms]
2024-05-23 08:51:05.432 [info] > git config --get commit.template [11ms]
2024-05-23 08:51:05.435 [info] > git for-each-ref --format=%(refname)%00%(upstream:short)%00%(objectname)%00%(upstream:track)%00%(upstream:remotename)%00%(upstream:remoteref) refs/heads/main refs/remotes/main [4ms]
2024-05-23 08:51:05.489 [info] > git status -z -uall [45ms]
2024-05-23 08:51:10.525 [info] > git config --get commit.template [9ms]
2024-05-23 08:51:10.529 [info] > git for-each-ref --format=%(refname)%00%(upstream:short)%00%(objectname)%00%(upstream:track)%00%(upstream:remotename)%00%(upstream:remoteref) refs/heads/main refs/remotes/main [6ms]
2024-05-23 08:51:10.582 [info] > git status -z -uall [44ms]
2024-05-23 08:51:15.624 [info] > git config --get commit.template [10ms]
2024-05-23 08:51:15.626 [info] > git for-each-ref --format=%(refname)%00%(upstream:short)%00%(objectname)%00%(upstream:track)%00%(upstream:remotename)%00%(upstream:remoteref) refs/heads/main refs/remotes/main [3ms]
2024-05-23 08:51:15.679 [info] > git status -z -uall [45ms]
2024-05-23 08:51:20.713 [info] > git config --get commit.template [9ms]
2024-05-23 08:51:20.715 [info] > git for-each-ref --format=%(refname)%00%(upstream:short)%00%(objectname)%00%(upstream:track)%00%(upstream:remotename)%00%(upstream:remoteref) refs/heads/main refs/remotes/main [4ms]
2024-05-23 08:51:20.768 [info] > git status -z -uall [44ms]
2024-05-23 08:51:25.807 [info] > git config --get commit.template [11ms]
2024-05-23 08:51:25.810 [info] > git for-each-ref --format=%(refname)%00%(upstream:short)%00%(objectname)%00%(upstream:track)%00%(upstream:remotename)%00%(upstream:remoteref) refs/heads/main refs/remotes/main [5ms]
2024-05-23 08:51:25.864 [info] > git status -z -uall [45ms]
2024-05-23 08:51:30.902 [info] > git config --get commit.template [10ms]
2024-05-23 08:51:30.904 [info] > git for-each-ref --format=%(refname)%00%(upstream:short)%00%(objectname)%00%(upstream:track)%00%(upstream:remotename)%00%(upstream:remoteref) refs/heads/main refs/remotes/main [3ms]
2024-05-23 08:51:30.963 [info] > git status -z -uall [49ms]
2024-05-23 08:51:36.013 [info] > git config --get commit.template [15ms]
2024-05-23 08:51:36.016 [info] > git for-each-ref --format=%(refname)%00%(upstream:short)%00%(objectname)%00%(upstream:track)%00%(upstream:remotename)%00%(upstream:remoteref) refs/heads/main refs/remotes/main [7ms]
2024-05-23 08:51:36.070 [info] > git status -z -uall [45ms]
2024-05-23 08:51:41.108 [info] > git config --get commit.template [11ms]
2024-05-23 08:51:41.110 [info] > git for-each-ref --format=%(refname)%00%(upstream:short)%00%(objectname)%00%(upstream:track)%00%(upstream:remotename)%00%(upstream:remoteref) refs/heads/main refs/remotes/main [4ms]
2024-05-23 08:51:41.164 [info] > git status -z -uall [45ms]
2024-05-23 08:51:46.204 [info] > git config --get commit.template [12ms]
2024-05-23 08:51:46.206 [info] > git for-each-ref --format=%(refname)%00%(upstream:short)%00%(objectname)%00%(upstream:track)%00%(upstream:remotename)%00%(upstream:remoteref) refs/heads/main refs/remotes/main [4ms]
2024-05-23 08:51:46.266 [info] > git status -z -uall [48ms]
2024-05-23 08:51:51.303 [info] > git config --get commit.template [9ms]
2024-05-23 08:51:51.305 [info] > git for-each-ref --format=%(refname)%00%(upstream:short)%00%(objectname)%00%(upstream:track)%00%(upstream:remotename)%00%(upstream:remoteref) refs/heads/main refs/remotes/main [4ms]
2024-05-23 08:51:51.358 [info] > git status -z -uall [45ms]
2024-05-23 08:51:56.394 [info] > git config --get commit.template [10ms]
2024-05-23 08:51:56.397 [info] > git for-each-ref --format=%(refname)%00%(upstream:short)%00%(objectname)%00%(upstream:track)%00%(upstream:remotename)%00%(upstream:remoteref) refs/heads/main refs/remotes/main [4ms]
2024-05-23 08:51:56.451 [info] > git status -z -uall [45ms]
2024-05-23 08:52:01.485 [info] > git config --get commit.template [10ms]
2024-05-23 08:52:01.488 [info] > git for-each-ref --format=%(refname)%00%(upstream:short)%00%(objectname)%00%(upstream:track)%00%(upstream:remotename)%00%(upstream:remoteref) refs/heads/main refs/remotes/main [4ms]
2024-05-23 08:52:01.543 [info] > git status -z -uall [47ms]
2024-05-23 08:52:06.580 [info] > git config --get commit.template [10ms]
2024-05-23 08:52:06.584 [info] > git for-each-ref --format=%(refname)%00%(upstream:short)%00%(objectname)%00%(upstream:track)%00%(upstream:remotename)%00%(upstream:remoteref) refs/heads/main refs/remotes/main [5ms]
2024-05-23 08:52:06.641 [info] > git status -z -uall [47ms]
2024-05-23 08:52:11.675 [info] > git config --get commit.template [9ms]
2024-05-23 08:52:11.678 [info] > git for-each-ref --format=%(refname)%00%(upstream:short)%00%(objectname)%00%(upstream:track)%00%(upstream:remotename)%00%(upstream:remoteref) refs/heads/main refs/remotes/main [4ms]
2024-05-23 08:52:11.730 [info] > git status -z -uall [44ms]
2024-05-23 08:52:16.768 [info] > git config --get commit.template [11ms]
2024-05-23 08:52:16.770 [info] > git for-each-ref --format=%(refname)%00%(upstream:short)%00%(objectname)%00%(upstream:track)%00%(upstream:remotename)%00%(upstream:remoteref) refs/heads/main refs/remotes/main [4ms]
2024-05-23 08:52:16.823 [info] > git status -z -uall [45ms]
2024-05-23 08:52:21.857 [info] > git config --get commit.template [10ms]
2024-05-23 08:52:21.859 [info] > git for-each-ref --format=%(refname)%00%(upstream:short)%00%(objectname)%00%(upstream:track)%00%(upstream:remotename)%00%(upstream:remoteref) refs/heads/main refs/remotes/main [4ms]
2024-05-23 08:52:21.912 [info] > git status -z -uall [44ms]
2024-05-23 08:52:26.945 [info] > git config --get commit.template [9ms]
2024-05-23 08:52:26.948 [info] > git for-each-ref --format=%(refname)%00%(upstream:short)%00%(objectname)%00%(upstream:track)%00%(upstream:remotename)%00%(upstream:remoteref) refs/heads/main refs/remotes/main [4ms]
2024-05-23 08:52:27.002 [info] > git status -z -uall [45ms]
2024-05-23 08:52:32.038 [info] > git config --get commit.template [9ms]
2024-05-23 08:52:32.040 [info] > git for-each-ref --format=%(refname)%00%(upstream:short)%00%(objectname)%00%(upstream:track)%00%(upstream:remotename)%00%(upstream:remoteref) refs/heads/main refs/remotes/main [4ms]
2024-05-23 08:52:32.094 [info] > git status -z -uall [44ms]
2024-05-23 08:52:37.127 [info] > git config --get commit.template [9ms]
2024-05-23 08:52:37.129 [info] > git for-each-ref --format=%(refname)%00%(upstream:short)%00%(objectname)%00%(upstream:track)%00%(upstream:remotename)%00%(upstream:remoteref) refs/heads/main refs/remotes/main [4ms]
2024-05-23 08:52:37.183 [info] > git status -z -uall [45ms]
2024-05-23 08:52:42.220 [info] > git config --get commit.template [10ms]
2024-05-23 08:52:42.222 [info] > git for-each-ref --format=%(refname)%00%(upstream:short)%00%(objectname)%00%(upstream:track)%00%(upstream:remotename)%00%(upstream:remoteref) refs/heads/main refs/remotes/main [4ms]
2024-05-23 08:52:42.280 [info] > git status -z -uall [49ms]
2024-05-23 08:52:47.315 [info] > git config --get commit.template [10ms]
2024-05-23 08:52:47.318 [info] > git for-each-ref --format=%(refname)%00%(upstream:short)%00%(objectname)%00%(upstream:track)%00%(upstream:remotename)%00%(upstream:remoteref) refs/heads/main refs/remotes/main [4ms]
2024-05-23 08:52:47.372 [info] > git status -z -uall [45ms]
2024-05-23 08:52:52.410 [info] > git config --get commit.template [11ms]
2024-05-23 08:52:52.413 [info] > git for-each-ref --format=%(refname)%00%(upstream:short)%00%(objectname)%00%(upstream:track)%00%(upstream:remotename)%00%(upstream:remoteref) refs/heads/main refs/remotes/main [4ms]
2024-05-23 08:52:52.474 [info] > git status -z -uall [52ms]
2024-05-23 08:52:57.534 [info] > git config --get commit.template [11ms]
2024-05-23 08:52:57.536 [info] > git for-each-ref --format=%(refname)%00%(upstream:short)%00%(objectname)%00%(upstream:track)%00%(upstream:remotename)%00%(upstream:remoteref) refs/heads/main refs/remotes/main [4ms]
2024-05-23 08:52:57.590 [info] > git status -z -uall [45ms]
2024-05-23 08:53:02.630 [info] > git config --get commit.template [11ms]
2024-05-23 08:53:02.632 [info] > git for-each-ref --format=%(refname)%00%(upstream:short)%00%(objectname)%00%(upstream:track)%00%(upstream:remotename)%00%(upstream:remoteref) refs/heads/main refs/remotes/main [4ms]
2024-05-23 08:53:02.687 [info] > git status -z -uall [46ms]
2024-05-23 08:53:10.349 [info] > git config --get commit.template [11ms]
2024-05-23 08:53:10.350 [info] > git for-each-ref --format=%(refname)%00%(upstream:short)%00%(objectname)%00%(upstream:track)%00%(upstream:remotename)%00%(upstream:remoteref) refs/heads/main refs/remotes/main [4ms]
2024-05-23 08:53:10.405 [info] > git status -z -uall [45ms]
2024-05-23 08:53:15.462 [info] > git config --get commit.template [31ms]
2024-05-23 08:53:15.476 [info] > git for-each-ref --format=%(refname)%00%(upstream:short)%00%(objectname)%00%(upstream:track)%00%(upstream:remotename)%00%(upstream:remoteref) refs/heads/main refs/remotes/main [5ms]
2024-05-23 08:53:15.533 [info] > git status -z -uall [46ms]
2024-05-23 08:53:20.573 [info] > git config --get commit.template [10ms]
2024-05-23 08:53:20.576 [info] > git for-each-ref --format=%(refname)%00%(upstream:short)%00%(objectname)%00%(upstream:track)%00%(upstream:remotename)%00%(upstream:remoteref) refs/heads/main refs/remotes/main [4ms]
2024-05-23 08:53:20.631 [info] > git status -z -uall [46ms]
2024-05-23 08:53:25.668 [info] > git config --get commit.template [10ms]
2024-05-23 08:53:25.671 [info] > git for-each-ref --format=%(refname)%00%(upstream:short)%00%(objectname)%00%(upstream:track)%00%(upstream:remotename)%00%(upstream:remoteref) refs/heads/main refs/remotes/main [4ms]
2024-05-23 08:53:25.725 [info] > git status -z -uall [44ms]
2024-05-23 08:53:30.762 [info] > git config --get commit.template [11ms]
2024-05-23 08:53:30.764 [info] > git for-each-ref --format=%(refname)%00%(upstream:short)%00%(objectname)%00%(upstream:track)%00%(upstream:remotename)%00%(upstream:remoteref) refs/heads/main refs/remotes/main [3ms]
2024-05-23 08:53:30.818 [info] > git status -z -uall [44ms]
2024-05-23 08:53:32.854 [info] > git show --textconv :Adwaita/gtk-contained.css [12ms]
2024-05-23 08:53:32.859 [info] > git ls-files --stage -- /home/cyper/.config/Adwaita/gtk-contained.css [6ms]
2024-05-23 08:53:35.857 [info] > git config --get commit.template [10ms]
2024-05-23 08:53:35.859 [info] > git for-each-ref --format=%(refname)%00%(upstream:short)%00%(objectname)%00%(upstream:track)%00%(upstream:remotename)%00%(upstream:remoteref) refs/heads/main refs/remotes/main [4ms]
2024-05-23 08:53:35.915 [info] > git status -z -uall [46ms]
2024-05-23 08:53:40.954 [info] > git config --get commit.template [11ms]
2024-05-23 08:53:40.956 [info] > git for-each-ref --format=%(refname)%00%(upstream:short)%00%(objectname)%00%(upstream:track)%00%(upstream:remotename)%00%(upstream:remoteref) refs/heads/main refs/remotes/main [4ms]
2024-05-23 08:53:41.012 [info] > git status -z -uall [45ms]
2024-05-23 08:53:46.052 [info] > git config --get commit.template [11ms]
2024-05-23 08:53:46.055 [info] > git for-each-ref --format=%(refname)%00%(upstream:short)%00%(objectname)%00%(upstream:track)%00%(upstream:remotename)%00%(upstream:remoteref) refs/heads/main refs/remotes/main [4ms]
2024-05-23 08:53:46.110 [info] > git status -z -uall [45ms]
2024-05-23 08:53:49.133 [info] > git show --textconv :gtk-4.0/gtk.css [14ms]
2024-05-23 08:53:49.136 [info] > git ls-files --stage -- /home/cyper/.config/gtk-4.0/gtk.css [6ms]
2024-05-23 08:53:49.150 [info] > git cat-file -s 7443c030f4455f22a284114ef8a1166ceba193dd [1ms]
2024-05-23 08:53:51.151 [info] > git config --get commit.template [11ms]
2024-05-23 08:53:51.153 [info] > git for-each-ref --format=%(refname)%00%(upstream:short)%00%(objectname)%00%(upstream:track)%00%(upstream:remotename)%00%(upstream:remoteref) refs/heads/main refs/remotes/main [4ms]
2024-05-23 08:53:51.212 [info] > git status -z -uall [49ms]
2024-05-23 08:53:52.087 [info] > git show --textconv :gtk-3.0/gtk.css [14ms]
2024-05-23 08:53:52.091 [info] > git ls-files --stage -- /home/cyper/.config/gtk-3.0/gtk.css [5ms]
2024-05-23 08:53:52.103 [info] > git cat-file -s c0eab44b1262f3e9603b7dd9398edaacc5662b96 [4ms]
2024-05-23 08:53:56.251 [info] > git config --get commit.template [11ms]
2024-05-23 08:53:56.253 [info] > git for-each-ref --format=%(refname)%00%(upstream:short)%00%(objectname)%00%(upstream:track)%00%(upstream:remotename)%00%(upstream:remoteref) refs/heads/main refs/remotes/main [4ms]
2024-05-23 08:53:56.308 [info] > git status -z -uall [45ms]
2024-05-23 08:56:00.146 [info] > git config --get commit.template [12ms]
2024-05-23 08:56:00.149 [info] > git for-each-ref --format=%(refname)%00%(upstream:short)%00%(objectname)%00%(upstream:track)%00%(upstream:remotename)%00%(upstream:remoteref) refs/heads/main refs/remotes/main [5ms]
2024-05-23 08:56:00.232 [info] > git status -z -uall [70ms]
2024-05-23 08:56:02.915 [info] > git check-ignore -v -z --stdin [4ms]
2024-05-23 08:56:04.774 [info] > git show --textconv :waybar/style.css [11ms]
2024-05-23 08:56:04.777 [info] > git ls-files --stage -- /home/cyper/.config/waybar/style.css [4ms]
2024-05-23 08:56:04.789 [info] > git cat-file -s ac99993fd083f6ee363331179001fafcd54c2c73 [4ms]
2024-05-23 08:56:05.272 [info] > git config --get commit.template [11ms]
2024-05-23 08:56:05.274 [info] > git for-each-ref --format=%(refname)%00%(upstream:short)%00%(objectname)%00%(upstream:track)%00%(upstream:remotename)%00%(upstream:remoteref) refs/heads/main refs/remotes/main [4ms]
2024-05-23 08:56:05.340 [info] > git status -z -uall [46ms]
2024-05-23 08:56:10.378 [info] > git config --get commit.template [11ms]
2024-05-23 08:56:10.380 [info] > git for-each-ref --format=%(refname)%00%(upstream:short)%00%(objectname)%00%(upstream:track)%00%(upstream:remotename)%00%(upstream:remoteref) refs/heads/main refs/remotes/main [4ms]
2024-05-23 08:56:10.435 [info] > git status -z -uall [45ms]
2024-05-23 08:56:15.475 [info] > git config --get commit.template [12ms]
2024-05-23 08:56:15.476 [info] > git for-each-ref --format=%(refname)%00%(upstream:short)%00%(objectname)%00%(upstream:track)%00%(upstream:remotename)%00%(upstream:remoteref) refs/heads/main refs/remotes/main [4ms]
2024-05-23 08:56:15.530 [info] > git status -z -uall [44ms]
2024-05-23 08:56:20.571 [info] > git config --get commit.template [12ms]
2024-05-23 08:56:20.574 [info] > git for-each-ref --format=%(refname)%00%(upstream:short)%00%(objectname)%00%(upstream:track)%00%(upstream:remotename)%00%(upstream:remoteref) refs/heads/main refs/remotes/main [5ms]
2024-05-23 08:56:20.629 [info] > git status -z -uall [46ms]
2024-05-23 08:56:25.671 [info] > git config --get commit.template [12ms]
2024-05-23 08:56:25.673 [info] > git for-each-ref --format=%(refname)%00%(upstream:short)%00%(objectname)%00%(upstream:track)%00%(upstream:remotename)%00%(upstream:remoteref) refs/heads/main refs/remotes/main [4ms]
2024-05-23 08:56:25.729 [info] > git status -z -uall [46ms]
2024-05-23 08:56:30.766 [info] > git config --get commit.template [11ms]
2024-05-23 08:56:30.768 [info] > git for-each-ref --format=%(refname)%00%(upstream:short)%00%(objectname)%00%(upstream:track)%00%(upstream:remotename)%00%(upstream:remoteref) refs/heads/main refs/remotes/main [4ms]
2024-05-23 08:56:30.825 [info] > git status -z -uall [47ms]
2024-05-23 08:56:35.862 [info] > git config --get commit.template [11ms]
2024-05-23 08:56:35.864 [info] > git for-each-ref --format=%(refname)%00%(upstream:short)%00%(objectname)%00%(upstream:track)%00%(upstream:remotename)%00%(upstream:remoteref) refs/heads/main refs/remotes/main [4ms]
2024-05-23 08:56:35.921 [info] > git status -z -uall [46ms]
2024-05-23 08:56:40.962 [info] > git config --get commit.template [12ms]
2024-05-23 08:56:40.964 [info] > git for-each-ref --format=%(refname)%00%(upstream:short)%00%(objectname)%00%(upstream:track)%00%(upstream:remotename)%00%(upstream:remoteref) refs/heads/main refs/remotes/main [4ms]
2024-05-23 08:56:41.018 [info] > git status -z -uall [44ms]
2024-05-23 08:56:46.057 [info] > git config --get commit.template [12ms]
2024-05-23 08:56:46.059 [info] > git for-each-ref --format=%(refname)%00%(upstream:short)%00%(objectname)%00%(upstream:track)%00%(upstream:remotename)%00%(upstream:remoteref) refs/heads/main refs/remotes/main [3ms]
2024-05-23 08:56:46.115 [info] > git status -z -uall [46ms]
2024-05-23 08:56:51.152 [info] > git config --get commit.template [7ms]
2024-05-23 08:56:51.168 [info] > git for-each-ref --format=%(refname)%00%(upstream:short)%00%(objectname)%00%(upstream:track)%00%(upstream:remotename)%00%(upstream:remoteref) refs/heads/main refs/remotes/main [5ms]
2024-05-23 08:56:51.229 [info] > git status -z -uall [47ms]
2024-05-23 08:56:56.273 [info] > git config --get commit.template [11ms]
2024-05-23 08:56:56.275 [info] > git for-each-ref --format=%(refname)%00%(upstream:short)%00%(objectname)%00%(upstream:track)%00%(upstream:remotename)%00%(upstream:remoteref) refs/heads/main refs/remotes/main [4ms]
2024-05-23 08:56:56.330 [info] > git status -z -uall [44ms]
2024-05-23 08:57:01.365 [info] > git config --get commit.template [11ms]
2024-05-23 08:57:01.369 [info] > git for-each-ref --format=%(refname)%00%(upstream:short)%00%(objectname)%00%(upstream:track)%00%(upstream:remotename)%00%(upstream:remoteref) refs/heads/main refs/remotes/main [5ms]
2024-05-23 08:57:01.425 [info] > git status -z -uall [47ms]
2024-05-23 08:57:06.463 [info] > git config --get commit.template [11ms]
2024-05-23 08:57:06.466 [info] > git for-each-ref --format=%(refname)%00%(upstream:short)%00%(objectname)%00%(upstream:track)%00%(upstream:remotename)%00%(upstream:remoteref) refs/heads/main refs/remotes/main [5ms]
2024-05-23 08:57:06.520 [info] > git status -z -uall [45ms]
2024-05-23 08:57:11.558 [info] > git config --get commit.template [11ms]
2024-05-23 08:57:11.561 [info] > git for-each-ref --format=%(refname)%00%(upstream:short)%00%(objectname)%00%(upstream:track)%00%(upstream:remotename)%00%(upstream:remoteref) refs/heads/main refs/remotes/main [4ms]
2024-05-23 08:57:11.618 [info] > git status -z -uall [46ms]
2024-05-23 08:57:16.657 [info] > git config --get commit.template [12ms]
2024-05-23 08:57:16.659 [info] > git for-each-ref --format=%(refname)%00%(upstream:short)%00%(objectname)%00%(upstream:track)%00%(upstream:remotename)%00%(upstream:remoteref) refs/heads/main refs/remotes/main [4ms]
2024-05-23 08:57:16.715 [info] > git status -z -uall [46ms]
2024-05-23 08:57:21.754 [info] > git config --get commit.template [11ms]
2024-05-23 08:57:21.756 [info] > git for-each-ref --format=%(refname)%00%(upstream:short)%00%(objectname)%00%(upstream:track)%00%(upstream:remotename)%00%(upstream:remoteref) refs/heads/main refs/remotes/main [4ms]
2024-05-23 08:57:21.812 [info] > git status -z -uall [46ms]
2024-05-23 08:57:26.852 [info] > git config --get commit.template [11ms]
2024-05-23 08:57:26.855 [info] > git for-each-ref --format=%(refname)%00%(upstream:short)%00%(objectname)%00%(upstream:track)%00%(upstream:remotename)%00%(upstream:remoteref) refs/heads/main refs/remotes/main [4ms]
2024-05-23 08:57:26.909 [info] > git status -z -uall [44ms]
2024-05-23 08:57:31.948 [info] > git config --get commit.template [11ms]
2024-05-23 08:57:31.950 [info] > git for-each-ref --format=%(refname)%00%(upstream:short)%00%(objectname)%00%(upstream:track)%00%(upstream:remotename)%00%(upstream:remoteref) refs/heads/main refs/remotes/main [4ms]
2024-05-23 08:57:32.009 [info] > git status -z -uall [49ms]
2024-05-23 08:57:37.048 [info] > git config --get commit.template [11ms]
2024-05-23 08:57:37.051 [info] > git for-each-ref --format=%(refname)%00%(upstream:short)%00%(objectname)%00%(upstream:track)%00%(upstream:remotename)%00%(upstream:remoteref) refs/heads/main refs/remotes/main [4ms]
2024-05-23 08:57:37.106 [info] > git status -z -uall [45ms]
2024-05-23 08:57:42.134 [info] > git config --get commit.template [3ms]
2024-05-23 08:57:42.147 [info] > git for-each-ref --format=%(refname)%00%(upstream:short)%00%(objectname)%00%(upstream:track)%00%(upstream:remotename)%00%(upstream:remoteref) refs/heads/main refs/remotes/main [4ms]
2024-05-23 08:57:42.201 [info] > git status -z -uall [44ms]
2024-05-23 08:57:47.238 [info] > git config --get commit.template [11ms]
2024-05-23 08:57:47.240 [info] > git for-each-ref --format=%(refname)%00%(upstream:short)%00%(objectname)%00%(upstream:track)%00%(upstream:remotename)%00%(upstream:remoteref) refs/heads/main refs/remotes/main [4ms]
2024-05-23 08:57:47.294 [info] > git status -z -uall [44ms]
2024-05-23 08:57:52.332 [info] > git config --get commit.template [11ms]
2024-05-23 08:57:52.335 [info] > git for-each-ref --format=%(refname)%00%(upstream:short)%00%(objectname)%00%(upstream:track)%00%(upstream:remotename)%00%(upstream:remoteref) refs/heads/main refs/remotes/main [4ms]
2024-05-23 08:57:52.390 [info] > git status -z -uall [44ms]
2024-05-23 08:57:57.426 [info] > git config --get commit.template [11ms]
2024-05-23 08:57:57.429 [info] > git for-each-ref --format=%(refname)%00%(upstream:short)%00%(objectname)%00%(upstream:track)%00%(upstream:remotename)%00%(upstream:remoteref) refs/heads/main refs/remotes/main [3ms]
2024-05-23 08:57:57.484 [info] > git status -z -uall [45ms]
2024-05-23 08:58:02.514 [info] > git config --get commit.template [4ms]
2024-05-23 08:58:02.532 [info] > git for-each-ref --format=%(refname)%00%(upstream:short)%00%(objectname)%00%(upstream:track)%00%(upstream:remotename)%00%(upstream:remoteref) refs/heads/main refs/remotes/main [5ms]
2024-05-23 08:58:02.588 [info] > git status -z -uall [46ms]
2024-05-23 08:58:07.626 [info] > git config --get commit.template [11ms]
2024-05-23 08:58:07.628 [info] > git for-each-ref --format=%(refname)%00%(upstream:short)%00%(objectname)%00%(upstream:track)%00%(upstream:remotename)%00%(upstream:remoteref) refs/heads/main refs/remotes/main [4ms]
2024-05-23 08:58:07.682 [info] > git status -z -uall [44ms]
2024-05-23 08:58:12.724 [info] > git config --get commit.template [15ms]
2024-05-23 08:58:12.727 [info] > git for-each-ref --format=%(refname)%00%(upstream:short)%00%(objectname)%00%(upstream:track)%00%(upstream:remotename)%00%(upstream:remoteref) refs/heads/main refs/remotes/main [5ms]
2024-05-23 08:58:12.783 [info] > git status -z -uall [46ms]
2024-05-23 08:58:17.823 [info] > git config --get commit.template [12ms]
2024-05-23 08:58:17.825 [info] > git for-each-ref --format=%(refname)%00%(upstream:short)%00%(objectname)%00%(upstream:track)%00%(upstream:remotename)%00%(upstream:remoteref) refs/heads/main refs/remotes/main [4ms]
2024-05-23 08:58:17.882 [info] > git status -z -uall [47ms]
2024-05-23 08:58:22.921 [info] > git config --get commit.template [13ms]
2024-05-23 08:58:22.922 [info] > git for-each-ref --format=%(refname)%00%(upstream:short)%00%(objectname)%00%(upstream:track)%00%(upstream:remotename)%00%(upstream:remoteref) refs/heads/main refs/remotes/main [3ms]
2024-05-23 08:58:22.977 [info] > git status -z -uall [45ms]
2024-05-23 08:58:28.014 [info] > git config --get commit.template [11ms]
2024-05-23 08:58:28.017 [info] > git for-each-ref --format=%(refname)%00%(upstream:short)%00%(objectname)%00%(upstream:track)%00%(upstream:remotename)%00%(upstream:remoteref) refs/heads/main refs/remotes/main [4ms]
2024-05-23 08:58:28.071 [info] > git status -z -uall [45ms]
2024-05-23 08:58:33.109 [info] > git config --get commit.template [12ms]
2024-05-23 08:58:33.112 [info] > git for-each-ref --format=%(refname)%00%(upstream:short)%00%(objectname)%00%(upstream:track)%00%(upstream:remotename)%00%(upstream:remoteref) refs/heads/main refs/remotes/main [4ms]
2024-05-23 08:58:33.169 [info] > git status -z -uall [46ms]
2024-05-23 08:58:38.209 [info] > git config --get commit.template [12ms]
2024-05-23 08:58:38.212 [info] > git for-each-ref --format=%(refname)%00%(upstream:short)%00%(objectname)%00%(upstream:track)%00%(upstream:remotename)%00%(upstream:remoteref) refs/heads/main refs/remotes/main [4ms]
2024-05-23 08:58:38.267 [info] > git status -z -uall [45ms]
2024-05-23 08:58:43.303 [info] > git config --get commit.template [10ms]
2024-05-23 08:58:43.305 [info] > git for-each-ref --format=%(refname)%00%(upstream:short)%00%(objectname)%00%(upstream:track)%00%(upstream:remotename)%00%(upstream:remoteref) refs/heads/main refs/remotes/main [4ms]
2024-05-23 08:58:43.360 [info] > git status -z -uall [45ms]
2024-05-23 08:58:48.398 [info] > git config --get commit.template [12ms]
2024-05-23 08:58:48.401 [info] > git for-each-ref --format=%(refname)%00%(upstream:short)%00%(objectname)%00%(upstream:track)%00%(upstream:remotename)%00%(upstream:remoteref) refs/heads/main refs/remotes/main [4ms]
2024-05-23 08:58:48.458 [info] > git status -z -uall [47ms]
2024-05-23 08:58:53.498 [info] > git config --get commit.template [12ms]
2024-05-23 08:58:53.501 [info] > git for-each-ref --format=%(refname)%00%(upstream:short)%00%(objectname)%00%(upstream:track)%00%(upstream:remotename)%00%(upstream:remoteref) refs/heads/main refs/remotes/main [4ms]
2024-05-23 08:58:53.555 [info] > git status -z -uall [44ms]
2024-05-23 08:58:58.592 [info] > git config --get commit.template [11ms]
2024-05-23 08:58:58.594 [info] > git for-each-ref --format=%(refname)%00%(upstream:short)%00%(objectname)%00%(upstream:track)%00%(upstream:remotename)%00%(upstream:remoteref) refs/heads/main refs/remotes/main [4ms]
2024-05-23 08:58:58.649 [info] > git status -z -uall [44ms]
2024-05-23 08:59:03.686 [info] > git config --get commit.template [11ms]
2024-05-23 08:59:03.688 [info] > git for-each-ref --format=%(refname)%00%(upstream:short)%00%(objectname)%00%(upstream:track)%00%(upstream:remotename)%00%(upstream:remoteref) refs/heads/main refs/remotes/main [4ms]
2024-05-23 08:59:03.745 [info] > git status -z -uall [45ms]
2024-05-23 08:59:08.789 [info] > git config --get commit.template [10ms]
2024-05-23 08:59:08.792 [info] > git for-each-ref --format=%(refname)%00%(upstream:short)%00%(objectname)%00%(upstream:track)%00%(upstream:remotename)%00%(upstream:remoteref) refs/heads/main refs/remotes/main [4ms]
2024-05-23 08:59:08.846 [info] > git status -z -uall [44ms]
2024-05-23 08:59:13.885 [info] > git config --get commit.template [11ms]
2024-05-23 08:59:13.888 [info] > git for-each-ref --format=%(refname)%00%(upstream:short)%00%(objectname)%00%(upstream:track)%00%(upstream:remotename)%00%(upstream:remoteref) refs/heads/main refs/remotes/main [4ms]
2024-05-23 08:59:13.943 [info] > git status -z -uall [45ms]
2024-05-23 08:59:18.985 [info] > git config --get commit.template [11ms]
2024-05-23 08:59:18.987 [info] > git for-each-ref --format=%(refname)%00%(upstream:short)%00%(objectname)%00%(upstream:track)%00%(upstream:remotename)%00%(upstream:remoteref) refs/heads/main refs/remotes/main [4ms]
2024-05-23 08:59:19.043 [info] > git status -z -uall [46ms]
2024-05-23 08:59:24.081 [info] > git config --get commit.template [12ms]
2024-05-23 08:59:24.084 [info] > git for-each-ref --format=%(refname)%00%(upstream:short)%00%(objectname)%00%(upstream:track)%00%(upstream:remotename)%00%(upstream:remoteref) refs/heads/main refs/remotes/main [5ms]
2024-05-23 08:59:24.139 [info] > git status -z -uall [44ms]
2024-05-23 08:59:29.176 [info] > git config --get commit.template [10ms]
2024-05-23 08:59:29.179 [info] > git for-each-ref --format=%(refname)%00%(upstream:short)%00%(objectname)%00%(upstream:track)%00%(upstream:remotename)%00%(upstream:remoteref) refs/heads/main refs/remotes/main [4ms]
2024-05-23 08:59:29.235 [info] > git status -z -uall [46ms]
2024-05-23 08:59:34.285 [info] > git config --get commit.template [11ms]
2024-05-23 08:59:34.287 [info] > git for-each-ref --format=%(refname)%00%(upstream:short)%00%(objectname)%00%(upstream:track)%00%(upstream:remotename)%00%(upstream:remoteref) refs/heads/main refs/remotes/main [4ms]
2024-05-23 08:59:34.343 [info] > git status -z -uall [45ms]
2024-05-23 08:59:39.380 [info] > git config --get commit.template [11ms]
2024-05-23 08:59:39.382 [info] > git for-each-ref --format=%(refname)%00%(upstream:short)%00%(objectname)%00%(upstream:track)%00%(upstream:remotename)%00%(upstream:remoteref) refs/heads/main refs/remotes/main [4ms]
2024-05-23 08:59:39.437 [info] > git status -z -uall [45ms]
2024-05-23 08:59:44.484 [info] > git config --get commit.template [14ms]
2024-05-23 08:59:44.487 [info] > git for-each-ref --format=%(refname)%00%(upstream:short)%00%(objectname)%00%(upstream:track)%00%(upstream:remotename)%00%(upstream:remoteref) refs/heads/main refs/remotes/main [4ms]
2024-05-23 08:59:44.544 [info] > git status -z -uall [45ms]
2024-05-23 08:59:49.591 [info] > git config --get commit.template [11ms]
2024-05-23 08:59:49.594 [info] > git for-each-ref --format=%(refname)%00%(upstream:short)%00%(objectname)%00%(upstream:track)%00%(upstream:remotename)%00%(upstream:remoteref) refs/heads/main refs/remotes/main [4ms]
2024-05-23 08:59:49.650 [info] > git status -z -uall [45ms]
2024-05-23 08:59:54.686 [info] > git config --get commit.template [12ms]
2024-05-23 08:59:54.690 [info] > git for-each-ref --format=%(refname)%00%(upstream:short)%00%(objectname)%00%(upstream:track)%00%(upstream:remotename)%00%(upstream:remoteref) refs/heads/main refs/remotes/main [5ms]
2024-05-23 08:59:54.746 [info] > git status -z -uall [45ms]
2024-05-23 08:59:59.788 [info] > git config --get commit.template [6ms]
2024-05-23 08:59:59.804 [info] > git for-each-ref --format=%(refname)%00%(upstream:short)%00%(objectname)%00%(upstream:track)%00%(upstream:remotename)%00%(upstream:remoteref) refs/heads/main refs/remotes/main [5ms]
2024-05-23 08:59:59.864 [info] > git status -z -uall [46ms]
2024-05-23 09:00:04.436 [info] > git show --textconv :waybar/modules.json [13ms]
2024-05-23 09:00:04.469 [info] > git ls-files --stage -- /home/cyper/.config/waybar/modules.json [36ms]
2024-05-23 09:00:04.504 [info] > git cat-file -s 4fc0e6f8a6662565ab247bc2976578326aa034d6 [25ms]
2024-05-23 09:00:04.912 [info] > git config --get commit.template [12ms]
2024-05-23 09:00:04.914 [info] > git for-each-ref --format=%(refname)%00%(upstream:short)%00%(objectname)%00%(upstream:track)%00%(upstream:remotename)%00%(upstream:remoteref) refs/heads/main refs/remotes/main [4ms]
2024-05-23 09:00:04.978 [info] > git status -z -uall [54ms]
2024-05-23 09:00:10.021 [info] > git config --get commit.template [12ms]
2024-05-23 09:00:10.023 [info] > git for-each-ref --format=%(refname)%00%(upstream:short)%00%(objectname)%00%(upstream:track)%00%(upstream:remotename)%00%(upstream:remoteref) refs/heads/main refs/remotes/main [4ms]
2024-05-23 09:00:10.079 [info] > git status -z -uall [45ms]
2024-05-23 09:00:15.119 [info] > git config --get commit.template [12ms]
2024-05-23 09:00:15.121 [info] > git for-each-ref --format=%(refname)%00%(upstream:short)%00%(objectname)%00%(upstream:track)%00%(upstream:remotename)%00%(upstream:remoteref) refs/heads/main refs/remotes/main [4ms]
2024-05-23 09:00:15.176 [info] > git status -z -uall [44ms]
2024-05-23 09:00:20.216 [info] > git config --get commit.template [12ms]
2024-05-23 09:00:20.218 [info] > git for-each-ref --format=%(refname)%00%(upstream:short)%00%(objectname)%00%(upstream:track)%00%(upstream:remotename)%00%(upstream:remoteref) refs/heads/main refs/remotes/main [4ms]
2024-05-23 09:00:20.279 [info] > git status -z -uall [50ms]
2024-05-23 09:00:25.314 [info] > git config --get commit.template [12ms]
2024-05-23 09:00:25.316 [info] > git for-each-ref --format=%(refname)%00%(upstream:short)%00%(objectname)%00%(upstream:track)%00%(upstream:remotename)%00%(upstream:remoteref) refs/heads/main refs/remotes/main [4ms]
2024-05-23 09:00:25.372 [info] > git status -z -uall [46ms]
2024-05-23 09:00:27.114 [info] > git show --textconv :waybar/config.jsonc [11ms]
2024-05-23 09:00:27.117 [info] > git ls-files --stage -- /home/cyper/.config/waybar/config.jsonc [4ms]
2024-05-23 09:00:27.130 [info] > git cat-file -s 3e382cbb1a46fb59037d151935f9143e85ca0330 [4ms]
2024-05-23 09:00:30.413 [info] > git config --get commit.template [11ms]
2024-05-23 09:00:30.416 [info] > git for-each-ref --format=%(refname)%00%(upstream:short)%00%(objectname)%00%(upstream:track)%00%(upstream:remotename)%00%(upstream:remoteref) refs/heads/main refs/remotes/main [5ms]
2024-05-23 09:00:30.472 [info] > git status -z -uall [46ms]
2024-05-23 09:00:35.510 [info] > git config --get commit.template [11ms]
2024-05-23 09:00:35.513 [info] > git for-each-ref --format=%(refname)%00%(upstream:short)%00%(objectname)%00%(upstream:track)%00%(upstream:remotename)%00%(upstream:remoteref) refs/heads/main refs/remotes/main [4ms]
2024-05-23 09:00:35.568 [info] > git status -z -uall [45ms]
2024-05-23 09:00:40.609 [info] > git config --get commit.template [12ms]
2024-05-23 09:00:40.611 [info] > git for-each-ref --format=%(refname)%00%(upstream:short)%00%(objectname)%00%(upstream:track)%00%(upstream:remotename)%00%(upstream:remoteref) refs/heads/main refs/remotes/main [4ms]
2024-05-23 09:00:40.673 [info] > git status -z -uall [52ms]
2024-05-23 09:17:45.010 [info] > git show --textconv :kitty/kitty.conf [13ms]
2024-05-23 09:17:45.013 [info] > git ls-files --stage -- /home/cyper/.config/kitty/kitty.conf [5ms]
2024-05-23 09:17:45.028 [info] > git cat-file -s 1bfaa5c68aac0e414d58f050e2fbca72bdea9eb4 [4ms]
2024-05-23 09:18:41.693 [info] > git config --get commit.template [12ms]
2024-05-23 09:18:41.698 [info] > git for-each-ref --format=%(refname)%00%(upstream:short)%00%(objectname)%00%(upstream:track)%00%(upstream:remotename)%00%(upstream:remoteref) refs/heads/main refs/remotes/main [7ms]
2024-05-23 09:18:41.783 [info] > git status -z -uall [70ms]
2024-05-23 09:18:46.822 [info] > git config --get commit.template [12ms]
2024-05-23 09:18:46.836 [info] > git for-each-ref --format=%(refname)%00%(upstream:short)%00%(objectname)%00%(upstream:track)%00%(upstream:remotename)%00%(upstream:remoteref) refs/heads/main refs/remotes/main [15ms]
2024-05-23 09:18:46.914 [info] > git status -z -uall [49ms]
2024-05-23 09:18:47.188 [info] > git show --textconv :gtk-3.0/gtk.css [12ms]
2024-05-23 09:18:47.191 [info] > git ls-files --stage -- /home/cyper/.config/gtk-3.0/gtk.css [4ms]
2024-05-23 09:18:47.204 [info] > git cat-file -s c0eab44b1262f3e9603b7dd9398edaacc5662b96 [3ms]
2024-05-23 09:18:50.223 [info] > git show --textconv :Adwaita/_colors.scss [12ms]
2024-05-23 09:18:50.226 [info] > git ls-files --stage -- /home/cyper/.config/Adwaita/_colors.scss [4ms]
2024-05-23 09:18:51.966 [info] > git config --get commit.template [11ms]
2024-05-23 09:18:51.969 [info] > git for-each-ref --format=%(refname)%00%(upstream:short)%00%(objectname)%00%(upstream:track)%00%(upstream:remotename)%00%(upstream:remoteref) refs/heads/main refs/remotes/main [4ms]
2024-05-23 09:18:52.024 [info] > git status -z -uall [45ms]
2024-05-23 09:18:57.065 [info] > git config --get commit.template [11ms]
2024-05-23 09:18:57.068 [info] > git for-each-ref --format=%(refname)%00%(upstream:short)%00%(objectname)%00%(upstream:track)%00%(upstream:remotename)%00%(upstream:remoteref) refs/heads/main refs/remotes/main [4ms]
2024-05-23 09:18:57.123 [info] > git status -z -uall [44ms]
2024-05-23 09:19:02.161 [info] > git config --get commit.template [13ms]
2024-05-23 09:19:02.164 [info] > git for-each-ref --format=%(refname)%00%(upstream:short)%00%(objectname)%00%(upstream:track)%00%(upstream:remotename)%00%(upstream:remoteref) refs/heads/main refs/remotes/main [5ms]
2024-05-23 09:19:02.219 [info] > git status -z -uall [45ms]
2024-05-23 09:19:07.259 [info] > git config --get commit.template [12ms]
2024-05-23 09:19:07.262 [info] > git for-each-ref --format=%(refname)%00%(upstream:short)%00%(objectname)%00%(upstream:track)%00%(upstream:remotename)%00%(upstream:remoteref) refs/heads/main refs/remotes/main [4ms]
2024-05-23 09:19:07.317 [info] > git status -z -uall [45ms]
2024-05-23 09:19:13.561 [info] > git config --get commit.template [66ms]
2024-05-23 09:19:13.582 [info] > git for-each-ref --format=%(refname)%00%(upstream:short)%00%(objectname)%00%(upstream:track)%00%(upstream:remotename)%00%(upstream:remoteref) refs/heads/main refs/remotes/main [5ms]
2024-05-23 09:19:13.637 [info] > git status -z -uall [45ms]
2024-05-23 09:19:18.674 [info] > git config --get commit.template [11ms]
2024-05-23 09:19:18.677 [info] > git for-each-ref --format=%(refname)%00%(upstream:short)%00%(objectname)%00%(upstream:track)%00%(upstream:remotename)%00%(upstream:remoteref) refs/heads/main refs/remotes/main [4ms]
2024-05-23 09:19:18.733 [info] > git status -z -uall [46ms]
2024-05-23 09:19:23.771 [info] > git config --get commit.template [12ms]
2024-05-23 09:19:23.774 [info] > git for-each-ref --format=%(refname)%00%(upstream:short)%00%(objectname)%00%(upstream:track)%00%(upstream:remotename)%00%(upstream:remoteref) refs/heads/main refs/remotes/main [4ms]
2024-05-23 09:19:23.830 [info] > git status -z -uall [45ms]
2024-05-23 09:19:28.866 [info] > git config --get commit.template [11ms]
2024-05-23 09:19:28.869 [info] > git for-each-ref --format=%(refname)%00%(upstream:short)%00%(objectname)%00%(upstream:track)%00%(upstream:remotename)%00%(upstream:remoteref) refs/heads/main refs/remotes/main [3ms]
2024-05-23 09:19:28.924 [info] > git status -z -uall [45ms]
2024-05-23 09:19:33.961 [info] > git config --get commit.template [12ms]
2024-05-23 09:19:33.963 [info] > git for-each-ref --format=%(refname)%00%(upstream:short)%00%(objectname)%00%(upstream:track)%00%(upstream:remotename)%00%(upstream:remoteref) refs/heads/main refs/remotes/main [3ms]
2024-05-23 09:19:34.020 [info] > git status -z -uall [45ms]
2024-05-23 09:19:37.201 [info] > git show --textconv :Adwaita/gtk-contained.css [15ms]
2024-05-23 09:19:37.205 [info] > git ls-files --stage -- /home/cyper/.config/Adwaita/gtk-contained.css [4ms]
2024-05-23 09:19:39.058 [info] > git config --get commit.template [12ms]
2024-05-23 09:19:39.060 [info] > git for-each-ref --format=%(refname)%00%(upstream:short)%00%(objectname)%00%(upstream:track)%00%(upstream:remotename)%00%(upstream:remoteref) refs/heads/main refs/remotes/main [4ms]
2024-05-23 09:19:39.119 [info] > git status -z -uall [48ms]
2024-05-23 09:19:44.159 [info] > git config --get commit.template [12ms]
2024-05-23 09:19:44.162 [info] > git for-each-ref --format=%(refname)%00%(upstream:short)%00%(objectname)%00%(upstream:track)%00%(upstream:remotename)%00%(upstream:remoteref) refs/heads/main refs/remotes/main [4ms]
2024-05-23 09:19:44.218 [info] > git status -z -uall [46ms]
2024-05-23 09:19:46.982 [info] > git show --textconv :gtk-3.0/gtk.css [19ms]
2024-05-23 09:19:46.989 [info] > git ls-files --stage -- /home/cyper/.config/gtk-3.0/gtk.css [10ms]
2024-05-23 09:19:47.012 [info] > git cat-file -s c0eab44b1262f3e9603b7dd9398edaacc5662b96 [12ms]
2024-05-23 09:19:49.256 [info] > git config --get commit.template [12ms]
2024-05-23 09:19:49.258 [info] > git for-each-ref --format=%(refname)%00%(upstream:short)%00%(objectname)%00%(upstream:track)%00%(upstream:remotename)%00%(upstream:remoteref) refs/heads/main refs/remotes/main [4ms]
2024-05-23 09:19:49.336 [info] > git status -z -uall [66ms]
2024-05-23 09:22:08.974 [info] > git config --get commit.template [12ms]
2024-05-23 09:22:08.976 [info] > git for-each-ref --format=%(refname)%00%(upstream:short)%00%(objectname)%00%(upstream:track)%00%(upstream:remotename)%00%(upstream:remoteref) refs/heads/main refs/remotes/main [4ms]
2024-05-23 09:22:09.034 [info] > git status -z -uall [47ms]
2024-05-23 09:22:14.074 [info] > git config --get commit.template [12ms]
2024-05-23 09:22:14.077 [info] > git for-each-ref --format=%(refname)%00%(upstream:short)%00%(objectname)%00%(upstream:track)%00%(upstream:remotename)%00%(upstream:remoteref) refs/heads/main refs/remotes/main [4ms]
2024-05-23 09:22:14.131 [info] > git status -z -uall [44ms]
2024-05-23 09:22:14.651 [info] > git show --textconv :Adwaita/_colors.scss [12ms]
2024-05-23 09:22:14.654 [info] > git ls-files --stage -- /home/cyper/.config/Adwaita/_colors.scss [4ms]
2024-05-23 09:22:19.173 [info] > git config --get commit.template [12ms]
2024-05-23 09:22:19.174 [info] > git for-each-ref --format=%(refname)%00%(upstream:short)%00%(objectname)%00%(upstream:track)%00%(upstream:remotename)%00%(upstream:remoteref) refs/heads/main refs/remotes/main [4ms]
2024-05-23 09:22:19.235 [info] > git status -z -uall [50ms]
2024-05-23 09:22:24.273 [info] > git config --get commit.template [10ms]
2024-05-23 09:22:24.275 [info] > git for-each-ref --format=%(refname)%00%(upstream:short)%00%(objectname)%00%(upstream:track)%00%(upstream:remotename)%00%(upstream:remoteref) refs/heads/main refs/remotes/main [4ms]
2024-05-23 09:22:24.331 [info] > git status -z -uall [46ms]
2024-05-23 09:22:29.369 [info] > git config --get commit.template [13ms]
2024-05-23 09:22:29.370 [info] > git for-each-ref --format=%(refname)%00%(upstream:short)%00%(objectname)%00%(upstream:track)%00%(upstream:remotename)%00%(upstream:remoteref) refs/heads/main refs/remotes/main [4ms]
2024-05-23 09:22:29.440 [info] > git status -z -uall [59ms]
2024-05-23 09:22:33.216 [info] > git show --textconv :Adwaita/gtk-contained.css [25ms]
2024-05-23 09:22:33.216 [info] > git ls-files --stage -- /home/cyper/.config/Adwaita/gtk-contained.css [6ms]
2024-05-23 09:22:34.482 [info] > git config --get commit.template [11ms]
2024-05-23 09:22:34.484 [info] > git for-each-ref --format=%(refname)%00%(upstream:short)%00%(objectname)%00%(upstream:track)%00%(upstream:remotename)%00%(upstream:remoteref) refs/heads/main refs/remotes/main [4ms]
2024-05-23 09:22:34.549 [info] > git status -z -uall [52ms]
2024-05-23 09:22:39.591 [info] > git config --get commit.template [12ms]
2024-05-23 09:22:39.594 [info] > git for-each-ref --format=%(refname)%00%(upstream:short)%00%(objectname)%00%(upstream:track)%00%(upstream:remotename)%00%(upstream:remoteref) refs/heads/main refs/remotes/main [4ms]
2024-05-23 09:22:39.651 [info] > git status -z -uall [45ms]
2024-05-23 09:22:40.169 [info] > git show --textconv :gtk-3.0/gtk.css [14ms]
2024-05-23 09:22:40.172 [info] > git ls-files --stage -- /home/cyper/.config/gtk-3.0/gtk.css [4ms]
2024-05-23 09:22:40.187 [info] > git cat-file -s c0eab44b1262f3e9603b7dd9398edaacc5662b96 [5ms]
2024-05-23 09:22:44.696 [info] > git config --get commit.template [18ms]
2024-05-23 09:22:44.698 [info] > git for-each-ref --format=%(refname)%00%(upstream:short)%00%(objectname)%00%(upstream:track)%00%(upstream:remotename)%00%(upstream:remoteref) refs/heads/main refs/remotes/main [4ms]
2024-05-23 09:22:44.769 [info] > git status -z -uall [58ms]
2024-05-23 09:22:49.806 [info] > git config --get commit.template [12ms]
2024-05-23 09:22:49.808 [info] > git for-each-ref --format=%(refname)%00%(upstream:short)%00%(objectname)%00%(upstream:track)%00%(upstream:remotename)%00%(upstream:remoteref) refs/heads/main refs/remotes/main [4ms]
2024-05-23 09:22:49.865 [info] > git status -z -uall [46ms]
2024-05-23 09:23:10.867 [info] > git config --get commit.template [13ms]
2024-05-23 09:23:10.869 [info] > git for-each-ref --format=%(refname)%00%(upstream:short)%00%(objectname)%00%(upstream:track)%00%(upstream:remotename)%00%(upstream:remoteref) refs/heads/main refs/remotes/main [3ms]
2024-05-23 09:23:10.925 [info] > git status -z -uall [46ms]
2024-05-23 09:23:15.964 [info] > git config --get commit.template [12ms]
2024-05-23 09:23:15.966 [info] > git for-each-ref --format=%(refname)%00%(upstream:short)%00%(objectname)%00%(upstream:track)%00%(upstream:remotename)%00%(upstream:remoteref) refs/heads/main refs/remotes/main [4ms]
2024-05-23 09:23:16.022 [info] > git status -z -uall [46ms]
2024-05-23 09:23:21.064 [info] > git config --get commit.template [12ms]
2024-05-23 09:23:21.066 [info] > git for-each-ref --format=%(refname)%00%(upstream:short)%00%(objectname)%00%(upstream:track)%00%(upstream:remotename)%00%(upstream:remoteref) refs/heads/main refs/remotes/main [4ms]
2024-05-23 09:23:21.122 [info] > git status -z -uall [46ms]
2024-05-23 09:23:26.163 [info] > git config --get commit.template [12ms]
2024-05-23 09:23:26.165 [info] > git for-each-ref --format=%(refname)%00%(upstream:short)%00%(objectname)%00%(upstream:track)%00%(upstream:remotename)%00%(upstream:remoteref) refs/heads/main refs/remotes/main [4ms]
2024-05-23 09:23:26.222 [info] > git status -z -uall [46ms]
2024-05-23 09:23:31.262 [info] > git config --get commit.template [12ms]
2024-05-23 09:23:31.265 [info] > git for-each-ref --format=%(refname)%00%(upstream:short)%00%(objectname)%00%(upstream:track)%00%(upstream:remotename)%00%(upstream:remoteref) refs/heads/main refs/remotes/main [5ms]
2024-05-23 09:23:31.321 [info] > git status -z -uall [44ms]
2024-05-23 09:23:36.372 [info] > git config --get commit.template [16ms]
2024-05-23 09:23:36.374 [info] > git for-each-ref --format=%(refname)%00%(upstream:short)%00%(objectname)%00%(upstream:track)%00%(upstream:remotename)%00%(upstream:remoteref) refs/heads/main refs/remotes/main [5ms]
2024-05-23 09:23:36.431 [info] > git status -z -uall [46ms]
2024-05-23 09:23:41.470 [info] > git config --get commit.template [11ms]
2024-05-23 09:23:41.473 [info] > git for-each-ref --format=%(refname)%00%(upstream:short)%00%(objectname)%00%(upstream:track)%00%(upstream:remotename)%00%(upstream:remoteref) refs/heads/main refs/remotes/main [4ms]
2024-05-23 09:23:41.528 [info] > git status -z -uall [45ms]
2024-05-23 09:23:46.567 [info] > git config --get commit.template [12ms]
2024-05-23 09:23:46.569 [info] > git for-each-ref --format=%(refname)%00%(upstream:short)%00%(objectname)%00%(upstream:track)%00%(upstream:remotename)%00%(upstream:remoteref) refs/heads/main refs/remotes/main [3ms]
2024-05-23 09:23:46.625 [info] > git status -z -uall [45ms]
2024-05-23 09:23:50.853 [info] > git show --textconv :Adwaita/_colors.scss [12ms]
2024-05-23 09:23:50.855 [info] > git ls-files --stage -- /home/cyper/.config/Adwaita/_colors.scss [3ms]
2024-05-23 09:23:51.664 [info] > git config --get commit.template [11ms]
2024-05-23 09:23:51.666 [info] > git for-each-ref --format=%(refname)%00%(upstream:short)%00%(objectname)%00%(upstream:track)%00%(upstream:remotename)%00%(upstream:remoteref) refs/heads/main refs/remotes/main [4ms]
2024-05-23 09:23:51.722 [info] > git status -z -uall [45ms]
2024-05-23 09:23:56.759 [info] > git config --get commit.template [3ms]
2024-05-23 09:23:56.772 [info] > git for-each-ref --format=%(refname)%00%(upstream:short)%00%(objectname)%00%(upstream:track)%00%(upstream:remotename)%00%(upstream:remoteref) refs/heads/main refs/remotes/main [4ms]
2024-05-23 09:23:56.831 [info] > git status -z -uall [47ms]
2024-05-23 09:24:01.872 [info] > git config --get commit.template [12ms]
2024-05-23 09:24:01.874 [info] > git for-each-ref --format=%(refname)%00%(upstream:short)%00%(objectname)%00%(upstream:track)%00%(upstream:remotename)%00%(upstream:remoteref) refs/heads/main refs/remotes/main [3ms]
2024-05-23 09:24:01.930 [info] > git status -z -uall [45ms]
2024-05-23 09:24:06.995 [info] > git config --get commit.template [37ms]
2024-05-23 09:24:06.997 [info] > git for-each-ref --format=%(refname)%00%(upstream:short)%00%(objectname)%00%(upstream:track)%00%(upstream:remotename)%00%(upstream:remoteref) refs/heads/main refs/remotes/main [3ms]
2024-05-23 09:24:07.054 [info] > git status -z -uall [45ms]
2024-05-23 09:24:13.299 [info] > git config --get commit.template [11ms]
2024-05-23 09:24:13.301 [info] > git for-each-ref --format=%(refname)%00%(upstream:short)%00%(objectname)%00%(upstream:track)%00%(upstream:remotename)%00%(upstream:remoteref) refs/heads/main refs/remotes/main [4ms]
2024-05-23 09:24:13.358 [info] > git status -z -uall [46ms]
2024-05-23 09:24:13.578 [info] > git show --textconv :Adwaita/gtk-contained-dark.scss [11ms]
2024-05-23 09:24:13.582 [info] > git ls-files --stage -- /home/cyper/.config/Adwaita/gtk-contained-dark.scss [5ms]
2024-05-23 09:24:15.768 [info] > git show --textconv :Adwaita/gtk-contained.css [17ms]
2024-05-23 09:24:15.771 [info] > git ls-files --stage -- /home/cyper/.config/Adwaita/gtk-contained.css [4ms]
2024-05-23 09:24:18.395 [info] > git config --get commit.template [12ms]
2024-05-23 09:24:18.398 [info] > git for-each-ref --format=%(refname)%00%(upstream:short)%00%(objectname)%00%(upstream:track)%00%(upstream:remotename)%00%(upstream:remoteref) refs/heads/main refs/remotes/main [4ms]
2024-05-23 09:24:18.453 [info] > git status -z -uall [45ms]
2024-05-23 09:24:20.929 [info] > git rev-parse --show-toplevel [5ms]
2024-05-23 09:24:20.929 [info] fatal: not a git repository (or any of the parent directories): .git
2024-05-23 09:24:23.494 [info] > git config --get commit.template [12ms]
2024-05-23 09:24:23.496 [info] > git for-each-ref --format=%(refname)%00%(upstream:short)%00%(objectname)%00%(upstream:track)%00%(upstream:remotename)%00%(upstream:remoteref) refs/heads/main refs/remotes/main [4ms]
2024-05-23 09:24:23.551 [info] > git status -z -uall [44ms]
