2024-05-23 07:40:45.758 [info] Log level: Info
2024-05-23 07:40:45.758 [info] Validating found git in: "git"
2024-05-23 07:40:45.758 [info] Using git "2.45.1" from "git"
2024-05-23 07:40:45.758 [info] > git rev-parse --show-toplevel [32ms]
2024-05-23 07:40:45.758 [info] > git rev-parse --git-dir --git-common-dir [10ms]
2024-05-23 07:40:45.758 [info] Open repository: /home/cyper/.config
2024-05-23 07:40:45.832 [info] > git rev-parse --show-toplevel [54ms]
2024-05-23 07:40:45.834 [info] > git config --get commit.template [63ms]
2024-05-23 07:40:45.862 [info] > git rev-parse --show-toplevel [18ms]
2024-05-23 07:40:45.875 [info] > git for-each-ref --format=%(refname)%00%(upstream:short)%00%(objectname)%00%(upstream:track)%00%(upstream:remotename)%00%(upstream:remoteref) refs/heads/main refs/remotes/main [20ms]
2024-05-23 07:40:45.878 [info] > git rev-parse --show-toplevel [8ms]
2024-05-23 07:40:45.903 [info] > git rev-parse --show-toplevel [15ms]
2024-05-23 07:40:45.916 [info] > git rev-parse --show-toplevel [4ms]
2024-05-23 07:40:45.928 [info] > git rev-parse --show-toplevel [4ms]
2024-05-23 07:40:45.940 [info] > git rev-parse --show-toplevel [3ms]
2024-05-23 07:40:45.951 [info] > git rev-parse --show-toplevel [4ms]
2024-05-23 07:40:45.963 [info] > git rev-parse --show-toplevel [3ms]
2024-05-23 07:40:45.975 [info] > git status -z -uall [75ms]
2024-05-23 07:40:46.035 [info] > git merge-base refs/heads/main refs/remotes/origin/main [44ms]
2024-05-23 07:40:46.044 [info] > git rev-parse --show-toplevel [72ms]
2024-05-23 07:40:46.055 [info] > git config --get commit.template [22ms]
2024-05-23 07:40:46.066 [info] > git rev-parse --show-toplevel [12ms]
2024-05-23 07:40:46.066 [info] > git rev-list --count --left-right refs/heads/main...refs/remotes/origin/main [23ms]
2024-05-23 07:40:46.209 [info] > git diff --name-status -z --diff-filter=ADMR a48ad9f78cfafc31918a383140e0d74241d40561...refs/remotes/origin/main [131ms]
2024-05-23 07:40:46.213 [info] > git rev-parse --show-toplevel [12ms]
2024-05-23 07:40:46.213 [info] > git for-each-ref --format=%(refname)%00%(upstream:short)%00%(objectname)%00%(upstream:track)%00%(upstream:remotename)%00%(upstream:remoteref) refs/heads/main refs/remotes/main [20ms]
2024-05-23 07:40:46.306 [info] > git check-ignore -v -z --stdin [38ms]
2024-05-23 07:40:46.309 [info] > git rev-parse --show-toplevel [29ms]
2024-05-23 07:40:46.327 [info] > git rev-parse --show-toplevel [10ms]
2024-05-23 07:40:46.342 [info] > git rev-parse --show-toplevel [4ms]
2024-05-23 07:40:46.362 [info] > git rev-parse --show-toplevel [7ms]
2024-05-23 07:40:46.373 [info] > git rev-parse --show-toplevel [3ms]
2024-05-23 07:40:46.394 [info] > git rev-parse --show-toplevel [4ms]
2024-05-23 07:40:46.410 [info] > git rev-parse --show-toplevel [5ms]
2024-05-23 07:40:46.423 [info] > git rev-parse --show-toplevel [4ms]
2024-05-23 07:40:46.435 [info] > git rev-parse --show-toplevel [4ms]
2024-05-23 07:40:46.450 [info] > git rev-parse --show-toplevel [8ms]
2024-05-23 07:40:46.492 [info] > git status -z -uall [167ms]
2024-05-23 07:40:57.334 [info] > git show --textconv :gtk-3.0/gtk.css [166ms]
2024-05-23 07:40:57.335 [info] > git ls-files --stage -- /home/cyper/.config/gtk-3.0/gtk.css [154ms]
2024-05-23 07:40:57.363 [info] > git cat-file -s c0eab44b1262f3e9603b7dd9398edaacc5662b96 [14ms]
2024-05-23 07:41:02.779 [info] > git config --get commit.template [10ms]
2024-05-23 07:41:02.790 [info] > git for-each-ref --format=%(refname)%00%(upstream:short)%00%(objectname)%00%(upstream:track)%00%(upstream:remotename)%00%(upstream:remoteref) refs/heads/main refs/remotes/main [13ms]
2024-05-23 07:41:02.889 [info] > git status -z -uall [90ms]
2024-05-23 07:41:07.940 [info] > git config --get commit.template [11ms]
2024-05-23 07:41:07.947 [info] > git for-each-ref --format=%(refname)%00%(upstream:short)%00%(objectname)%00%(upstream:track)%00%(upstream:remotename)%00%(upstream:remoteref) refs/heads/main refs/remotes/main [8ms]
2024-05-23 07:41:08.082 [info] > git status -z -uall [125ms]
2024-05-23 07:41:13.130 [info] > git config --get commit.template [11ms]
2024-05-23 07:41:13.136 [info] > git for-each-ref --format=%(refname)%00%(upstream:short)%00%(objectname)%00%(upstream:track)%00%(upstream:remotename)%00%(upstream:remoteref) refs/heads/main refs/remotes/main [7ms]
2024-05-23 07:41:13.276 [info] > git status -z -uall [130ms]
2024-05-23 07:41:18.312 [info] > git config --get commit.template [9ms]
2024-05-23 07:41:18.314 [info] > git for-each-ref --format=%(refname)%00%(upstream:short)%00%(objectname)%00%(upstream:track)%00%(upstream:remotename)%00%(upstream:remoteref) refs/heads/main refs/remotes/main [4ms]
2024-05-23 07:41:18.374 [info] > git status -z -uall [50ms]
2024-05-23 07:41:23.426 [info] > git config --get commit.template [15ms]
2024-05-23 07:41:23.437 [info] > git for-each-ref --format=%(refname)%00%(upstream:short)%00%(objectname)%00%(upstream:track)%00%(upstream:remotename)%00%(upstream:remoteref) refs/heads/main refs/remotes/main [12ms]
2024-05-23 07:41:23.597 [info] > git status -z -uall [149ms]
2024-05-23 07:41:28.665 [info] > git config --get commit.template [35ms]
2024-05-23 07:41:28.672 [info] > git for-each-ref --format=%(refname)%00%(upstream:short)%00%(objectname)%00%(upstream:track)%00%(upstream:remotename)%00%(upstream:remoteref) refs/heads/main refs/remotes/main [32ms]
2024-05-23 07:41:28.767 [info] > git status -z -uall [87ms]
2024-05-23 07:41:33.808 [info] > git config --get commit.template [9ms]
2024-05-23 07:41:33.811 [info] > git for-each-ref --format=%(refname)%00%(upstream:short)%00%(objectname)%00%(upstream:track)%00%(upstream:remotename)%00%(upstream:remoteref) refs/heads/main refs/remotes/main [4ms]
2024-05-23 07:41:33.902 [info] > git status -z -uall [82ms]
2024-05-23 07:41:38.939 [info] > git config --get commit.template [11ms]
2024-05-23 07:41:38.943 [info] > git for-each-ref --format=%(refname)%00%(upstream:short)%00%(objectname)%00%(upstream:track)%00%(upstream:remotename)%00%(upstream:remoteref) refs/heads/main refs/remotes/main [5ms]
2024-05-23 07:41:38.999 [info] > git status -z -uall [46ms]
2024-05-23 07:41:44.038 [info] > git config --get commit.template [11ms]
2024-05-23 07:41:44.042 [info] > git for-each-ref --format=%(refname)%00%(upstream:short)%00%(objectname)%00%(upstream:track)%00%(upstream:remotename)%00%(upstream:remoteref) refs/heads/main refs/remotes/main [6ms]
2024-05-23 07:41:44.101 [info] > git status -z -uall [50ms]
2024-05-23 07:41:49.140 [info] > git config --get commit.template [11ms]
2024-05-23 07:41:49.142 [info] > git for-each-ref --format=%(refname)%00%(upstream:short)%00%(objectname)%00%(upstream:track)%00%(upstream:remotename)%00%(upstream:remoteref) refs/heads/main refs/remotes/main [4ms]
2024-05-23 07:41:49.197 [info] > git status -z -uall [45ms]
2024-05-23 07:41:54.233 [info] > git config --get commit.template [10ms]
2024-05-23 07:41:54.236 [info] > git for-each-ref --format=%(refname)%00%(upstream:short)%00%(objectname)%00%(upstream:track)%00%(upstream:remotename)%00%(upstream:remoteref) refs/heads/main refs/remotes/main [4ms]
2024-05-23 07:41:54.293 [info] > git status -z -uall [48ms]
2024-05-23 07:41:59.333 [info] > git config --get commit.template [10ms]
2024-05-23 07:41:59.337 [info] > git for-each-ref --format=%(refname)%00%(upstream:short)%00%(objectname)%00%(upstream:track)%00%(upstream:remotename)%00%(upstream:remoteref) refs/heads/main refs/remotes/main [6ms]
2024-05-23 07:41:59.391 [info] > git status -z -uall [45ms]
2024-05-23 07:42:04.426 [info] > git config --get commit.template [9ms]
2024-05-23 07:42:04.429 [info] > git for-each-ref --format=%(refname)%00%(upstream:short)%00%(objectname)%00%(upstream:track)%00%(upstream:remotename)%00%(upstream:remoteref) refs/heads/main refs/remotes/main [5ms]
2024-05-23 07:42:04.481 [info] > git status -z -uall [44ms]
2024-05-23 07:42:09.516 [info] > git config --get commit.template [9ms]
2024-05-23 07:42:09.519 [info] > git for-each-ref --format=%(refname)%00%(upstream:short)%00%(objectname)%00%(upstream:track)%00%(upstream:remotename)%00%(upstream:remoteref) refs/heads/main refs/remotes/main [4ms]
2024-05-23 07:42:09.573 [info] > git status -z -uall [46ms]
2024-05-23 07:42:14.617 [info] > git config --get commit.template [9ms]
2024-05-23 07:42:14.619 [info] > git for-each-ref --format=%(refname)%00%(upstream:short)%00%(objectname)%00%(upstream:track)%00%(upstream:remotename)%00%(upstream:remoteref) refs/heads/main refs/remotes/main [4ms]
2024-05-23 07:42:14.672 [info] > git status -z -uall [45ms]
2024-05-23 07:42:19.706 [info] > git config --get commit.template [10ms]
2024-05-23 07:42:19.708 [info] > git for-each-ref --format=%(refname)%00%(upstream:short)%00%(objectname)%00%(upstream:track)%00%(upstream:remotename)%00%(upstream:remoteref) refs/heads/main refs/remotes/main [4ms]
2024-05-23 07:42:19.762 [info] > git status -z -uall [44ms]
2024-05-23 07:42:36.847 [info] > git config --get commit.template [100ms]
2024-05-23 07:42:36.852 [info] > git for-each-ref --format=%(refname)%00%(upstream:short)%00%(objectname)%00%(upstream:track)%00%(upstream:remotename)%00%(upstream:remoteref) refs/heads/main refs/remotes/main [110ms]
2024-05-23 07:42:37.511 [info] > git status -z -uall [645ms]
2024-05-23 07:42:50.670 [info] > git config --get commit.template [54ms]
2024-05-23 07:42:50.678 [info] > git for-each-ref --format=%(refname)%00%(upstream:short)%00%(objectname)%00%(upstream:track)%00%(upstream:remotename)%00%(upstream:remoteref) refs/heads/main refs/remotes/main [51ms]
2024-05-23 07:42:50.975 [info] > git status -z -uall [287ms]
2024-05-23 07:44:07.797 [info] > git config --get commit.template [28ms]
2024-05-23 07:44:07.809 [info] > git for-each-ref --format=%(refname)%00%(upstream:short)%00%(objectname)%00%(upstream:track)%00%(upstream:remotename)%00%(upstream:remoteref) refs/heads/main refs/remotes/main [26ms]
2024-05-23 07:44:08.025 [info] > git status -z -uall [204ms]
2024-05-23 08:02:07.770 [info] > git check-ignore -v -z --stdin [25ms]
2024-05-23 08:02:11.502 [info] > git config --get commit.template [22ms]
2024-05-23 08:02:11.516 [info] > git for-each-ref --format=%(refname)%00%(upstream:short)%00%(objectname)%00%(upstream:track)%00%(upstream:remotename)%00%(upstream:remoteref) refs/heads/main refs/remotes/main [17ms]
2024-05-23 08:02:11.700 [info] > git status -z -uall [170ms]
2024-05-23 08:02:17.977 [info] > git config --get commit.template [15ms]
2024-05-23 08:02:17.981 [info] > git for-each-ref --format=%(refname)%00%(upstream:short)%00%(objectname)%00%(upstream:track)%00%(upstream:remotename)%00%(upstream:remoteref) refs/heads/main refs/remotes/main [7ms]
2024-05-23 08:02:18.074 [info] > git status -z -uall [78ms]
2024-05-23 08:02:23.121 [info] > git config --get commit.template [10ms]
2024-05-23 08:02:23.125 [info] > git for-each-ref --format=%(refname)%00%(upstream:short)%00%(objectname)%00%(upstream:track)%00%(upstream:remotename)%00%(upstream:remoteref) refs/heads/main refs/remotes/main [5ms]
2024-05-23 08:02:23.194 [info] > git status -z -uall [59ms]
2024-05-23 08:02:28.241 [info] > git config --get commit.template [9ms]
2024-05-23 08:02:28.244 [info] > git for-each-ref --format=%(refname)%00%(upstream:short)%00%(objectname)%00%(upstream:track)%00%(upstream:remotename)%00%(upstream:remoteref) refs/heads/main refs/remotes/main [4ms]
2024-05-23 08:02:28.298 [info] > git status -z -uall [46ms]
2024-05-23 08:02:33.337 [info] > git config --get commit.template [9ms]
2024-05-23 08:02:33.340 [info] > git for-each-ref --format=%(refname)%00%(upstream:short)%00%(objectname)%00%(upstream:track)%00%(upstream:remotename)%00%(upstream:remoteref) refs/heads/main refs/remotes/main [4ms]
2024-05-23 08:02:33.395 [info] > git status -z -uall [46ms]
2024-05-23 08:02:38.435 [info] > git config --get commit.template [10ms]
2024-05-23 08:02:38.437 [info] > git for-each-ref --format=%(refname)%00%(upstream:short)%00%(objectname)%00%(upstream:track)%00%(upstream:remotename)%00%(upstream:remoteref) refs/heads/main refs/remotes/main [4ms]
2024-05-23 08:02:38.492 [info] > git status -z -uall [45ms]
2024-05-23 08:02:43.531 [info] > git config --get commit.template [10ms]
2024-05-23 08:02:43.534 [info] > git for-each-ref --format=%(refname)%00%(upstream:short)%00%(objectname)%00%(upstream:track)%00%(upstream:remotename)%00%(upstream:remoteref) refs/heads/main refs/remotes/main [4ms]
2024-05-23 08:02:43.587 [info] > git status -z -uall [45ms]
2024-05-23 08:02:48.624 [info] > git config --get commit.template [10ms]
2024-05-23 08:02:48.626 [info] > git for-each-ref --format=%(refname)%00%(upstream:short)%00%(objectname)%00%(upstream:track)%00%(upstream:remotename)%00%(upstream:remoteref) refs/heads/main refs/remotes/main [4ms]
2024-05-23 08:02:48.684 [info] > git status -z -uall [48ms]
2024-05-23 08:02:53.730 [info] > git config --get commit.template [10ms]
2024-05-23 08:02:53.732 [info] > git for-each-ref --format=%(refname)%00%(upstream:short)%00%(objectname)%00%(upstream:track)%00%(upstream:remotename)%00%(upstream:remoteref) refs/heads/main refs/remotes/main [4ms]
2024-05-23 08:02:53.789 [info] > git status -z -uall [48ms]
2024-05-23 08:02:58.828 [info] > git config --get commit.template [10ms]
2024-05-23 08:02:58.830 [info] > git for-each-ref --format=%(refname)%00%(upstream:short)%00%(objectname)%00%(upstream:track)%00%(upstream:remotename)%00%(upstream:remoteref) refs/heads/main refs/remotes/main [4ms]
2024-05-23 08:02:58.885 [info] > git status -z -uall [46ms]
2024-05-23 08:03:03.926 [info] > git config --get commit.template [10ms]
2024-05-23 08:03:03.929 [info] > git for-each-ref --format=%(refname)%00%(upstream:short)%00%(objectname)%00%(upstream:track)%00%(upstream:remotename)%00%(upstream:remoteref) refs/heads/main refs/remotes/main [5ms]
2024-05-23 08:03:03.986 [info] > git status -z -uall [48ms]
2024-05-23 08:03:09.032 [info] > git config --get commit.template [10ms]
2024-05-23 08:03:09.035 [info] > git for-each-ref --format=%(refname)%00%(upstream:short)%00%(objectname)%00%(upstream:track)%00%(upstream:remotename)%00%(upstream:remoteref) refs/heads/main refs/remotes/main [4ms]
2024-05-23 08:03:09.101 [info] > git status -z -uall [53ms]
2024-05-23 08:03:14.149 [info] > git config --get commit.template [10ms]
2024-05-23 08:03:14.151 [info] > git for-each-ref --format=%(refname)%00%(upstream:short)%00%(objectname)%00%(upstream:track)%00%(upstream:remotename)%00%(upstream:remoteref) refs/heads/main refs/remotes/main [4ms]
2024-05-23 08:03:14.206 [info] > git status -z -uall [47ms]
2024-05-23 08:03:19.245 [info] > git config --get commit.template [10ms]
2024-05-23 08:03:19.247 [info] > git for-each-ref --format=%(refname)%00%(upstream:short)%00%(objectname)%00%(upstream:track)%00%(upstream:remotename)%00%(upstream:remoteref) refs/heads/main refs/remotes/main [4ms]
2024-05-23 08:03:19.302 [info] > git status -z -uall [46ms]
2024-05-23 08:03:24.341 [info] > git config --get commit.template [10ms]
2024-05-23 08:03:24.343 [info] > git for-each-ref --format=%(refname)%00%(upstream:short)%00%(objectname)%00%(upstream:track)%00%(upstream:remotename)%00%(upstream:remoteref) refs/heads/main refs/remotes/main [4ms]
2024-05-23 08:03:24.437 [info] > git status -z -uall [84ms]
2024-05-23 08:03:29.475 [info] > git config --get commit.template [9ms]
2024-05-23 08:03:29.478 [info] > git for-each-ref --format=%(refname)%00%(upstream:short)%00%(objectname)%00%(upstream:track)%00%(upstream:remotename)%00%(upstream:remoteref) refs/heads/main refs/remotes/main [5ms]
2024-05-23 08:03:29.561 [info] > git status -z -uall [73ms]
2024-05-23 08:03:34.603 [info] > git config --get commit.template [10ms]
2024-05-23 08:03:34.605 [info] > git for-each-ref --format=%(refname)%00%(upstream:short)%00%(objectname)%00%(upstream:track)%00%(upstream:remotename)%00%(upstream:remoteref) refs/heads/main refs/remotes/main [4ms]
2024-05-23 08:03:34.661 [info] > git status -z -uall [47ms]
2024-05-23 08:03:39.700 [info] > git config --get commit.template [9ms]
2024-05-23 08:03:39.703 [info] > git for-each-ref --format=%(refname)%00%(upstream:short)%00%(objectname)%00%(upstream:track)%00%(upstream:remotename)%00%(upstream:remoteref) refs/heads/main refs/remotes/main [5ms]
2024-05-23 08:03:39.756 [info] > git status -z -uall [45ms]
2024-05-23 08:03:44.796 [info] > git config --get commit.template [10ms]
2024-05-23 08:03:44.798 [info] > git for-each-ref --format=%(refname)%00%(upstream:short)%00%(objectname)%00%(upstream:track)%00%(upstream:remotename)%00%(upstream:remoteref) refs/heads/main refs/remotes/main [4ms]
2024-05-23 08:03:44.853 [info] > git status -z -uall [45ms]
2024-05-23 08:03:49.893 [info] > git config --get commit.template [10ms]
2024-05-23 08:03:49.896 [info] > git for-each-ref --format=%(refname)%00%(upstream:short)%00%(objectname)%00%(upstream:track)%00%(upstream:remotename)%00%(upstream:remoteref) refs/heads/main refs/remotes/main [5ms]
2024-05-23 08:03:49.984 [info] > git status -z -uall [78ms]
2024-05-23 08:03:55.022 [info] > git config --get commit.template [10ms]
2024-05-23 08:03:55.024 [info] > git for-each-ref --format=%(refname)%00%(upstream:short)%00%(objectname)%00%(upstream:track)%00%(upstream:remotename)%00%(upstream:remoteref) refs/heads/main refs/remotes/main [4ms]
2024-05-23 08:03:55.079 [info] > git status -z -uall [46ms]
2024-05-23 08:04:00.129 [info] > git config --get commit.template [15ms]
2024-05-23 08:04:00.133 [info] > git for-each-ref --format=%(refname)%00%(upstream:short)%00%(objectname)%00%(upstream:track)%00%(upstream:remotename)%00%(upstream:remoteref) refs/heads/main refs/remotes/main [6ms]
2024-05-23 08:04:00.214 [info] > git status -z -uall [68ms]
2024-05-23 08:04:05.263 [info] > git config --get commit.template [13ms]
2024-05-23 08:04:05.266 [info] > git for-each-ref --format=%(refname)%00%(upstream:short)%00%(objectname)%00%(upstream:track)%00%(upstream:remotename)%00%(upstream:remoteref) refs/heads/main refs/remotes/main [5ms]
2024-05-23 08:04:05.326 [info] > git status -z -uall [49ms]
2024-05-23 08:04:10.373 [info] > git config --get commit.template [10ms]
2024-05-23 08:04:10.376 [info] > git for-each-ref --format=%(refname)%00%(upstream:short)%00%(objectname)%00%(upstream:track)%00%(upstream:remotename)%00%(upstream:remoteref) refs/heads/main refs/remotes/main [4ms]
2024-05-23 08:04:10.430 [info] > git status -z -uall [45ms]
2024-05-23 08:04:15.467 [info] > git config --get commit.template [10ms]
2024-05-23 08:04:15.469 [info] > git for-each-ref --format=%(refname)%00%(upstream:short)%00%(objectname)%00%(upstream:track)%00%(upstream:remotename)%00%(upstream:remoteref) refs/heads/main refs/remotes/main [4ms]
2024-05-23 08:04:15.532 [info] > git status -z -uall [55ms]
2024-05-23 08:04:20.569 [info] > git config --get commit.template [10ms]
2024-05-23 08:04:20.572 [info] > git for-each-ref --format=%(refname)%00%(upstream:short)%00%(objectname)%00%(upstream:track)%00%(upstream:remotename)%00%(upstream:remoteref) refs/heads/main refs/remotes/main [5ms]
2024-05-23 08:04:20.651 [info] > git status -z -uall [69ms]
2024-05-23 08:04:25.699 [info] > git config --get commit.template [10ms]
2024-05-23 08:04:25.701 [info] > git for-each-ref --format=%(refname)%00%(upstream:short)%00%(objectname)%00%(upstream:track)%00%(upstream:remotename)%00%(upstream:remoteref) refs/heads/main refs/remotes/main [4ms]
2024-05-23 08:04:25.782 [info] > git status -z -uall [70ms]
2024-05-23 08:04:30.821 [info] > git config --get commit.template [9ms]
2024-05-23 08:04:30.823 [info] > git for-each-ref --format=%(refname)%00%(upstream:short)%00%(objectname)%00%(upstream:track)%00%(upstream:remotename)%00%(upstream:remoteref) refs/heads/main refs/remotes/main [4ms]
2024-05-23 08:04:30.879 [info] > git status -z -uall [48ms]
2024-05-23 08:04:35.930 [info] > git config --get commit.template [12ms]
2024-05-23 08:04:35.933 [info] > git for-each-ref --format=%(refname)%00%(upstream:short)%00%(objectname)%00%(upstream:track)%00%(upstream:remotename)%00%(upstream:remoteref) refs/heads/main refs/remotes/main [5ms]
2024-05-23 08:04:35.990 [info] > git status -z -uall [46ms]
2024-05-23 08:04:41.031 [info] > git config --get commit.template [10ms]
2024-05-23 08:04:41.033 [info] > git for-each-ref --format=%(refname)%00%(upstream:short)%00%(objectname)%00%(upstream:track)%00%(upstream:remotename)%00%(upstream:remoteref) refs/heads/main refs/remotes/main [4ms]
2024-05-23 08:04:41.088 [info] > git status -z -uall [46ms]
2024-05-23 08:04:46.126 [info] > git config --get commit.template [9ms]
2024-05-23 08:04:46.128 [info] > git for-each-ref --format=%(refname)%00%(upstream:short)%00%(objectname)%00%(upstream:track)%00%(upstream:remotename)%00%(upstream:remoteref) refs/heads/main refs/remotes/main [4ms]
2024-05-23 08:04:46.182 [info] > git status -z -uall [45ms]
2024-05-23 08:04:51.220 [info] > git config --get commit.template [9ms]
2024-05-23 08:04:51.223 [info] > git for-each-ref --format=%(refname)%00%(upstream:short)%00%(objectname)%00%(upstream:track)%00%(upstream:remotename)%00%(upstream:remoteref) refs/heads/main refs/remotes/main [5ms]
2024-05-23 08:04:51.277 [info] > git status -z -uall [46ms]
2024-05-23 08:04:56.318 [info] > git config --get commit.template [12ms]
2024-05-23 08:04:56.320 [info] > git for-each-ref --format=%(refname)%00%(upstream:short)%00%(objectname)%00%(upstream:track)%00%(upstream:remotename)%00%(upstream:remoteref) refs/heads/main refs/remotes/main [4ms]
2024-05-23 08:04:56.374 [info] > git status -z -uall [45ms]
2024-05-23 08:05:01.421 [info] > git config --get commit.template [10ms]
2024-05-23 08:05:01.423 [info] > git for-each-ref --format=%(refname)%00%(upstream:short)%00%(objectname)%00%(upstream:track)%00%(upstream:remotename)%00%(upstream:remoteref) refs/heads/main refs/remotes/main [5ms]
2024-05-23 08:05:01.483 [info] > git status -z -uall [51ms]
2024-05-23 08:05:06.524 [info] > git config --get commit.template [10ms]
2024-05-23 08:05:06.531 [info] > git for-each-ref --format=%(refname)%00%(upstream:short)%00%(objectname)%00%(upstream:track)%00%(upstream:remotename)%00%(upstream:remoteref) refs/heads/main refs/remotes/main [9ms]
2024-05-23 08:05:06.618 [info] > git status -z -uall [78ms]
2024-05-23 08:05:11.682 [info] > git config --get commit.template [29ms]
2024-05-23 08:05:11.689 [info] > git for-each-ref --format=%(refname)%00%(upstream:short)%00%(objectname)%00%(upstream:track)%00%(upstream:remotename)%00%(upstream:remoteref) refs/heads/main refs/remotes/main [27ms]
2024-05-23 08:05:11.831 [info] > git status -z -uall [133ms]
2024-05-23 08:05:16.867 [info] > git config --get commit.template [10ms]
2024-05-23 08:05:16.870 [info] > git for-each-ref --format=%(refname)%00%(upstream:short)%00%(objectname)%00%(upstream:track)%00%(upstream:remotename)%00%(upstream:remoteref) refs/heads/main refs/remotes/main [4ms]
2024-05-23 08:05:16.933 [info] > git status -z -uall [53ms]
2024-05-23 08:05:21.972 [info] > git config --get commit.template [10ms]
2024-05-23 08:05:21.983 [info] > git for-each-ref --format=%(refname)%00%(upstream:short)%00%(objectname)%00%(upstream:track)%00%(upstream:remotename)%00%(upstream:remoteref) refs/heads/main refs/remotes/main [13ms]
2024-05-23 08:05:22.175 [info] > git status -z -uall [183ms]
2024-05-23 08:05:27.225 [info] > git config --get commit.template [16ms]
2024-05-23 08:05:27.230 [info] > git for-each-ref --format=%(refname)%00%(upstream:short)%00%(objectname)%00%(upstream:track)%00%(upstream:remotename)%00%(upstream:remoteref) refs/heads/main refs/remotes/main [13ms]
2024-05-23 08:05:27.453 [info] > git status -z -uall [212ms]
2024-05-23 08:05:32.784 [info] > git config --get commit.template [123ms]
2024-05-23 08:05:32.819 [info] > git for-each-ref --format=%(refname)%00%(upstream:short)%00%(objectname)%00%(upstream:track)%00%(upstream:remotename)%00%(upstream:remoteref) refs/heads/main refs/remotes/main [135ms]
2024-05-23 08:05:33.708 [info] > git status -z -uall [828ms]
2024-05-23 08:05:38.965 [info] > git config --get commit.template [35ms]
2024-05-23 08:05:38.972 [info] > git for-each-ref --format=%(refname)%00%(upstream:short)%00%(objectname)%00%(upstream:track)%00%(upstream:remotename)%00%(upstream:remoteref) refs/heads/main refs/remotes/main [37ms]
2024-05-23 08:05:39.208 [info] > git status -z -uall [226ms]
2024-05-23 08:05:44.250 [info] > git config --get commit.template [10ms]
2024-05-23 08:05:44.253 [info] > git for-each-ref --format=%(refname)%00%(upstream:short)%00%(objectname)%00%(upstream:track)%00%(upstream:remotename)%00%(upstream:remoteref) refs/heads/main refs/remotes/main [4ms]
2024-05-23 08:05:44.307 [info] > git status -z -uall [45ms]
2024-05-23 08:05:49.343 [info] > git config --get commit.template [9ms]
2024-05-23 08:05:49.346 [info] > git for-each-ref --format=%(refname)%00%(upstream:short)%00%(objectname)%00%(upstream:track)%00%(upstream:remotename)%00%(upstream:remoteref) refs/heads/main refs/remotes/main [4ms]
2024-05-23 08:05:49.399 [info] > git status -z -uall [45ms]
2024-05-23 08:05:54.435 [info] > git config --get commit.template [9ms]
2024-05-23 08:05:54.438 [info] > git for-each-ref --format=%(refname)%00%(upstream:short)%00%(objectname)%00%(upstream:track)%00%(upstream:remotename)%00%(upstream:remoteref) refs/heads/main refs/remotes/main [4ms]
2024-05-23 08:05:54.491 [info] > git status -z -uall [45ms]
2024-05-23 08:05:59.526 [info] > git config --get commit.template [10ms]
2024-05-23 08:05:59.528 [info] > git for-each-ref --format=%(refname)%00%(upstream:short)%00%(objectname)%00%(upstream:track)%00%(upstream:remotename)%00%(upstream:remoteref) refs/heads/main refs/remotes/main [4ms]
2024-05-23 08:05:59.582 [info] > git status -z -uall [44ms]
2024-05-23 08:06:04.622 [info] > git config --get commit.template [10ms]
2024-05-23 08:06:04.624 [info] > git for-each-ref --format=%(refname)%00%(upstream:short)%00%(objectname)%00%(upstream:track)%00%(upstream:remotename)%00%(upstream:remoteref) refs/heads/main refs/remotes/main [4ms]
2024-05-23 08:06:04.678 [info] > git status -z -uall [45ms]
2024-05-23 08:06:09.719 [info] > git config --get commit.template [11ms]
2024-05-23 08:06:09.722 [info] > git for-each-ref --format=%(refname)%00%(upstream:short)%00%(objectname)%00%(upstream:track)%00%(upstream:remotename)%00%(upstream:remoteref) refs/heads/main refs/remotes/main [6ms]
2024-05-23 08:06:09.782 [info] > git status -z -uall [50ms]
2024-05-23 08:06:13.174 [info] > git check-ignore -v -z --stdin [4ms]
2024-05-23 08:06:14.821 [info] > git config --get commit.template [12ms]
2024-05-23 08:06:14.822 [info] > git for-each-ref --format=%(refname)%00%(upstream:short)%00%(objectname)%00%(upstream:track)%00%(upstream:remotename)%00%(upstream:remoteref) refs/heads/main refs/remotes/main [4ms]
2024-05-23 08:06:14.883 [info] > git status -z -uall [51ms]
2024-05-23 08:06:15.708 [info] > git check-ignore -v -z --stdin [5ms]
2024-05-23 08:06:19.933 [info] > git config --get commit.template [12ms]
2024-05-23 08:06:19.936 [info] > git for-each-ref --format=%(refname)%00%(upstream:short)%00%(objectname)%00%(upstream:track)%00%(upstream:remotename)%00%(upstream:remoteref) refs/heads/main refs/remotes/main [5ms]
2024-05-23 08:06:20.015 [info] > git status -z -uall [68ms]
2024-05-23 08:06:22.110 [info] > git show --textconv :Adwaita/gtk-contained.scss [11ms]
2024-05-23 08:06:22.118 [info] > git ls-files --stage -- /home/cyper/.config/Adwaita/gtk-contained.scss [8ms]
2024-05-23 08:06:25.051 [info] > git config --get commit.template [10ms]
2024-05-23 08:06:25.053 [info] > git for-each-ref --format=%(refname)%00%(upstream:short)%00%(objectname)%00%(upstream:track)%00%(upstream:remotename)%00%(upstream:remoteref) refs/heads/main refs/remotes/main [3ms]
2024-05-23 08:06:25.121 [info] > git status -z -uall [59ms]
2024-05-23 08:06:30.894 [info] > git check-ignore -v -z --stdin [5ms]
2024-05-23 08:06:32.092 [info] > git config --get commit.template [12ms]
2024-05-23 08:06:32.095 [info] > git for-each-ref --format=%(refname)%00%(upstream:short)%00%(objectname)%00%(upstream:track)%00%(upstream:remotename)%00%(upstream:remoteref) refs/heads/main refs/remotes/main [4ms]
2024-05-23 08:06:32.152 [info] > git status -z -uall [47ms]
2024-05-23 08:06:36.731 [info] > git show --textconv :Adwaita/_colors.scss [11ms]
2024-05-23 08:06:36.734 [info] > git ls-files --stage -- /home/cyper/.config/Adwaita/_colors.scss [3ms]
2024-05-23 08:06:37.192 [info] > git config --get commit.template [11ms]
2024-05-23 08:06:37.195 [info] > git for-each-ref --format=%(refname)%00%(upstream:short)%00%(objectname)%00%(upstream:track)%00%(upstream:remotename)%00%(upstream:remoteref) refs/heads/main refs/remotes/main [3ms]
2024-05-23 08:06:37.253 [info] > git status -z -uall [48ms]
2024-05-23 08:06:42.288 [info] > git config --get commit.template [10ms]
2024-05-23 08:06:42.290 [info] > git for-each-ref --format=%(refname)%00%(upstream:short)%00%(objectname)%00%(upstream:track)%00%(upstream:remotename)%00%(upstream:remoteref) refs/heads/main refs/remotes/main [4ms]
2024-05-23 08:06:42.351 [info] > git status -z -uall [49ms]
2024-05-23 08:06:47.392 [info] > git for-each-ref --format=%(refname)%00%(upstream:short)%00%(objectname)%00%(upstream:track)%00%(upstream:remotename)%00%(upstream:remoteref) refs/heads/main refs/remotes/main [6ms]
2024-05-23 08:06:47.392 [info] > git config --get commit.template [15ms]
2024-05-23 08:06:47.448 [info] > git status -z -uall [45ms]
2024-05-23 08:06:52.483 [info] > git config --get commit.template [11ms]
2024-05-23 08:06:52.485 [info] > git for-each-ref --format=%(refname)%00%(upstream:short)%00%(objectname)%00%(upstream:track)%00%(upstream:remotename)%00%(upstream:remoteref) refs/heads/main refs/remotes/main [4ms]
2024-05-23 08:06:52.542 [info] > git status -z -uall [47ms]
2024-05-23 08:06:57.579 [info] > git config --get commit.template [11ms]
2024-05-23 08:06:57.581 [info] > git for-each-ref --format=%(refname)%00%(upstream:short)%00%(objectname)%00%(upstream:track)%00%(upstream:remotename)%00%(upstream:remoteref) refs/heads/main refs/remotes/main [4ms]
2024-05-23 08:06:57.662 [info] > git status -z -uall [71ms]
2024-05-23 08:07:02.704 [info] > git config --get commit.template [12ms]
2024-05-23 08:07:02.706 [info] > git for-each-ref --format=%(refname)%00%(upstream:short)%00%(objectname)%00%(upstream:track)%00%(upstream:remotename)%00%(upstream:remoteref) refs/heads/main refs/remotes/main [4ms]
2024-05-23 08:07:02.788 [info] > git status -z -uall [69ms]
2024-05-23 08:07:07.834 [info] > git config --get commit.template [13ms]
2024-05-23 08:07:07.839 [info] > git for-each-ref --format=%(refname)%00%(upstream:short)%00%(objectname)%00%(upstream:track)%00%(upstream:remotename)%00%(upstream:remoteref) refs/heads/main refs/remotes/main [6ms]
2024-05-23 08:07:07.930 [info] > git status -z -uall [79ms]
2024-05-23 08:07:12.969 [info] > git config --get commit.template [10ms]
2024-05-23 08:07:12.974 [info] > git for-each-ref --format=%(refname)%00%(upstream:short)%00%(objectname)%00%(upstream:track)%00%(upstream:remotename)%00%(upstream:remoteref) refs/heads/main refs/remotes/main [7ms]
2024-05-23 08:07:13.121 [info] > git status -z -uall [138ms]
2024-05-23 08:07:18.186 [info] > git config --get commit.template [36ms]
2024-05-23 08:07:18.195 [info] > git for-each-ref --format=%(refname)%00%(upstream:short)%00%(objectname)%00%(upstream:track)%00%(upstream:remotename)%00%(upstream:remoteref) refs/heads/main refs/remotes/main [34ms]
2024-05-23 08:07:18.370 [info] > git status -z -uall [164ms]
2024-05-23 08:07:23.404 [info] > git config --get commit.template [11ms]
2024-05-23 08:07:23.406 [info] > git for-each-ref --format=%(refname)%00%(upstream:short)%00%(objectname)%00%(upstream:track)%00%(upstream:remotename)%00%(upstream:remoteref) refs/heads/main refs/remotes/main [3ms]
2024-05-23 08:07:23.462 [info] > git status -z -uall [46ms]
2024-05-23 08:07:28.513 [info] > git config --get commit.template [13ms]
2024-05-23 08:07:28.520 [info] > git for-each-ref --format=%(refname)%00%(upstream:short)%00%(objectname)%00%(upstream:track)%00%(upstream:remotename)%00%(upstream:remoteref) refs/heads/main refs/remotes/main [12ms]
2024-05-23 08:07:28.692 [info] > git status -z -uall [162ms]
2024-05-23 08:07:33.763 [info] > git config --get commit.template [39ms]
2024-05-23 08:07:33.771 [info] > git for-each-ref --format=%(refname)%00%(upstream:short)%00%(objectname)%00%(upstream:track)%00%(upstream:remotename)%00%(upstream:remoteref) refs/heads/main refs/remotes/main [36ms]
2024-05-23 08:07:33.962 [info] > git status -z -uall [181ms]
2024-05-23 08:07:40.643 [info] > git config --get commit.template [619ms]
2024-05-23 08:07:41.497 [info] > git for-each-ref --format=%(refname)%00%(upstream:short)%00%(objectname)%00%(upstream:track)%00%(upstream:remotename)%00%(upstream:remoteref) refs/heads/main refs/remotes/main [540ms]
2024-05-23 08:07:44.204 [info] > git status -z -uall [2444ms]
2024-05-23 08:14:12.149 [info] > git config --get commit.template [65ms]
2024-05-23 08:14:12.155 [info] > git for-each-ref --format=%(refname)%00%(upstream:short)%00%(objectname)%00%(upstream:track)%00%(upstream:remotename)%00%(upstream:remoteref) refs/heads/main refs/remotes/main [51ms]
2024-05-23 08:14:12.390 [info] > git status -z -uall [205ms]
2024-05-23 08:14:17.447 [info] > git config --get commit.template [15ms]
2024-05-23 08:14:17.451 [info] > git for-each-ref --format=%(refname)%00%(upstream:short)%00%(objectname)%00%(upstream:track)%00%(upstream:remotename)%00%(upstream:remoteref) refs/heads/main refs/remotes/main [6ms]
2024-05-23 08:14:17.510 [info] > git status -z -uall [46ms]
2024-05-23 08:14:20.767 [info] > git show --textconv :Adwaita/gtk-contained.scss [13ms]
2024-05-23 08:14:20.771 [info] > git ls-files --stage -- /home/cyper/.config/Adwaita/gtk-contained.scss [7ms]
2024-05-23 08:14:22.542 [info] > git config --get commit.template [3ms]
2024-05-23 08:14:22.557 [info] > git for-each-ref --format=%(refname)%00%(upstream:short)%00%(objectname)%00%(upstream:track)%00%(upstream:remotename)%00%(upstream:remoteref) refs/heads/main refs/remotes/main [4ms]
2024-05-23 08:14:22.624 [info] > git status -z -uall [54ms]
2024-05-23 08:14:23.590 [info] > git show --textconv :Adwaita/gtk-contained.css [19ms]
2024-05-23 08:14:23.600 [info] > git ls-files --stage -- /home/cyper/.config/Adwaita/gtk-contained.css [13ms]
2024-05-23 08:14:27.677 [info] > git config --get commit.template [14ms]
2024-05-23 08:14:27.684 [info] > git for-each-ref --format=%(refname)%00%(upstream:short)%00%(objectname)%00%(upstream:track)%00%(upstream:remotename)%00%(upstream:remoteref) refs/heads/main refs/remotes/main [10ms]
2024-05-23 08:14:27.858 [info] > git status -z -uall [162ms]
2024-05-23 08:14:32.902 [info] > git config --get commit.template [12ms]
2024-05-23 08:14:32.904 [info] > git for-each-ref --format=%(refname)%00%(upstream:short)%00%(objectname)%00%(upstream:track)%00%(upstream:remotename)%00%(upstream:remoteref) refs/heads/main refs/remotes/main [4ms]
2024-05-23 08:14:32.959 [info] > git status -z -uall [45ms]
2024-05-23 08:14:38.001 [info] > git config --get commit.template [13ms]
2024-05-23 08:14:38.004 [info] > git for-each-ref --format=%(refname)%00%(upstream:short)%00%(objectname)%00%(upstream:track)%00%(upstream:remotename)%00%(upstream:remoteref) refs/heads/main refs/remotes/main [5ms]
2024-05-23 08:14:38.065 [info] > git status -z -uall [49ms]
2024-05-23 08:14:43.109 [info] > git config --get commit.template [15ms]
2024-05-23 08:14:43.112 [info] > git for-each-ref --format=%(refname)%00%(upstream:short)%00%(objectname)%00%(upstream:track)%00%(upstream:remotename)%00%(upstream:remoteref) refs/heads/main refs/remotes/main [5ms]
2024-05-23 08:14:43.169 [info] > git status -z -uall [45ms]
2024-05-23 08:14:48.197 [info] > git config --get commit.template [3ms]
2024-05-23 08:14:48.211 [info] > git for-each-ref --format=%(refname)%00%(upstream:short)%00%(objectname)%00%(upstream:track)%00%(upstream:remotename)%00%(upstream:remoteref) refs/heads/main refs/remotes/main [4ms]
2024-05-23 08:14:48.268 [info] > git status -z -uall [46ms]
2024-05-23 08:14:53.307 [info] > git config --get commit.template [13ms]
2024-05-23 08:14:53.312 [info] > git for-each-ref --format=%(refname)%00%(upstream:short)%00%(objectname)%00%(upstream:track)%00%(upstream:remotename)%00%(upstream:remoteref) refs/heads/main refs/remotes/main [7ms]
2024-05-23 08:14:53.385 [info] > git status -z -uall [53ms]
2024-05-23 08:14:58.447 [info] > git config --get commit.template [28ms]
2024-05-23 08:14:58.454 [info] > git for-each-ref --format=%(refname)%00%(upstream:short)%00%(objectname)%00%(upstream:track)%00%(upstream:remotename)%00%(upstream:remoteref) refs/heads/main refs/remotes/main [23ms]
2024-05-23 08:14:58.632 [info] > git status -z -uall [167ms]
2024-05-23 08:15:03.669 [info] > git config --get commit.template [13ms]
2024-05-23 08:15:03.671 [info] > git for-each-ref --format=%(refname)%00%(upstream:short)%00%(objectname)%00%(upstream:track)%00%(upstream:remotename)%00%(upstream:remoteref) refs/heads/main refs/remotes/main [4ms]
2024-05-23 08:15:03.728 [info] > git status -z -uall [46ms]
2024-05-23 08:15:04.722 [info] > git show --textconv :gtk-3.0/gtk.css [12ms]
2024-05-23 08:15:04.725 [info] > git ls-files --stage -- /home/cyper/.config/gtk-3.0/gtk.css [4ms]
2024-05-23 08:15:04.738 [info] > git cat-file -s c0eab44b1262f3e9603b7dd9398edaacc5662b96 [3ms]
2024-05-23 08:15:08.768 [info] > git config --get commit.template [11ms]
2024-05-23 08:15:08.770 [info] > git for-each-ref --format=%(refname)%00%(upstream:short)%00%(objectname)%00%(upstream:track)%00%(upstream:remotename)%00%(upstream:remoteref) refs/heads/main refs/remotes/main [4ms]
2024-05-23 08:15:08.826 [info] > git status -z -uall [46ms]
2024-05-23 08:15:13.862 [info] > git config --get commit.template [11ms]
2024-05-23 08:15:13.864 [info] > git for-each-ref --format=%(refname)%00%(upstream:short)%00%(objectname)%00%(upstream:track)%00%(upstream:remotename)%00%(upstream:remoteref) refs/heads/main refs/remotes/main [4ms]
2024-05-23 08:15:13.929 [info] > git status -z -uall [55ms]
2024-05-23 08:15:18.968 [info] > git config --get commit.template [12ms]
2024-05-23 08:15:18.971 [info] > git for-each-ref --format=%(refname)%00%(upstream:short)%00%(objectname)%00%(upstream:track)%00%(upstream:remotename)%00%(upstream:remoteref) refs/heads/main refs/remotes/main [5ms]
2024-05-23 08:15:19.064 [info] > git status -z -uall [82ms]
2024-05-23 08:15:24.093 [info] > git config --get commit.template [4ms]
2024-05-23 08:15:24.107 [info] > git for-each-ref --format=%(refname)%00%(upstream:short)%00%(objectname)%00%(upstream:track)%00%(upstream:remotename)%00%(upstream:remoteref) refs/heads/main refs/remotes/main [4ms]
2024-05-23 08:15:24.164 [info] > git status -z -uall [45ms]
2024-05-23 08:15:28.121 [info] > git ls-files --stage -- /home/cyper/.config/Adwaita/gtk.css [27ms]
2024-05-23 08:15:28.126 [info] > git show --textconv :Adwaita/gtk.css [43ms]
2024-05-23 08:15:29.206 [info] > git config --get commit.template [13ms]
2024-05-23 08:15:29.220 [info] > git for-each-ref --format=%(refname)%00%(upstream:short)%00%(objectname)%00%(upstream:track)%00%(upstream:remotename)%00%(upstream:remoteref) refs/heads/main refs/remotes/main [18ms]
2024-05-23 08:15:29.399 [info] > git status -z -uall [168ms]
2024-05-23 08:15:45.503 [info] > git config --get commit.template [3102ms]
2024-05-23 08:15:49.117 [info] > git for-each-ref --format=%(refname)%00%(upstream:short)%00%(objectname)%00%(upstream:track)%00%(upstream:remotename)%00%(upstream:remoteref) refs/heads/main refs/remotes/main [1475ms]
2024-05-23 08:15:56.880 [info] > git status -z -uall [4626ms]
2024-05-23 08:30:19.049 [info] > git show --textconv :Adwaita/gtk-contained.css [29ms]
2024-05-23 08:30:19.051 [info] > git ls-files --stage -- /home/cyper/.config/Adwaita/gtk-contained.css [26ms]
2024-05-23 08:44:43.806 [info] > git config --get commit.template [6ms]
2024-05-23 08:44:43.838 [info] > git for-each-ref --format=%(refname)%00%(upstream:short)%00%(objectname)%00%(upstream:track)%00%(upstream:remotename)%00%(upstream:remoteref) refs/heads/main refs/remotes/main [21ms]
2024-05-23 08:44:44.005 [info] > git status -z -uall [155ms]
2024-05-23 08:44:59.501 [info] > git config --get commit.template [15ms]
2024-05-23 08:44:59.505 [info] > git for-each-ref --format=%(refname)%00%(upstream:short)%00%(objectname)%00%(upstream:track)%00%(upstream:remotename)%00%(upstream:remoteref) refs/heads/main refs/remotes/main [5ms]
2024-05-23 08:44:59.597 [info] > git status -z -uall [78ms]
2024-05-23 08:45:05.415 [info] > git config --get commit.template [14ms]
2024-05-23 08:45:05.419 [info] > git for-each-ref --format=%(refname)%00%(upstream:short)%00%(objectname)%00%(upstream:track)%00%(upstream:remotename)%00%(upstream:remoteref) refs/heads/main refs/remotes/main [6ms]
2024-05-23 08:45:05.475 [info] > git status -z -uall [45ms]
2024-05-23 08:45:10.515 [info] > git config --get commit.template [12ms]
2024-05-23 08:45:10.518 [info] > git for-each-ref --format=%(refname)%00%(upstream:short)%00%(objectname)%00%(upstream:track)%00%(upstream:remotename)%00%(upstream:remoteref) refs/heads/main refs/remotes/main [3ms]
2024-05-23 08:45:10.574 [info] > git status -z -uall [46ms]
2024-05-23 08:45:15.615 [info] > git config --get commit.template [11ms]
2024-05-23 08:45:15.618 [info] > git for-each-ref --format=%(refname)%00%(upstream:short)%00%(objectname)%00%(upstream:track)%00%(upstream:remotename)%00%(upstream:remoteref) refs/heads/main refs/remotes/main [4ms]
2024-05-23 08:45:15.672 [info] > git status -z -uall [45ms]
2024-05-23 08:45:20.710 [info] > git config --get commit.template [11ms]
2024-05-23 08:45:20.712 [info] > git for-each-ref --format=%(refname)%00%(upstream:short)%00%(objectname)%00%(upstream:track)%00%(upstream:remotename)%00%(upstream:remoteref) refs/heads/main refs/remotes/main [4ms]
2024-05-23 08:45:20.775 [info] > git status -z -uall [53ms]
2024-05-23 08:45:25.109 [info] > git show --textconv :Adwaita/_colors.scss [20ms]
2024-05-23 08:45:25.113 [info] > git ls-files --stage -- /home/cyper/.config/Adwaita/_colors.scss [6ms]
2024-05-23 08:45:25.820 [info] > git config --get commit.template [13ms]
2024-05-23 08:45:25.823 [info] > git for-each-ref --format=%(refname)%00%(upstream:short)%00%(objectname)%00%(upstream:track)%00%(upstream:remotename)%00%(upstream:remoteref) refs/heads/main refs/remotes/main [5ms]
2024-05-23 08:45:25.880 [info] > git status -z -uall [46ms]
2024-05-23 08:45:30.920 [info] > git config --get commit.template [13ms]
2024-05-23 08:45:30.924 [info] > git for-each-ref --format=%(refname)%00%(upstream:short)%00%(objectname)%00%(upstream:track)%00%(upstream:remotename)%00%(upstream:remoteref) refs/heads/main refs/remotes/main [4ms]
2024-05-23 08:45:30.993 [info] > git status -z -uall [57ms]
2024-05-23 08:45:36.033 [info] > git config --get commit.template [13ms]
2024-05-23 08:45:36.036 [info] > git for-each-ref --format=%(refname)%00%(upstream:short)%00%(objectname)%00%(upstream:track)%00%(upstream:remotename)%00%(upstream:remoteref) refs/heads/main refs/remotes/main [4ms]
2024-05-23 08:45:36.091 [info] > git status -z -uall [45ms]
2024-05-23 08:45:41.130 [info] > git config --get commit.template [13ms]
2024-05-23 08:45:41.132 [info] > git for-each-ref --format=%(refname)%00%(upstream:short)%00%(objectname)%00%(upstream:track)%00%(upstream:remotename)%00%(upstream:remoteref) refs/heads/main refs/remotes/main [5ms]
2024-05-23 08:45:41.191 [info] > git status -z -uall [46ms]
2024-05-23 08:45:46.232 [info] > git config --get commit.template [11ms]
2024-05-23 08:45:46.234 [info] > git for-each-ref --format=%(refname)%00%(upstream:short)%00%(objectname)%00%(upstream:track)%00%(upstream:remotename)%00%(upstream:remoteref) refs/heads/main refs/remotes/main [3ms]
2024-05-23 08:45:46.290 [info] > git status -z -uall [46ms]
2024-05-23 08:45:51.329 [info] > git config --get commit.template [12ms]
2024-05-23 08:45:51.331 [info] > git for-each-ref --format=%(refname)%00%(upstream:short)%00%(objectname)%00%(upstream:track)%00%(upstream:remotename)%00%(upstream:remoteref) refs/heads/main refs/remotes/main [4ms]
2024-05-23 08:45:51.401 [info] > git status -z -uall [58ms]
2024-05-23 08:45:56.436 [info] > git config --get commit.template [11ms]
2024-05-23 08:45:56.438 [info] > git for-each-ref --format=%(refname)%00%(upstream:short)%00%(objectname)%00%(upstream:track)%00%(upstream:remotename)%00%(upstream:remoteref) refs/heads/main refs/remotes/main [4ms]
2024-05-23 08:45:56.495 [info] > git status -z -uall [46ms]
2024-05-23 08:46:01.533 [info] > git config --get commit.template [13ms]
2024-05-23 08:46:01.536 [info] > git for-each-ref --format=%(refname)%00%(upstream:short)%00%(objectname)%00%(upstream:track)%00%(upstream:remotename)%00%(upstream:remoteref) refs/heads/main refs/remotes/main [4ms]
2024-05-23 08:46:01.593 [info] > git status -z -uall [46ms]
2024-05-23 08:46:06.634 [info] > git config --get commit.template [13ms]
2024-05-23 08:46:06.637 [info] > git for-each-ref --format=%(refname)%00%(upstream:short)%00%(objectname)%00%(upstream:track)%00%(upstream:remotename)%00%(upstream:remoteref) refs/heads/main refs/remotes/main [5ms]
2024-05-23 08:46:06.693 [info] > git status -z -uall [46ms]
2024-05-23 08:46:11.737 [info] > git config --get commit.template [11ms]
2024-05-23 08:46:11.739 [info] > git for-each-ref --format=%(refname)%00%(upstream:short)%00%(objectname)%00%(upstream:track)%00%(upstream:remotename)%00%(upstream:remoteref) refs/heads/main refs/remotes/main [4ms]
2024-05-23 08:46:11.796 [info] > git status -z -uall [46ms]
2024-05-23 08:46:16.834 [info] > git config --get commit.template [12ms]
2024-05-23 08:46:16.835 [info] > git for-each-ref --format=%(refname)%00%(upstream:short)%00%(objectname)%00%(upstream:track)%00%(upstream:remotename)%00%(upstream:remoteref) refs/heads/main refs/remotes/main [4ms]
2024-05-23 08:46:16.892 [info] > git status -z -uall [46ms]
2024-05-23 08:46:21.930 [info] > git config --get commit.template [13ms]
2024-05-23 08:46:21.931 [info] > git for-each-ref --format=%(refname)%00%(upstream:short)%00%(objectname)%00%(upstream:track)%00%(upstream:remotename)%00%(upstream:remoteref) refs/heads/main refs/remotes/main [4ms]
2024-05-23 08:46:21.991 [info] > git status -z -uall [48ms]
2024-05-23 08:46:27.028 [info] > git config --get commit.template [11ms]
2024-05-23 08:46:27.030 [info] > git for-each-ref --format=%(refname)%00%(upstream:short)%00%(objectname)%00%(upstream:track)%00%(upstream:remotename)%00%(upstream:remoteref) refs/heads/main refs/remotes/main [4ms]
2024-05-23 08:46:27.090 [info] > git status -z -uall [50ms]
2024-05-23 08:46:29.392 [info] > git show --textconv :Adwaita/gtk-contained.css [16ms]
2024-05-23 08:46:29.426 [info] > git ls-files --stage -- /home/cyper/.config/Adwaita/gtk-contained.css [37ms]
2024-05-23 08:46:32.126 [info] > git config --get commit.template [10ms]
2024-05-23 08:46:32.128 [info] > git for-each-ref --format=%(refname)%00%(upstream:short)%00%(objectname)%00%(upstream:track)%00%(upstream:remotename)%00%(upstream:remoteref) refs/heads/main refs/remotes/main [4ms]
2024-05-23 08:46:32.184 [info] > git status -z -uall [46ms]
2024-05-23 08:46:37.226 [info] > git config --get commit.template [13ms]
2024-05-23 08:46:37.230 [info] > git for-each-ref --format=%(refname)%00%(upstream:short)%00%(objectname)%00%(upstream:track)%00%(upstream:remotename)%00%(upstream:remoteref) refs/heads/main refs/remotes/main [5ms]
2024-05-23 08:46:37.285 [info] > git status -z -uall [45ms]
2024-05-23 08:46:42.323 [info] > git config --get commit.template [12ms]
2024-05-23 08:46:42.326 [info] > git for-each-ref --format=%(refname)%00%(upstream:short)%00%(objectname)%00%(upstream:track)%00%(upstream:remotename)%00%(upstream:remoteref) refs/heads/main refs/remotes/main [5ms]
2024-05-23 08:46:42.384 [info] > git status -z -uall [48ms]
2024-05-23 08:46:47.421 [info] > git config --get commit.template [11ms]
2024-05-23 08:46:47.423 [info] > git for-each-ref --format=%(refname)%00%(upstream:short)%00%(objectname)%00%(upstream:track)%00%(upstream:remotename)%00%(upstream:remoteref) refs/heads/main refs/remotes/main [4ms]
2024-05-23 08:46:47.477 [info] > git status -z -uall [44ms]
2024-05-23 08:46:52.183 [info] > git show --textconv :gtk-3.0/gtk.css [24ms]
2024-05-23 08:46:52.188 [info] > git ls-files --stage -- /home/cyper/.config/gtk-3.0/gtk.css [11ms]
2024-05-23 08:46:52.213 [info] > git cat-file -s c0eab44b1262f3e9603b7dd9398edaacc5662b96 [6ms]
2024-05-23 08:46:52.517 [info] > git config --get commit.template [14ms]
2024-05-23 08:46:52.520 [info] > git for-each-ref --format=%(refname)%00%(upstream:short)%00%(objectname)%00%(upstream:track)%00%(upstream:remotename)%00%(upstream:remoteref) refs/heads/main refs/remotes/main [5ms]
2024-05-23 08:46:52.579 [info] > git status -z -uall [48ms]
2024-05-23 08:46:54.627 [info] > git show --textconv :gtk-4.0/gtk.css [20ms]
2024-05-23 08:46:54.629 [info] > git ls-files --stage -- /home/cyper/.config/gtk-4.0/gtk.css [3ms]
2024-05-23 08:46:54.643 [info] > git cat-file -s 7443c030f4455f22a284114ef8a1166ceba193dd [4ms]
2024-05-23 08:46:56.417 [info] > git show --textconv :gtk-3.0/gtk.css [12ms]
2024-05-23 08:46:56.420 [info] > git ls-files --stage -- /home/cyper/.config/gtk-3.0/gtk.css [4ms]
2024-05-23 08:46:56.434 [info] > git cat-file -s c0eab44b1262f3e9603b7dd9398edaacc5662b96 [5ms]
2024-05-23 08:46:57.624 [info] > git for-each-ref --format=%(refname)%00%(upstream:short)%00%(objectname)%00%(upstream:track)%00%(upstream:remotename)%00%(upstream:remoteref) refs/heads/main refs/remotes/main [8ms]
2024-05-23 08:46:57.625 [info] > git config --get commit.template [21ms]
2024-05-23 08:46:57.691 [info] > git status -z -uall [52ms]
2024-05-23 08:46:57.966 [info] > git show --textconv :gtk-4.0/gtk.css [13ms]
2024-05-23 08:46:57.969 [info] > git ls-files --stage -- /home/cyper/.config/gtk-4.0/gtk.css [5ms]
2024-05-23 08:46:57.983 [info] > git cat-file -s 7443c030f4455f22a284114ef8a1166ceba193dd [4ms]
2024-05-23 08:47:00.105 [info] > git show --textconv :gtk-3.0/gtk.css [11ms]
2024-05-23 08:47:00.108 [info] > git ls-files --stage -- /home/cyper/.config/gtk-3.0/gtk.css [5ms]
2024-05-23 08:47:00.121 [info] > git cat-file -s c0eab44b1262f3e9603b7dd9398edaacc5662b96 [4ms]
2024-05-23 08:47:02.739 [info] > git config --get commit.template [11ms]
2024-05-23 08:47:02.742 [info] > git for-each-ref --format=%(refname)%00%(upstream:short)%00%(objectname)%00%(upstream:track)%00%(upstream:remotename)%00%(upstream:remoteref) refs/heads/main refs/remotes/main [3ms]
2024-05-23 08:47:02.800 [info] > git status -z -uall [48ms]
2024-05-23 08:47:07.837 [info] > git config --get commit.template [12ms]
2024-05-23 08:47:07.839 [info] > git for-each-ref --format=%(refname)%00%(upstream:short)%00%(objectname)%00%(upstream:track)%00%(upstream:remotename)%00%(upstream:remoteref) refs/heads/main refs/remotes/main [4ms]
2024-05-23 08:47:07.894 [info] > git status -z -uall [46ms]
2024-05-23 08:47:12.942 [info] > git for-each-ref --format=%(refname)%00%(upstream:short)%00%(objectname)%00%(upstream:track)%00%(upstream:remotename)%00%(upstream:remoteref) refs/heads/main refs/remotes/main [7ms]
2024-05-23 08:47:12.942 [info] > git config --get commit.template [20ms]
2024-05-23 08:47:13.035 [info] > git status -z -uall [80ms]
2024-05-23 08:47:18.075 [info] > git config --get commit.template [12ms]
2024-05-23 08:47:18.078 [info] > git for-each-ref --format=%(refname)%00%(upstream:short)%00%(objectname)%00%(upstream:track)%00%(upstream:remotename)%00%(upstream:remoteref) refs/heads/main refs/remotes/main [5ms]
2024-05-23 08:47:18.135 [info] > git status -z -uall [46ms]
2024-05-23 08:47:23.172 [info] > git config --get commit.template [13ms]
2024-05-23 08:47:23.176 [info] > git for-each-ref --format=%(refname)%00%(upstream:short)%00%(objectname)%00%(upstream:track)%00%(upstream:remotename)%00%(upstream:remoteref) refs/heads/main refs/remotes/main [5ms]
2024-05-23 08:47:23.240 [info] > git status -z -uall [53ms]
2024-05-23 08:47:28.279 [info] > git config --get commit.template [11ms]
2024-05-23 08:47:28.281 [info] > git for-each-ref --format=%(refname)%00%(upstream:short)%00%(objectname)%00%(upstream:track)%00%(upstream:remotename)%00%(upstream:remoteref) refs/heads/main refs/remotes/main [4ms]
2024-05-23 08:47:28.336 [info] > git status -z -uall [45ms]
2024-05-23 08:47:33.375 [info] > git config --get commit.template [12ms]
2024-05-23 08:47:33.379 [info] > git for-each-ref --format=%(refname)%00%(upstream:short)%00%(objectname)%00%(upstream:track)%00%(upstream:remotename)%00%(upstream:remoteref) refs/heads/main refs/remotes/main [5ms]
2024-05-23 08:47:33.447 [info] > git status -z -uall [57ms]
